CRITICAL - 2021-12-20 04:35:02 --> Call to undefined function CodeIgniter\locale_set_default()
#0 E:\faza\backend\Z-CI4 - coba\transline\system\bootstrap.php(146): CodeIgniter\CodeIgniter->initialize()
#1 E:\faza\backend\Z-CI4 - coba\transline\spark(45): require('E:\\faza\\backend...')
#2 {main}
CRITICAL - 2021-12-20 04:35:58 --> Call to undefined function CodeIgniter\locale_set_default()
#0 E:\faza\backend\Z-CI4 - coba\transline\system\bootstrap.php(146): CodeIgniter\CodeIgniter->initialize()
#1 E:\faza\backend\Z-CI4 - coba\transline\spark(45): require('E:\\faza\\backend...')
#2 {main}
CRITICAL - 2021-12-20 04:38:52 --> Call to undefined function CodeIgniter\locale_set_default()
#0 E:\faza\backend\transline\system\bootstrap.php(146): CodeIgniter\CodeIgniter->initialize()
#1 E:\faza\backend\transline\spark(45): require('E:\\faza\\backend...')
#2 {main}
ERROR - 2021-12-20 04:12:36 --> Cannot add or update a child row: a foreign key constraint fails (`transportasi`.`ticket`, CONSTRAINT `ticket_ibfk_1` FOREIGN KEY (`id`) REFERENCES `kereta` (`id`))
CRITICAL - 2021-12-20 04:12:36 --> Cannot add or update a child row: a foreign key constraint fails (`transportasi`.`ticket`, CONSTRAINT `ticket_ibfk_1` FOREIGN KEY (`id`) REFERENCES `kereta` (`id`))
#0 E:\faza\backend\transline\system\Database\MySQLi\Connection.php(280): mysqli->query('INSERT INTO `ti...')
#1 E:\faza\backend\transline\system\Database\BaseConnection.php(663): CodeIgniter\Database\MySQLi\Connection->execute('INSERT INTO `ti...')
#2 E:\faza\backend\transline\system\Database\BaseConnection.php(591): CodeIgniter\Database\BaseConnection->simpleQuery('INSERT INTO `ti...')
#3 E:\faza\backend\transline\system\Database\BaseBuilder.php(1733): CodeIgniter\Database\BaseConnection->query('INSERT INTO `ti...', Array, false)
#4 E:\faza\backend\transline\system\Model.php(239): CodeIgniter\Database\BaseBuilder->insert()
#5 E:\faza\backend\transline\system\BaseModel.php(738): CodeIgniter\Model->doInsert(Array)
#6 E:\faza\backend\transline\system\Model.php(620): CodeIgniter\BaseModel->insert(Array, false)
#7 E:\faza\backend\transline\system\BaseModel.php(658): CodeIgniter\Model->insert(Array, false)
#8 E:\faza\backend\transline\app\Controllers\Ticket.php(99): CodeIgniter\BaseModel->save(Array)
#9 E:\faza\backend\transline\system\CodeIgniter.php(802): App\Controllers\Ticket->save()
#10 E:\faza\backend\transline\system\CodeIgniter.php(399): CodeIgniter\CodeIgniter->runController(Object(App\Controllers\Ticket))
#11 E:\faza\backend\transline\system\CodeIgniter.php(317): CodeIgniter\CodeIgniter->handleRequest(NULL, Object(Config\Cache), false)
#12 E:\faza\backend\transline\public\index.php(37): CodeIgniter\CodeIgniter->run()
#13 E:\faza\backend\transline\system\Commands\Server\rewrite.php(43): require_once('E:\\faza\\backend...')
#14 {main}
ERROR - 2021-12-20 08:19:36 --> Unknown column 'jurusan' in 'field list'
CRITICAL - 2021-12-20 08:19:36 --> Unknown column 'jurusan' in 'field list'
#0 E:\faza\backend\transline\system\Database\MySQLi\Connection.php(280): mysqli->query('INSERT INTO `ti...')
#1 E:\faza\backend\transline\system\Database\BaseConnection.php(663): CodeIgniter\Database\MySQLi\Connection->execute('INSERT INTO `ti...')
#2 E:\faza\backend\transline\system\Database\BaseConnection.php(591): CodeIgniter\Database\BaseConnection->simpleQuery('INSERT INTO `ti...')
#3 E:\faza\backend\transline\system\Database\BaseBuilder.php(1733): CodeIgniter\Database\BaseConnection->query('INSERT INTO `ti...', Array, false)
#4 E:\faza\backend\transline\system\Model.php(239): CodeIgniter\Database\BaseBuilder->insert()
#5 E:\faza\backend\transline\system\BaseModel.php(738): CodeIgniter\Model->doInsert(Array)
#6 E:\faza\backend\transline\system\Model.php(620): CodeIgniter\BaseModel->insert(Array, false)
#7 E:\faza\backend\transline\system\BaseModel.php(658): CodeIgniter\Model->insert(Array, false)
#8 E:\faza\backend\transline\app\Controllers\Ticket.php(99): CodeIgniter\BaseModel->save(Array)
#9 E:\faza\backend\transline\system\CodeIgniter.php(802): App\Controllers\Ticket->save()
#10 E:\faza\backend\transline\system\CodeIgniter.php(399): CodeIgniter\CodeIgniter->runController(Object(App\Controllers\Ticket))
#11 E:\faza\backend\transline\system\CodeIgniter.php(317): CodeIgniter\CodeIgniter->handleRequest(NULL, Object(Config\Cache), false)
#12 E:\faza\backend\transline\public\index.php(37): CodeIgniter\CodeIgniter->run()
#13 E:\faza\backend\transline\system\Commands\Server\rewrite.php(43): require_once('E:\\faza\\backend...')
#14 {main}
ERROR - 2021-12-20 08:20:34 --> Cannot add or update a child row: a foreign key constraint fails (`transportasi`.`ticket`, CONSTRAINT `ticket_ibfk_1` FOREIGN KEY (`id`) REFERENCES `kereta` (`id`))
CRITICAL - 2021-12-20 08:20:34 --> Cannot add or update a child row: a foreign key constraint fails (`transportasi`.`ticket`, CONSTRAINT `ticket_ibfk_1` FOREIGN KEY (`id`) REFERENCES `kereta` (`id`))
#0 E:\faza\backend\transline\system\Database\MySQLi\Connection.php(280): mysqli->query('INSERT INTO `ti...')
#1 E:\faza\backend\transline\system\Database\BaseConnection.php(663): CodeIgniter\Database\MySQLi\Connection->execute('INSERT INTO `ti...')
#2 E:\faza\backend\transline\system\Database\BaseConnection.php(591): CodeIgniter\Database\BaseConnection->simpleQuery('INSERT INTO `ti...')
#3 E:\faza\backend\transline\system\Database\BaseBuilder.php(1733): CodeIgniter\Database\BaseConnection->query('INSERT INTO `ti...', Array, false)
#4 E:\faza\backend\transline\system\Model.php(239): CodeIgniter\Database\BaseBuilder->insert()
#5 E:\faza\backend\transline\system\BaseModel.php(738): CodeIgniter\Model->doInsert(Array)
#6 E:\faza\backend\transline\system\Model.php(620): CodeIgniter\BaseModel->insert(Array, false)
#7 E:\faza\backend\transline\system\BaseModel.php(658): CodeIgniter\Model->insert(Array, false)
#8 E:\faza\backend\transline\app\Controllers\Ticket.php(99): CodeIgniter\BaseModel->save(Array)
#9 E:\faza\backend\transline\system\CodeIgniter.php(802): App\Controllers\Ticket->save()
#10 E:\faza\backend\transline\system\CodeIgniter.php(399): CodeIgniter\CodeIgniter->runController(Object(App\Controllers\Ticket))
#11 E:\faza\backend\transline\system\CodeIgniter.php(317): CodeIgniter\CodeIgniter->handleRequest(NULL, Object(Config\Cache), false)
#12 E:\faza\backend\transline\public\index.php(37): CodeIgniter\CodeIgniter->run()
#13 E:\faza\backend\transline\system\Commands\Server\rewrite.php(43): require_once('E:\\faza\\backend...')
#14 {main}
ERROR - 2021-12-20 08:30:36 --> Cannot add or update a child row: a foreign key constraint fails (`transportasi`.`ticket`, CONSTRAINT `ticket_ibfk_1` FOREIGN KEY (`id`) REFERENCES `kereta` (`id`))
CRITICAL - 2021-12-20 08:30:36 --> Cannot add or update a child row: a foreign key constraint fails (`transportasi`.`ticket`, CONSTRAINT `ticket_ibfk_1` FOREIGN KEY (`id`) REFERENCES `kereta` (`id`))
#0 E:\faza\backend\transline\system\Database\MySQLi\Connection.php(280): mysqli->query('INSERT INTO `ti...')
#1 E:\faza\backend\transline\system\Database\BaseConnection.php(663): CodeIgniter\Database\MySQLi\Connection->execute('INSERT INTO `ti...')
#2 E:\faza\backend\transline\system\Database\BaseConnection.php(591): CodeIgniter\Database\BaseConnection->simpleQuery('INSERT INTO `ti...')
#3 E:\faza\backend\transline\system\Database\BaseBuilder.php(1733): CodeIgniter\Database\BaseConnection->query('INSERT INTO `ti...', Array, false)
#4 E:\faza\backend\transline\system\Model.php(239): CodeIgniter\Database\BaseBuilder->insert()
#5 E:\faza\backend\transline\system\BaseModel.php(738): CodeIgniter\Model->doInsert(Array)
#6 E:\faza\backend\transline\system\Model.php(620): CodeIgniter\BaseModel->insert(Array, false)
#7 E:\faza\backend\transline\system\BaseModel.php(658): CodeIgniter\Model->insert(Array, false)
#8 E:\faza\backend\transline\app\Controllers\Ticket.php(99): CodeIgniter\BaseModel->save(Array)
#9 E:\faza\backend\transline\system\CodeIgniter.php(802): App\Controllers\Ticket->save()
#10 E:\faza\backend\transline\system\CodeIgniter.php(399): CodeIgniter\CodeIgniter->runController(Object(App\Controllers\Ticket))
#11 E:\faza\backend\transline\system\CodeIgniter.php(317): CodeIgniter\CodeIgniter->handleRequest(NULL, Object(Config\Cache), false)
#12 E:\faza\backend\transline\public\index.php(37): CodeIgniter\CodeIgniter->run()
#13 E:\faza\backend\transline\system\Commands\Server\rewrite.php(43): require_once('E:\\faza\\backend...')
#14 {main}
CRITICAL - 2021-12-20 08:44:26 --> Undefined array key "id_ticket"
#0 E:\faza\backend\transline\app\Views\ticket\detail.php(31): CodeIgniter\Debug\Exceptions->errorHandler(2, 'Undefined array...', 'E:\\faza\\backend...', 31)
#1 E:\faza\backend\transline\system\View\View.php(214): include('E:\\faza\\backend...')
#2 E:\faza\backend\transline\system\View\View.php(217): CodeIgniter\View\View->CodeIgniter\View\{closure}()
#3 E:\faza\backend\transline\system\Common.php(1092): CodeIgniter\View\View->render('ticket/detail', Array, true)
#4 E:\faza\backend\transline\app\Controllers\Ticket.php(39): view('ticket/detail', Array)
#5 E:\faza\backend\transline\system\CodeIgniter.php(802): App\Controllers\Ticket->detail('')
#6 E:\faza\backend\transline\system\CodeIgniter.php(399): CodeIgniter\CodeIgniter->runController(Object(App\Controllers\Ticket))
#7 E:\faza\backend\transline\system\CodeIgniter.php(317): CodeIgniter\CodeIgniter->handleRequest(NULL, Object(Config\Cache), false)
#8 E:\faza\backend\transline\public\index.php(37): CodeIgniter\CodeIgniter->run()
#9 E:\faza\backend\transline\system\Commands\Server\rewrite.php(43): require_once('E:\\faza\\backend...')
#10 {main}
CRITICAL - 2021-12-20 08:44:34 --> Undefined array key "id_ticket"
#0 E:\faza\backend\transline\app\Views\ticket\detail.php(31): CodeIgniter\Debug\Exceptions->errorHandler(2, 'Undefined array...', 'E:\\faza\\backend...', 31)
#1 E:\faza\backend\transline\system\View\View.php(214): include('E:\\faza\\backend...')
#2 E:\faza\backend\transline\system\View\View.php(217): CodeIgniter\View\View->CodeIgniter\View\{closure}()
#3 E:\faza\backend\transline\system\Common.php(1092): CodeIgniter\View\View->render('ticket/detail', Array, true)
#4 E:\faza\backend\transline\app\Controllers\Ticket.php(39): view('ticket/detail', Array)
#5 E:\faza\backend\transline\system\CodeIgniter.php(802): App\Controllers\Ticket->detail('')
#6 E:\faza\backend\transline\system\CodeIgniter.php(399): CodeIgniter\CodeIgniter->runController(Object(App\Controllers\Ticket))
#7 E:\faza\backend\transline\system\CodeIgniter.php(317): CodeIgniter\CodeIgniter->handleRequest(NULL, Object(Config\Cache), false)
#8 E:\faza\backend\transline\public\index.php(37): CodeIgniter\CodeIgniter->run()
#9 E:\faza\backend\transline\system\Commands\Server\rewrite.php(43): require_once('E:\\faza\\backend...')
#10 {main}
CRITICAL - 2021-12-20 08:44:51 --> Undefined property: stdClass::$waktu_berangkat
#0 E:\faza\backend\transline\app\Views\ticket\index.php(42): CodeIgniter\Debug\Exceptions->errorHandler(2, 'Undefined prope...', 'E:\\faza\\backend...', 42)
#1 E:\faza\backend\transline\system\View\View.php(214): include('E:\\faza\\backend...')
#2 E:\faza\backend\transline\system\View\View.php(217): CodeIgniter\View\View->CodeIgniter\View\{closure}()
#3 E:\faza\backend\transline\system\Common.php(1092): CodeIgniter\View\View->render('ticket/index', Array, true)
#4 E:\faza\backend\transline\app\Controllers\Ticket.php(23): view('ticket/index', Array)
#5 E:\faza\backend\transline\system\CodeIgniter.php(802): App\Controllers\Ticket->index()
#6 E:\faza\backend\transline\system\CodeIgniter.php(399): CodeIgniter\CodeIgniter->runController(Object(App\Controllers\Ticket))
#7 E:\faza\backend\transline\system\CodeIgniter.php(317): CodeIgniter\CodeIgniter->handleRequest(NULL, Object(Config\Cache), false)
#8 E:\faza\backend\transline\public\index.php(37): CodeIgniter\CodeIgniter->run()
#9 E:\faza\backend\transline\system\Commands\Server\rewrite.php(43): require_once('E:\\faza\\backend...')
#10 {main}
CRITICAL - 2021-12-20 08:55:37 --> Undefined property: App\Controllers\Ticket::$TicketModel
#0 E:\faza\backend\transline\app\Controllers\Ticket.php(19): CodeIgniter\Debug\Exceptions->errorHandler(2, 'Undefined prope...', 'E:\\faza\\backend...', 19)
#1 E:\faza\backend\transline\system\CodeIgniter.php(802): App\Controllers\Ticket->index()
#2 E:\faza\backend\transline\system\CodeIgniter.php(399): CodeIgniter\CodeIgniter->runController(Object(App\Controllers\Ticket))
#3 E:\faza\backend\transline\system\CodeIgniter.php(317): CodeIgniter\CodeIgniter->handleRequest(NULL, Object(Config\Cache), false)
#4 E:\faza\backend\transline\public\index.php(37): CodeIgniter\CodeIgniter->run()
#5 E:\faza\backend\transline\system\Commands\Server\rewrite.php(43): require_once('E:\\faza\\backend...')
#6 {main}
CRITICAL - 2021-12-20 08:57:00 --> Undefined variable $id_ticket
#0 E:\faza\backend\transline\app\Controllers\Ticket.php(21): CodeIgniter\Debug\Exceptions->errorHandler(2, 'Undefined varia...', 'E:\\faza\\backend...', 21)
#1 E:\faza\backend\transline\system\CodeIgniter.php(802): App\Controllers\Ticket->index()
#2 E:\faza\backend\transline\system\CodeIgniter.php(399): CodeIgniter\CodeIgniter->runController(Object(App\Controllers\Ticket))
#3 E:\faza\backend\transline\system\CodeIgniter.php(317): CodeIgniter\CodeIgniter->handleRequest(NULL, Object(Config\Cache), false)
#4 E:\faza\backend\transline\public\index.php(37): CodeIgniter\CodeIgniter->run()
#5 E:\faza\backend\transline\system\Commands\Server\rewrite.php(43): require_once('E:\\faza\\backend...')
#6 {main}
CRITICAL - 2021-12-20 08:59:01 --> Undefined property: stdClass::$waktu_berangkat
#0 E:\faza\backend\transline\app\Views\ticket\index.php(42): CodeIgniter\Debug\Exceptions->errorHandler(2, 'Undefined prope...', 'E:\\faza\\backend...', 42)
#1 E:\faza\backend\transline\system\View\View.php(214): include('E:\\faza\\backend...')
#2 E:\faza\backend\transline\system\View\View.php(217): CodeIgniter\View\View->CodeIgniter\View\{closure}()
#3 E:\faza\backend\transline\system\Common.php(1092): CodeIgniter\View\View->render('ticket/index', Array, true)
#4 E:\faza\backend\transline\app\Controllers\Ticket.php(23): view('ticket/index', Array)
#5 E:\faza\backend\transline\system\CodeIgniter.php(802): App\Controllers\Ticket->index()
#6 E:\faza\backend\transline\system\CodeIgniter.php(399): CodeIgniter\CodeIgniter->runController(Object(App\Controllers\Ticket))
#7 E:\faza\backend\transline\system\CodeIgniter.php(317): CodeIgniter\CodeIgniter->handleRequest(NULL, Object(Config\Cache), false)
#8 E:\faza\backend\transline\public\index.php(37): CodeIgniter\CodeIgniter->run()
#9 E:\faza\backend\transline\system\Commands\Server\rewrite.php(43): require_once('E:\\faza\\backend...')
#10 {main}
CRITICAL - 2021-12-20 09:30:57 --> Trying to access array offset on value of type null
#0 E:\faza\backend\transline\app\Views\kereta\detail.php(31): CodeIgniter\Debug\Exceptions->errorHandler(2, 'Trying to acces...', 'E:\\faza\\backend...', 31)
#1 E:\faza\backend\transline\system\View\View.php(214): include('E:\\faza\\backend...')
#2 E:\faza\backend\transline\system\View\View.php(217): CodeIgniter\View\View->CodeIgniter\View\{closure}()
#3 E:\faza\backend\transline\system\Common.php(1092): CodeIgniter\View\View->render('kereta/detail', Array, true)
#4 E:\faza\backend\transline\app\Controllers\Kereta.php(39): view('kereta/detail', Array)
#5 E:\faza\backend\transline\system\CodeIgniter.php(802): App\Controllers\Kereta->detail('jadwal', '6')
#6 E:\faza\backend\transline\system\CodeIgniter.php(399): CodeIgniter\CodeIgniter->runController(Object(App\Controllers\Kereta))
#7 E:\faza\backend\transline\system\CodeIgniter.php(317): CodeIgniter\CodeIgniter->handleRequest(NULL, Object(Config\Cache), false)
#8 E:\faza\backend\transline\public\index.php(37): CodeIgniter\CodeIgniter->run()
#9 E:\faza\backend\transline\system\Commands\Server\rewrite.php(43): require_once('E:\\faza\\backend...')
#10 {main}
