CRITICAL - 2021-12-15 00:58:27 --> Trying to access array offset on value of type null
#0 D:\Z-CI4 - coba\app\Views\tiket\detail.php(31): CodeIgniter\Debug\Exceptions->errorHandler(2, 'Trying to acces...', 'D:\\Z-CI4 - coba...', 31)
#1 D:\Z-CI4 - coba\system\View\View.php(214): include('D:\\Z-CI4 - coba...')
#2 D:\Z-CI4 - coba\system\View\View.php(217): CodeIgniter\View\View->CodeIgniter\View\{closure}()
#3 D:\Z-CI4 - coba\system\Common.php(1092): CodeIgniter\View\View->render('tiket/detail', Array, true)
#4 D:\Z-CI4 - coba\app\Controllers\Tiket.php(42): view('tiket/detail', Array)
#5 D:\Z-CI4 - coba\system\CodeIgniter.php(802): App\Controllers\Tiket->detail('delete', '6')
#6 D:\Z-CI4 - coba\system\CodeIgniter.php(399): CodeIgniter\CodeIgniter->runController(Object(App\Controllers\Tiket))
#7 D:\Z-CI4 - coba\system\CodeIgniter.php(317): CodeIgniter\CodeIgniter->handleRequest(NULL, Object(Config\Cache), false)
#8 D:\Z-CI4 - coba\public\index.php(37): CodeIgniter\CodeIgniter->run()
#9 D:\Z-CI4 - coba\system\Commands\Server\rewrite.php(43): require_once('D:\\Z-CI4 - coba...')
#10 {main}
CRITICAL - 2021-12-15 00:59:15 --> Trying to access array offset on value of type null
#0 D:\Z-CI4 - coba\app\Views\tiket\detail.php(31): CodeIgniter\Debug\Exceptions->errorHandler(2, 'Trying to acces...', 'D:\\Z-CI4 - coba...', 31)
#1 D:\Z-CI4 - coba\system\View\View.php(214): include('D:\\Z-CI4 - coba...')
#2 D:\Z-CI4 - coba\system\View\View.php(217): CodeIgniter\View\View->CodeIgniter\View\{closure}()
#3 D:\Z-CI4 - coba\system\Common.php(1092): CodeIgniter\View\View->render('tiket/detail', Array, true)
#4 D:\Z-CI4 - coba\app\Controllers\Tiket.php(42): view('tiket/detail', Array)
#5 D:\Z-CI4 - coba\system\CodeIgniter.php(802): App\Controllers\Tiket->detail('delete', '6')
#6 D:\Z-CI4 - coba\system\CodeIgniter.php(399): CodeIgniter\CodeIgniter->runController(Object(App\Controllers\Tiket))
#7 D:\Z-CI4 - coba\system\CodeIgniter.php(317): CodeIgniter\CodeIgniter->handleRequest(NULL, Object(Config\Cache), false)
#8 D:\Z-CI4 - coba\public\index.php(37): CodeIgniter\CodeIgniter->run()
#9 D:\Z-CI4 - coba\system\Commands\Server\rewrite.php(43): require_once('D:\\Z-CI4 - coba...')
#10 {main}
CRITICAL - 2021-12-15 01:00:42 --> Trying to access array offset on value of type null
#0 D:\Z-CI4 - coba\app\Views\tiket\detail.php(31): CodeIgniter\Debug\Exceptions->errorHandler(2, 'Trying to acces...', 'D:\\Z-CI4 - coba...', 31)
#1 D:\Z-CI4 - coba\system\View\View.php(214): include('D:\\Z-CI4 - coba...')
#2 D:\Z-CI4 - coba\system\View\View.php(217): CodeIgniter\View\View->CodeIgniter\View\{closure}()
#3 D:\Z-CI4 - coba\system\Common.php(1092): CodeIgniter\View\View->render('tiket/detail', Array, true)
#4 D:\Z-CI4 - coba\app\Controllers\Tiket.php(42): view('tiket/detail', Array)
#5 D:\Z-CI4 - coba\system\CodeIgniter.php(802): App\Controllers\Tiket->detail('delete', '6')
#6 D:\Z-CI4 - coba\system\CodeIgniter.php(399): CodeIgniter\CodeIgniter->runController(Object(App\Controllers\Tiket))
#7 D:\Z-CI4 - coba\system\CodeIgniter.php(317): CodeIgniter\CodeIgniter->handleRequest(NULL, Object(Config\Cache), false)
#8 D:\Z-CI4 - coba\public\index.php(37): CodeIgniter\CodeIgniter->run()
#9 D:\Z-CI4 - coba\system\Commands\Server\rewrite.php(43): require_once('D:\\Z-CI4 - coba...')
#10 {main}
CRITICAL - 2021-12-15 01:01:33 --> Trying to access array offset on value of type null
#0 D:\Z-CI4 - coba\app\Views\tiket\detail.php(31): CodeIgniter\Debug\Exceptions->errorHandler(2, 'Trying to acces...', 'D:\\Z-CI4 - coba...', 31)
#1 D:\Z-CI4 - coba\system\View\View.php(214): include('D:\\Z-CI4 - coba...')
#2 D:\Z-CI4 - coba\system\View\View.php(217): CodeIgniter\View\View->CodeIgniter\View\{closure}()
#3 D:\Z-CI4 - coba\system\Common.php(1092): CodeIgniter\View\View->render('tiket/detail', Array, true)
#4 D:\Z-CI4 - coba\app\Controllers\Tiket.php(42): view('tiket/detail', Array)
#5 D:\Z-CI4 - coba\system\CodeIgniter.php(802): App\Controllers\Tiket->detail('delete', '6')
#6 D:\Z-CI4 - coba\system\CodeIgniter.php(399): CodeIgniter\CodeIgniter->runController(Object(App\Controllers\Tiket))
#7 D:\Z-CI4 - coba\system\CodeIgniter.php(317): CodeIgniter\CodeIgniter->handleRequest(NULL, Object(Config\Cache), false)
#8 D:\Z-CI4 - coba\public\index.php(37): CodeIgniter\CodeIgniter->run()
#9 D:\Z-CI4 - coba\system\Commands\Server\rewrite.php(43): require_once('D:\\Z-CI4 - coba...')
#10 {main}
CRITICAL - 2021-12-15 01:01:39 --> Trying to access array offset on value of type null
#0 D:\Z-CI4 - coba\app\Views\tiket\detail.php(31): CodeIgniter\Debug\Exceptions->errorHandler(2, 'Trying to acces...', 'D:\\Z-CI4 - coba...', 31)
#1 D:\Z-CI4 - coba\system\View\View.php(214): include('D:\\Z-CI4 - coba...')
#2 D:\Z-CI4 - coba\system\View\View.php(217): CodeIgniter\View\View->CodeIgniter\View\{closure}()
#3 D:\Z-CI4 - coba\system\Common.php(1092): CodeIgniter\View\View->render('tiket/detail', Array, true)
#4 D:\Z-CI4 - coba\app\Controllers\Tiket.php(42): view('tiket/detail', Array)
#5 D:\Z-CI4 - coba\system\CodeIgniter.php(802): App\Controllers\Tiket->detail('delete', '6')
#6 D:\Z-CI4 - coba\system\CodeIgniter.php(399): CodeIgniter\CodeIgniter->runController(Object(App\Controllers\Tiket))
#7 D:\Z-CI4 - coba\system\CodeIgniter.php(317): CodeIgniter\CodeIgniter->handleRequest(NULL, Object(Config\Cache), false)
#8 D:\Z-CI4 - coba\public\index.php(37): CodeIgniter\CodeIgniter->run()
#9 D:\Z-CI4 - coba\system\Commands\Server\rewrite.php(43): require_once('D:\\Z-CI4 - coba...')
#10 {main}
CRITICAL - 2021-12-15 01:02:03 --> Trying to access array offset on value of type null
#0 D:\Z-CI4 - coba\app\Views\tiket\detail.php(31): CodeIgniter\Debug\Exceptions->errorHandler(2, 'Trying to acces...', 'D:\\Z-CI4 - coba...', 31)
#1 D:\Z-CI4 - coba\system\View\View.php(214): include('D:\\Z-CI4 - coba...')
#2 D:\Z-CI4 - coba\system\View\View.php(217): CodeIgniter\View\View->CodeIgniter\View\{closure}()
#3 D:\Z-CI4 - coba\system\Common.php(1092): CodeIgniter\View\View->render('tiket/detail', Array, true)
#4 D:\Z-CI4 - coba\app\Controllers\Tiket.php(42): view('tiket/detail', Array)
#5 D:\Z-CI4 - coba\system\CodeIgniter.php(802): App\Controllers\Tiket->detail('delete', '6')
#6 D:\Z-CI4 - coba\system\CodeIgniter.php(399): CodeIgniter\CodeIgniter->runController(Object(App\Controllers\Tiket))
#7 D:\Z-CI4 - coba\system\CodeIgniter.php(317): CodeIgniter\CodeIgniter->handleRequest(NULL, Object(Config\Cache), false)
#8 D:\Z-CI4 - coba\public\index.php(37): CodeIgniter\CodeIgniter->run()
#9 D:\Z-CI4 - coba\system\Commands\Server\rewrite.php(43): require_once('D:\\Z-CI4 - coba...')
#10 {main}
CRITICAL - 2021-12-15 01:02:18 --> Trying to access array offset on value of type null
#0 D:\Z-CI4 - coba\app\Views\tiket\detail.php(31): CodeIgniter\Debug\Exceptions->errorHandler(2, 'Trying to acces...', 'D:\\Z-CI4 - coba...', 31)
#1 D:\Z-CI4 - coba\system\View\View.php(214): include('D:\\Z-CI4 - coba...')
#2 D:\Z-CI4 - coba\system\View\View.php(217): CodeIgniter\View\View->CodeIgniter\View\{closure}()
#3 D:\Z-CI4 - coba\system\Common.php(1092): CodeIgniter\View\View->render('tiket/detail', Array, true)
#4 D:\Z-CI4 - coba\app\Controllers\Tiket.php(42): view('tiket/detail', Array)
#5 D:\Z-CI4 - coba\system\CodeIgniter.php(802): App\Controllers\Tiket->detail('delete', '6')
#6 D:\Z-CI4 - coba\system\CodeIgniter.php(399): CodeIgniter\CodeIgniter->runController(Object(App\Controllers\Tiket))
#7 D:\Z-CI4 - coba\system\CodeIgniter.php(317): CodeIgniter\CodeIgniter->handleRequest(NULL, Object(Config\Cache), false)
#8 D:\Z-CI4 - coba\public\index.php(37): CodeIgniter\CodeIgniter->run()
#9 D:\Z-CI4 - coba\system\Commands\Server\rewrite.php(43): require_once('D:\\Z-CI4 - coba...')
#10 {main}
CRITICAL - 2021-12-15 01:07:45 --> Array callback must have exactly two elements
#0 D:\Z-CI4 - coba\system\View\View.php(214): include()
#1 D:\Z-CI4 - coba\system\View\View.php(217): CodeIgniter\View\View->CodeIgniter\View\{closure}()
#2 D:\Z-CI4 - coba\system\Common.php(1092): CodeIgniter\View\View->render('tiket/detail', Array, true)
#3 D:\Z-CI4 - coba\app\Controllers\Tiket.php(42): view('tiket/detail', Array)
#4 D:\Z-CI4 - coba\system\CodeIgniter.php(802): App\Controllers\Tiket->detail('fdfasa')
#5 D:\Z-CI4 - coba\system\CodeIgniter.php(399): CodeIgniter\CodeIgniter->runController(Object(App\Controllers\Tiket))
#6 D:\Z-CI4 - coba\system\CodeIgniter.php(317): CodeIgniter\CodeIgniter->handleRequest(NULL, Object(Config\Cache), false)
#7 D:\Z-CI4 - coba\public\index.php(37): CodeIgniter\CodeIgniter->run()
#8 D:\Z-CI4 - coba\system\Commands\Server\rewrite.php(43): require_once('D:\\Z-CI4 - coba...')
#9 {main}
CRITICAL - 2021-12-15 01:08:05 --> Trying to access array offset on value of type null
#0 D:\Z-CI4 - coba\app\Views\tiket\detail.php(31): CodeIgniter\Debug\Exceptions->errorHandler(2, 'Trying to acces...', 'D:\\Z-CI4 - coba...', 31)
#1 D:\Z-CI4 - coba\system\View\View.php(214): include('D:\\Z-CI4 - coba...')
#2 D:\Z-CI4 - coba\system\View\View.php(217): CodeIgniter\View\View->CodeIgniter\View\{closure}()
#3 D:\Z-CI4 - coba\system\Common.php(1092): CodeIgniter\View\View->render('tiket/detail', Array, true)
#4 D:\Z-CI4 - coba\app\Controllers\Tiket.php(42): view('tiket/detail', Array)
#5 D:\Z-CI4 - coba\system\CodeIgniter.php(802): App\Controllers\Tiket->detail('delete', '6')
#6 D:\Z-CI4 - coba\system\CodeIgniter.php(399): CodeIgniter\CodeIgniter->runController(Object(App\Controllers\Tiket))
#7 D:\Z-CI4 - coba\system\CodeIgniter.php(317): CodeIgniter\CodeIgniter->handleRequest(NULL, Object(Config\Cache), false)
#8 D:\Z-CI4 - coba\public\index.php(37): CodeIgniter\CodeIgniter->run()
#9 D:\Z-CI4 - coba\system\Commands\Server\rewrite.php(43): require_once('D:\\Z-CI4 - coba...')
#10 {main}
CRITICAL - 2021-12-15 01:10:33 --> Trying to access array offset on value of type null
#0 D:\Z-CI4 - coba\app\Views\tiket\detail.php(31): CodeIgniter\Debug\Exceptions->errorHandler(2, 'Trying to acces...', 'D:\\Z-CI4 - coba...', 31)
#1 D:\Z-CI4 - coba\system\View\View.php(214): include('D:\\Z-CI4 - coba...')
#2 D:\Z-CI4 - coba\system\View\View.php(217): CodeIgniter\View\View->CodeIgniter\View\{closure}()
#3 D:\Z-CI4 - coba\system\Common.php(1092): CodeIgniter\View\View->render('tiket/detail', Array, true)
#4 D:\Z-CI4 - coba\app\Controllers\Tiket.php(42): view('tiket/detail', Array)
#5 D:\Z-CI4 - coba\system\CodeIgniter.php(802): App\Controllers\Tiket->detail('delete', '6')
#6 D:\Z-CI4 - coba\system\CodeIgniter.php(399): CodeIgniter\CodeIgniter->runController(Object(App\Controllers\Tiket))
#7 D:\Z-CI4 - coba\system\CodeIgniter.php(317): CodeIgniter\CodeIgniter->handleRequest(NULL, Object(Config\Cache), false)
#8 D:\Z-CI4 - coba\public\index.php(37): CodeIgniter\CodeIgniter->run()
#9 D:\Z-CI4 - coba\system\Commands\Server\rewrite.php(43): require_once('D:\\Z-CI4 - coba...')
#10 {main}
CRITICAL - 2021-12-15 01:34:40 --> Trying to access array offset on value of type null
#0 D:\Z-CI4 - coba\app\Views\tiket\detail.php(31): CodeIgniter\Debug\Exceptions->errorHandler(2, 'Trying to acces...', 'D:\\Z-CI4 - coba...', 31)
#1 D:\Z-CI4 - coba\system\View\View.php(214): include('D:\\Z-CI4 - coba...')
#2 D:\Z-CI4 - coba\system\View\View.php(217): CodeIgniter\View\View->CodeIgniter\View\{closure}()
#3 D:\Z-CI4 - coba\system\Common.php(1092): CodeIgniter\View\View->render('tiket/detail', Array, true)
#4 D:\Z-CI4 - coba\app\Controllers\Tiket.php(42): view('tiket/detail', Array)
#5 D:\Z-CI4 - coba\system\CodeIgniter.php(802): App\Controllers\Tiket->detail('delete', '6')
#6 D:\Z-CI4 - coba\system\CodeIgniter.php(399): CodeIgniter\CodeIgniter->runController(Object(App\Controllers\Tiket))
#7 D:\Z-CI4 - coba\system\CodeIgniter.php(317): CodeIgniter\CodeIgniter->handleRequest(NULL, Object(Config\Cache), false)
#8 D:\Z-CI4 - coba\public\index.php(37): CodeIgniter\CodeIgniter->run()
#9 D:\Z-CI4 - coba\system\Commands\Server\rewrite.php(43): require_once('D:\\Z-CI4 - coba...')
#10 {main}
CRITICAL - 2021-12-15 01:35:58 --> Trying to access array offset on value of type null
#0 D:\Z-CI4 - coba\app\Views\tiket\detail.php(31): CodeIgniter\Debug\Exceptions->errorHandler(2, 'Trying to acces...', 'D:\\Z-CI4 - coba...', 31)
#1 D:\Z-CI4 - coba\system\View\View.php(214): include('D:\\Z-CI4 - coba...')
#2 D:\Z-CI4 - coba\system\View\View.php(217): CodeIgniter\View\View->CodeIgniter\View\{closure}()
#3 D:\Z-CI4 - coba\system\Common.php(1092): CodeIgniter\View\View->render('tiket/detail', Array, true)
#4 D:\Z-CI4 - coba\app\Controllers\Tiket.php(42): view('tiket/detail', Array)
#5 D:\Z-CI4 - coba\system\CodeIgniter.php(802): App\Controllers\Tiket->detail('delete', '6')
#6 D:\Z-CI4 - coba\system\CodeIgniter.php(399): CodeIgniter\CodeIgniter->runController(Object(App\Controllers\Tiket))
#7 D:\Z-CI4 - coba\system\CodeIgniter.php(317): CodeIgniter\CodeIgniter->handleRequest(NULL, Object(Config\Cache), false)
#8 D:\Z-CI4 - coba\public\index.php(37): CodeIgniter\CodeIgniter->run()
#9 D:\Z-CI4 - coba\system\Commands\Server\rewrite.php(43): require_once('D:\\Z-CI4 - coba...')
#10 {main}
