CRITICAL - 2021-12-19 02:23:06 --> Trying to access array offset on value of type null
#0 D:\Z-CI4 - coba\transline\app\Views\kereta\detail.php(31): CodeIgniter\Debug\Exceptions->errorHandler(2, 'Trying to acces...', 'D:\\Z-CI4 - coba...', 31)
#1 D:\Z-CI4 - coba\transline\system\View\View.php(214): include('D:\\Z-CI4 - coba...')
#2 D:\Z-CI4 - coba\transline\system\View\View.php(217): CodeIgniter\View\View->CodeIgniter\View\{closure}()
#3 D:\Z-CI4 - coba\transline\system\Common.php(1092): CodeIgniter\View\View->render('kereta/detail', Array, true)
#4 D:\Z-CI4 - coba\transline\app\Controllers\Kereta.php(39): view('kereta/detail', Array)
#5 D:\Z-CI4 - coba\transline\system\CodeIgniter.php(802): App\Controllers\Kereta->detail('jadwal', '10')
#6 D:\Z-CI4 - coba\transline\system\CodeIgniter.php(399): CodeIgniter\CodeIgniter->runController(Object(App\Controllers\Kereta))
#7 D:\Z-CI4 - coba\transline\system\CodeIgniter.php(317): CodeIgniter\CodeIgniter->handleRequest(NULL, Object(Config\Cache), false)
#8 D:\Z-CI4 - coba\transline\public\index.php(37): CodeIgniter\CodeIgniter->run()
#9 D:\Z-CI4 - coba\transline\system\Commands\Server\rewrite.php(43): require_once('D:\\Z-CI4 - coba...')
#10 {main}
CRITICAL - 2021-12-19 02:31:16 --> Undefined variable $k
#0 D:\Z-CI4 - coba\transline\app\Views\tiket\index.php(38): CodeIgniter\Debug\Exceptions->errorHandler(2, 'Undefined varia...', 'D:\\Z-CI4 - coba...', 38)
#1 D:\Z-CI4 - coba\transline\system\View\View.php(214): include('D:\\Z-CI4 - coba...')
#2 D:\Z-CI4 - coba\transline\system\View\View.php(217): CodeIgniter\View\View->CodeIgniter\View\{closure}()
#3 D:\Z-CI4 - coba\transline\system\Common.php(1092): CodeIgniter\View\View->render('tiket/index', Array, true)
#4 D:\Z-CI4 - coba\transline\app\Controllers\Tiket.php(24): view('tiket/index', Array)
#5 D:\Z-CI4 - coba\transline\system\CodeIgniter.php(802): App\Controllers\Tiket->index()
#6 D:\Z-CI4 - coba\transline\system\CodeIgniter.php(399): CodeIgniter\CodeIgniter->runController(Object(App\Controllers\Tiket))
#7 D:\Z-CI4 - coba\transline\system\CodeIgniter.php(317): CodeIgniter\CodeIgniter->handleRequest(NULL, Object(Config\Cache), false)
#8 D:\Z-CI4 - coba\transline\public\index.php(37): CodeIgniter\CodeIgniter->run()
#9 D:\Z-CI4 - coba\transline\system\Commands\Server\rewrite.php(43): require_once('D:\\Z-CI4 - coba...')
#10 {main}
CRITICAL - 2021-12-19 03:58:58 --> Trying to access array offset on value of type null
#0 D:\Z-CI4 - coba\transline\app\Views\kereta\detail.php(31): CodeIgniter\Debug\Exceptions->errorHandler(2, 'Trying to acces...', 'D:\\Z-CI4 - coba...', 31)
#1 D:\Z-CI4 - coba\transline\system\View\View.php(214): include('D:\\Z-CI4 - coba...')
#2 D:\Z-CI4 - coba\transline\system\View\View.php(217): CodeIgniter\View\View->CodeIgniter\View\{closure}()
#3 D:\Z-CI4 - coba\transline\system\Common.php(1092): CodeIgniter\View\View->render('kereta/detail', Array, true)
#4 D:\Z-CI4 - coba\transline\app\Controllers\Kereta.php(39): view('kereta/detail', Array)
#5 D:\Z-CI4 - coba\transline\system\CodeIgniter.php(802): App\Controllers\Kereta->detail('jadwal', '10')
#6 D:\Z-CI4 - coba\transline\system\CodeIgniter.php(399): CodeIgniter\CodeIgniter->runController(Object(App\Controllers\Kereta))
#7 D:\Z-CI4 - coba\transline\system\CodeIgniter.php(317): CodeIgniter\CodeIgniter->handleRequest(NULL, Object(Config\Cache), false)
#8 D:\Z-CI4 - coba\transline\public\index.php(37): CodeIgniter\CodeIgniter->run()
#9 D:\Z-CI4 - coba\transline\system\Commands\Server\rewrite.php(43): require_once('D:\\Z-CI4 - coba...')
#10 {main}
CRITICAL - 2021-12-19 04:13:51 --> Undefined variable $kereta
#0 D:\Z-CI4 - coba\transline\app\Views\ticket\index.php(34): CodeIgniter\Debug\Exceptions->errorHandler(2, 'Undefined varia...', 'D:\\Z-CI4 - coba...', 34)
#1 D:\Z-CI4 - coba\transline\system\View\View.php(214): include('D:\\Z-CI4 - coba...')
#2 D:\Z-CI4 - coba\transline\system\View\View.php(217): CodeIgniter\View\View->CodeIgniter\View\{closure}()
#3 D:\Z-CI4 - coba\transline\system\Common.php(1092): CodeIgniter\View\View->render('ticket/index', Array, true)
#4 D:\Z-CI4 - coba\transline\app\Controllers\Ticket.php(23): view('ticket/index', Array)
#5 D:\Z-CI4 - coba\transline\system\CodeIgniter.php(802): App\Controllers\Ticket->index()
#6 D:\Z-CI4 - coba\transline\system\CodeIgniter.php(399): CodeIgniter\CodeIgniter->runController(Object(App\Controllers\Ticket))
#7 D:\Z-CI4 - coba\transline\system\CodeIgniter.php(317): CodeIgniter\CodeIgniter->handleRequest(NULL, Object(Config\Cache), false)
#8 D:\Z-CI4 - coba\transline\public\index.php(37): CodeIgniter\CodeIgniter->run()
#9 D:\Z-CI4 - coba\transline\system\Commands\Server\rewrite.php(43): require_once('D:\\Z-CI4 - coba...')
#10 {main}
ERROR - 2021-12-19 04:24:58 --> Cannot add or update a child row: a foreign key constraint fails (`transportasi`.`ticket`, CONSTRAINT `ticket_ibfk_1` FOREIGN KEY (`id`) REFERENCES `kereta` (`id`) ON DELETE CASCADE ON UPDATE CASCADE)
CRITICAL - 2021-12-19 04:24:58 --> Cannot add or update a child row: a foreign key constraint fails (`transportasi`.`ticket`, CONSTRAINT `ticket_ibfk_1` FOREIGN KEY (`id`) REFERENCES `kereta` (`id`) ON DELETE CASCADE ON UPDATE CASCADE)
#0 D:\Z-CI4 - coba\transline\system\Database\MySQLi\Connection.php(280): mysqli->query('INSERT INTO `ti...')
#1 D:\Z-CI4 - coba\transline\system\Database\BaseConnection.php(663): CodeIgniter\Database\MySQLi\Connection->execute('INSERT INTO `ti...')
#2 D:\Z-CI4 - coba\transline\system\Database\BaseConnection.php(591): CodeIgniter\Database\BaseConnection->simpleQuery('INSERT INTO `ti...')
#3 D:\Z-CI4 - coba\transline\system\Database\BaseBuilder.php(1733): CodeIgniter\Database\BaseConnection->query('INSERT INTO `ti...', Array, false)
#4 D:\Z-CI4 - coba\transline\system\Model.php(239): CodeIgniter\Database\BaseBuilder->insert()
#5 D:\Z-CI4 - coba\transline\system\BaseModel.php(738): CodeIgniter\Model->doInsert(Array)
#6 D:\Z-CI4 - coba\transline\system\Model.php(620): CodeIgniter\BaseModel->insert(Array, false)
#7 D:\Z-CI4 - coba\transline\system\BaseModel.php(658): CodeIgniter\Model->insert(Array, false)
#8 D:\Z-CI4 - coba\transline\app\Controllers\Ticket.php(99): CodeIgniter\BaseModel->save(Array)
#9 D:\Z-CI4 - coba\transline\system\CodeIgniter.php(802): App\Controllers\Ticket->save()
#10 D:\Z-CI4 - coba\transline\system\CodeIgniter.php(399): CodeIgniter\CodeIgniter->runController(Object(App\Controllers\Ticket))
#11 D:\Z-CI4 - coba\transline\system\CodeIgniter.php(317): CodeIgniter\CodeIgniter->handleRequest(NULL, Object(Config\Cache), false)
#12 D:\Z-CI4 - coba\transline\public\index.php(37): CodeIgniter\CodeIgniter->run()
#13 D:\Z-CI4 - coba\transline\system\Commands\Server\rewrite.php(43): require_once('D:\\Z-CI4 - coba...')
#14 {main}
ERROR - 2021-12-19 04:25:40 --> Cannot add or update a child row: a foreign key constraint fails (`transportasi`.`ticket`, CONSTRAINT `ticket_ibfk_1` FOREIGN KEY (`id`) REFERENCES `kereta` (`id`) ON DELETE CASCADE ON UPDATE CASCADE)
CRITICAL - 2021-12-19 04:25:40 --> Cannot add or update a child row: a foreign key constraint fails (`transportasi`.`ticket`, CONSTRAINT `ticket_ibfk_1` FOREIGN KEY (`id`) REFERENCES `kereta` (`id`) ON DELETE CASCADE ON UPDATE CASCADE)
#0 D:\Z-CI4 - coba\transline\system\Database\MySQLi\Connection.php(280): mysqli->query('INSERT INTO `ti...')
#1 D:\Z-CI4 - coba\transline\system\Database\BaseConnection.php(663): CodeIgniter\Database\MySQLi\Connection->execute('INSERT INTO `ti...')
#2 D:\Z-CI4 - coba\transline\system\Database\BaseConnection.php(591): CodeIgniter\Database\BaseConnection->simpleQuery('INSERT INTO `ti...')
#3 D:\Z-CI4 - coba\transline\system\Database\BaseBuilder.php(1733): CodeIgniter\Database\BaseConnection->query('INSERT INTO `ti...', Array, false)
#4 D:\Z-CI4 - coba\transline\system\Model.php(239): CodeIgniter\Database\BaseBuilder->insert()
#5 D:\Z-CI4 - coba\transline\system\BaseModel.php(738): CodeIgniter\Model->doInsert(Array)
#6 D:\Z-CI4 - coba\transline\system\Model.php(620): CodeIgniter\BaseModel->insert(Array, false)
#7 D:\Z-CI4 - coba\transline\system\BaseModel.php(658): CodeIgniter\Model->insert(Array, false)
#8 D:\Z-CI4 - coba\transline\app\Controllers\Ticket.php(99): CodeIgniter\BaseModel->save(Array)
#9 D:\Z-CI4 - coba\transline\system\CodeIgniter.php(802): App\Controllers\Ticket->save()
#10 D:\Z-CI4 - coba\transline\system\CodeIgniter.php(399): CodeIgniter\CodeIgniter->runController(Object(App\Controllers\Ticket))
#11 D:\Z-CI4 - coba\transline\system\CodeIgniter.php(317): CodeIgniter\CodeIgniter->handleRequest(NULL, Object(Config\Cache), false)
#12 D:\Z-CI4 - coba\transline\public\index.php(37): CodeIgniter\CodeIgniter->run()
#13 D:\Z-CI4 - coba\transline\system\Commands\Server\rewrite.php(43): require_once('D:\\Z-CI4 - coba...')
#14 {main}
ERROR - 2021-12-19 04:31:55 --> Cannot add or update a child row: a foreign key constraint fails (`transportasi`.`ticket`, CONSTRAINT `ticket_ibfk_1` FOREIGN KEY (`id`) REFERENCES `kereta` (`id`) ON DELETE CASCADE ON UPDATE CASCADE)
CRITICAL - 2021-12-19 04:31:55 --> Cannot add or update a child row: a foreign key constraint fails (`transportasi`.`ticket`, CONSTRAINT `ticket_ibfk_1` FOREIGN KEY (`id`) REFERENCES `kereta` (`id`) ON DELETE CASCADE ON UPDATE CASCADE)
#0 D:\Z-CI4 - coba\transline\system\Database\MySQLi\Connection.php(280): mysqli->query('INSERT INTO `ti...')
#1 D:\Z-CI4 - coba\transline\system\Database\BaseConnection.php(663): CodeIgniter\Database\MySQLi\Connection->execute('INSERT INTO `ti...')
#2 D:\Z-CI4 - coba\transline\system\Database\BaseConnection.php(591): CodeIgniter\Database\BaseConnection->simpleQuery('INSERT INTO `ti...')
#3 D:\Z-CI4 - coba\transline\system\Database\BaseBuilder.php(1733): CodeIgniter\Database\BaseConnection->query('INSERT INTO `ti...', Array, false)
#4 D:\Z-CI4 - coba\transline\system\Model.php(239): CodeIgniter\Database\BaseBuilder->insert()
#5 D:\Z-CI4 - coba\transline\system\BaseModel.php(738): CodeIgniter\Model->doInsert(Array)
#6 D:\Z-CI4 - coba\transline\system\Model.php(620): CodeIgniter\BaseModel->insert(Array, false)
#7 D:\Z-CI4 - coba\transline\system\BaseModel.php(658): CodeIgniter\Model->insert(Array, false)
#8 D:\Z-CI4 - coba\transline\app\Controllers\Ticket.php(99): CodeIgniter\BaseModel->save(Array)
#9 D:\Z-CI4 - coba\transline\system\CodeIgniter.php(802): App\Controllers\Ticket->save()
#10 D:\Z-CI4 - coba\transline\system\CodeIgniter.php(399): CodeIgniter\CodeIgniter->runController(Object(App\Controllers\Ticket))
#11 D:\Z-CI4 - coba\transline\system\CodeIgniter.php(317): CodeIgniter\CodeIgniter->handleRequest(NULL, Object(Config\Cache), false)
#12 D:\Z-CI4 - coba\transline\public\index.php(37): CodeIgniter\CodeIgniter->run()
#13 D:\Z-CI4 - coba\transline\system\Commands\Server\rewrite.php(43): require_once('D:\\Z-CI4 - coba...')
#14 {main}
ERROR - 2021-12-19 05:22:50 --> Cannot add or update a child row: a foreign key constraint fails (`transportasi`.`ticket`, CONSTRAINT `ticket_ibfk_1` FOREIGN KEY (`id`) REFERENCES `kereta` (`id`) ON DELETE CASCADE ON UPDATE CASCADE)
CRITICAL - 2021-12-19 05:22:50 --> Cannot add or update a child row: a foreign key constraint fails (`transportasi`.`ticket`, CONSTRAINT `ticket_ibfk_1` FOREIGN KEY (`id`) REFERENCES `kereta` (`id`) ON DELETE CASCADE ON UPDATE CASCADE)
#0 D:\Z-CI4 - coba\transline\system\Database\MySQLi\Connection.php(280): mysqli->query('INSERT INTO `ti...')
#1 D:\Z-CI4 - coba\transline\system\Database\BaseConnection.php(663): CodeIgniter\Database\MySQLi\Connection->execute('INSERT INTO `ti...')
#2 D:\Z-CI4 - coba\transline\system\Database\BaseConnection.php(591): CodeIgniter\Database\BaseConnection->simpleQuery('INSERT INTO `ti...')
#3 D:\Z-CI4 - coba\transline\system\Database\BaseBuilder.php(1733): CodeIgniter\Database\BaseConnection->query('INSERT INTO `ti...', Array, false)
#4 D:\Z-CI4 - coba\transline\system\Model.php(239): CodeIgniter\Database\BaseBuilder->insert()
#5 D:\Z-CI4 - coba\transline\system\BaseModel.php(738): CodeIgniter\Model->doInsert(Array)
#6 D:\Z-CI4 - coba\transline\system\Model.php(620): CodeIgniter\BaseModel->insert(Array, false)
#7 D:\Z-CI4 - coba\transline\system\BaseModel.php(658): CodeIgniter\Model->insert(Array, false)
#8 D:\Z-CI4 - coba\transline\app\Controllers\Ticket.php(99): CodeIgniter\BaseModel->save(Array)
#9 D:\Z-CI4 - coba\transline\system\CodeIgniter.php(802): App\Controllers\Ticket->save()
#10 D:\Z-CI4 - coba\transline\system\CodeIgniter.php(399): CodeIgniter\CodeIgniter->runController(Object(App\Controllers\Ticket))
#11 D:\Z-CI4 - coba\transline\system\CodeIgniter.php(317): CodeIgniter\CodeIgniter->handleRequest(NULL, Object(Config\Cache), false)
#12 D:\Z-CI4 - coba\transline\public\index.php(37): CodeIgniter\CodeIgniter->run()
#13 D:\Z-CI4 - coba\transline\system\Commands\Server\rewrite.php(43): require_once('D:\\Z-CI4 - coba...')
#14 {main}
ERROR - 2021-12-19 05:25:20 --> Cannot add or update a child row: a foreign key constraint fails (`transportasi`.`ticket`, CONSTRAINT `ticket_ibfk_1` FOREIGN KEY (`id`) REFERENCES `kereta` (`id`) ON DELETE CASCADE ON UPDATE CASCADE)
CRITICAL - 2021-12-19 05:25:20 --> Cannot add or update a child row: a foreign key constraint fails (`transportasi`.`ticket`, CONSTRAINT `ticket_ibfk_1` FOREIGN KEY (`id`) REFERENCES `kereta` (`id`) ON DELETE CASCADE ON UPDATE CASCADE)
#0 D:\Z-CI4 - coba\transline\system\Database\MySQLi\Connection.php(280): mysqli->query('INSERT INTO `ti...')
#1 D:\Z-CI4 - coba\transline\system\Database\BaseConnection.php(663): CodeIgniter\Database\MySQLi\Connection->execute('INSERT INTO `ti...')
#2 D:\Z-CI4 - coba\transline\system\Database\BaseConnection.php(591): CodeIgniter\Database\BaseConnection->simpleQuery('INSERT INTO `ti...')
#3 D:\Z-CI4 - coba\transline\system\Database\BaseBuilder.php(1733): CodeIgniter\Database\BaseConnection->query('INSERT INTO `ti...', Array, false)
#4 D:\Z-CI4 - coba\transline\system\Model.php(239): CodeIgniter\Database\BaseBuilder->insert()
#5 D:\Z-CI4 - coba\transline\system\BaseModel.php(738): CodeIgniter\Model->doInsert(Array)
#6 D:\Z-CI4 - coba\transline\system\Model.php(620): CodeIgniter\BaseModel->insert(Array, false)
#7 D:\Z-CI4 - coba\transline\system\BaseModel.php(658): CodeIgniter\Model->insert(Array, false)
#8 D:\Z-CI4 - coba\transline\app\Controllers\Ticket.php(99): CodeIgniter\BaseModel->save(Array)
#9 D:\Z-CI4 - coba\transline\system\CodeIgniter.php(802): App\Controllers\Ticket->save()
#10 D:\Z-CI4 - coba\transline\system\CodeIgniter.php(399): CodeIgniter\CodeIgniter->runController(Object(App\Controllers\Ticket))
#11 D:\Z-CI4 - coba\transline\system\CodeIgniter.php(317): CodeIgniter\CodeIgniter->handleRequest(NULL, Object(Config\Cache), false)
#12 D:\Z-CI4 - coba\transline\public\index.php(37): CodeIgniter\CodeIgniter->run()
#13 D:\Z-CI4 - coba\transline\system\Commands\Server\rewrite.php(43): require_once('D:\\Z-CI4 - coba...')
#14 {main}
CRITICAL - 2021-12-19 05:54:03 --> Cannot declare class App\Controllers\Ticket, because the name is already in use
#0 [internal function]: CodeIgniter\Debug\Exceptions->shutdownHandler()
#1 {main}
CRITICAL - 2021-12-19 05:56:27 --> Undefined variable $title
#0 D:\Z-CI4 - coba\transline\app\Views\templates\index.php(11): CodeIgniter\Debug\Exceptions->errorHandler(2, 'Undefined varia...', 'D:\\Z-CI4 - coba...', 11)
#1 D:\Z-CI4 - coba\transline\system\View\View.php(214): include('D:\\Z-CI4 - coba...')
#2 D:\Z-CI4 - coba\transline\system\View\View.php(217): CodeIgniter\View\View->CodeIgniter\View\{closure}()
#3 D:\Z-CI4 - coba\transline\system\View\View.php(230): CodeIgniter\View\View->render('templates/index', Array, true)
#4 D:\Z-CI4 - coba\transline\system\Common.php(1092): CodeIgniter\View\View->render('ticket/index', Array, true)
#5 D:\Z-CI4 - coba\transline\app\Controllers\Ticket.php(12): view('ticket/index', Array)
#6 D:\Z-CI4 - coba\transline\system\CodeIgniter.php(802): App\Controllers\Ticket->index()
#7 D:\Z-CI4 - coba\transline\system\CodeIgniter.php(399): CodeIgniter\CodeIgniter->runController(Object(App\Controllers\Ticket))
#8 D:\Z-CI4 - coba\transline\system\CodeIgniter.php(317): CodeIgniter\CodeIgniter->handleRequest(NULL, Object(Config\Cache), false)
#9 D:\Z-CI4 - coba\transline\public\index.php(37): CodeIgniter\CodeIgniter->run()
#10 D:\Z-CI4 - coba\transline\system\Commands\Server\rewrite.php(43): require_once('D:\\Z-CI4 - coba...')
#11 {main}
CRITICAL - 2021-12-19 05:56:47 --> Undefined variable $title
#0 D:\Z-CI4 - coba\transline\app\Views\templates\index.php(11): CodeIgniter\Debug\Exceptions->errorHandler(2, 'Undefined varia...', 'D:\\Z-CI4 - coba...', 11)
#1 D:\Z-CI4 - coba\transline\system\View\View.php(214): include('D:\\Z-CI4 - coba...')
#2 D:\Z-CI4 - coba\transline\system\View\View.php(217): CodeIgniter\View\View->CodeIgniter\View\{closure}()
#3 D:\Z-CI4 - coba\transline\system\View\View.php(230): CodeIgniter\View\View->render('templates/index', Array, true)
#4 D:\Z-CI4 - coba\transline\system\Common.php(1092): CodeIgniter\View\View->render('ticket/index', Array, true)
#5 D:\Z-CI4 - coba\transline\app\Controllers\Ticket.php(12): view('ticket/index', Array)
#6 D:\Z-CI4 - coba\transline\system\CodeIgniter.php(802): App\Controllers\Ticket->index()
#7 D:\Z-CI4 - coba\transline\system\CodeIgniter.php(399): CodeIgniter\CodeIgniter->runController(Object(App\Controllers\Ticket))
#8 D:\Z-CI4 - coba\transline\system\CodeIgniter.php(317): CodeIgniter\CodeIgniter->handleRequest(NULL, Object(Config\Cache), false)
#9 D:\Z-CI4 - coba\transline\public\index.php(37): CodeIgniter\CodeIgniter->run()
#10 D:\Z-CI4 - coba\transline\system\Commands\Server\rewrite.php(43): require_once('D:\\Z-CI4 - coba...')
#11 {main}
CRITICAL - 2021-12-19 05:56:49 --> Undefined variable $title
#0 D:\Z-CI4 - coba\transline\app\Views\templates\index.php(11): CodeIgniter\Debug\Exceptions->errorHandler(2, 'Undefined varia...', 'D:\\Z-CI4 - coba...', 11)
#1 D:\Z-CI4 - coba\transline\system\View\View.php(214): include('D:\\Z-CI4 - coba...')
#2 D:\Z-CI4 - coba\transline\system\View\View.php(217): CodeIgniter\View\View->CodeIgniter\View\{closure}()
#3 D:\Z-CI4 - coba\transline\system\View\View.php(230): CodeIgniter\View\View->render('templates/index', Array, true)
#4 D:\Z-CI4 - coba\transline\system\Common.php(1092): CodeIgniter\View\View->render('ticket/index', Array, true)
#5 D:\Z-CI4 - coba\transline\app\Controllers\Ticket.php(12): view('ticket/index', Array)
#6 D:\Z-CI4 - coba\transline\system\CodeIgniter.php(802): App\Controllers\Ticket->index()
#7 D:\Z-CI4 - coba\transline\system\CodeIgniter.php(399): CodeIgniter\CodeIgniter->runController(Object(App\Controllers\Ticket))
#8 D:\Z-CI4 - coba\transline\system\CodeIgniter.php(317): CodeIgniter\CodeIgniter->handleRequest(NULL, Object(Config\Cache), false)
#9 D:\Z-CI4 - coba\transline\public\index.php(37): CodeIgniter\CodeIgniter->run()
#10 D:\Z-CI4 - coba\transline\system\Commands\Server\rewrite.php(43): require_once('D:\\Z-CI4 - coba...')
#11 {main}
CRITICAL - 2021-12-19 05:56:57 --> Undefined variable $title
#0 D:\Z-CI4 - coba\transline\app\Views\templates\index.php(11): CodeIgniter\Debug\Exceptions->errorHandler(2, 'Undefined varia...', 'D:\\Z-CI4 - coba...', 11)
#1 D:\Z-CI4 - coba\transline\system\View\View.php(214): include('D:\\Z-CI4 - coba...')
#2 D:\Z-CI4 - coba\transline\system\View\View.php(217): CodeIgniter\View\View->CodeIgniter\View\{closure}()
#3 D:\Z-CI4 - coba\transline\system\View\View.php(230): CodeIgniter\View\View->render('templates/index', Array, true)
#4 D:\Z-CI4 - coba\transline\system\Common.php(1092): CodeIgniter\View\View->render('ticket/index', Array, true)
#5 D:\Z-CI4 - coba\transline\app\Controllers\Ticket.php(12): view('ticket/index', Array)
#6 D:\Z-CI4 - coba\transline\system\CodeIgniter.php(802): App\Controllers\Ticket->index()
#7 D:\Z-CI4 - coba\transline\system\CodeIgniter.php(399): CodeIgniter\CodeIgniter->runController(Object(App\Controllers\Ticket))
#8 D:\Z-CI4 - coba\transline\system\CodeIgniter.php(317): CodeIgniter\CodeIgniter->handleRequest(NULL, Object(Config\Cache), false)
#9 D:\Z-CI4 - coba\transline\public\index.php(37): CodeIgniter\CodeIgniter->run()
#10 D:\Z-CI4 - coba\transline\system\Commands\Server\rewrite.php(43): require_once('D:\\Z-CI4 - coba...')
#11 {main}
ERROR - 2021-12-19 06:50:45 --> Cannot add or update a child row: a foreign key constraint fails (`transportasi`.`ticket`, CONSTRAINT `ticket_ibfk_1` FOREIGN KEY (`id`) REFERENCES `kereta` (`id`) ON DELETE CASCADE ON UPDATE CASCADE)
CRITICAL - 2021-12-19 06:50:45 --> Cannot add or update a child row: a foreign key constraint fails (`transportasi`.`ticket`, CONSTRAINT `ticket_ibfk_1` FOREIGN KEY (`id`) REFERENCES `kereta` (`id`) ON DELETE CASCADE ON UPDATE CASCADE)
#0 D:\Z-CI4 - coba\transline\system\Database\MySQLi\Connection.php(280): mysqli->query('INSERT INTO `ti...')
#1 D:\Z-CI4 - coba\transline\system\Database\BaseConnection.php(663): CodeIgniter\Database\MySQLi\Connection->execute('INSERT INTO `ti...')
#2 D:\Z-CI4 - coba\transline\system\Database\BaseConnection.php(591): CodeIgniter\Database\BaseConnection->simpleQuery('INSERT INTO `ti...')
#3 D:\Z-CI4 - coba\transline\system\Database\BaseBuilder.php(1733): CodeIgniter\Database\BaseConnection->query('INSERT INTO `ti...', Array, false)
#4 D:\Z-CI4 - coba\transline\system\Model.php(239): CodeIgniter\Database\BaseBuilder->insert()
#5 D:\Z-CI4 - coba\transline\system\BaseModel.php(738): CodeIgniter\Model->doInsert(Array)
#6 D:\Z-CI4 - coba\transline\system\Model.php(620): CodeIgniter\BaseModel->insert(Array, false)
#7 D:\Z-CI4 - coba\transline\system\BaseModel.php(658): CodeIgniter\Model->insert(Array, false)
#8 D:\Z-CI4 - coba\transline\app\Controllers\Ticket.php(99): CodeIgniter\BaseModel->save(Array)
#9 D:\Z-CI4 - coba\transline\system\CodeIgniter.php(802): App\Controllers\Ticket->save()
#10 D:\Z-CI4 - coba\transline\system\CodeIgniter.php(399): CodeIgniter\CodeIgniter->runController(Object(App\Controllers\Ticket))
#11 D:\Z-CI4 - coba\transline\system\CodeIgniter.php(317): CodeIgniter\CodeIgniter->handleRequest(NULL, Object(Config\Cache), false)
#12 D:\Z-CI4 - coba\transline\public\index.php(37): CodeIgniter\CodeIgniter->run()
#13 D:\Z-CI4 - coba\transline\system\Commands\Server\rewrite.php(43): require_once('D:\\Z-CI4 - coba...')
#14 {main}
ERROR - 2021-12-19 06:58:26 --> Cannot add or update a child row: a foreign key constraint fails (`transportasi`.`ticket`, CONSTRAINT `ticket_ibfk_1` FOREIGN KEY (`id`) REFERENCES `kereta` (`id`))
CRITICAL - 2021-12-19 06:58:26 --> Cannot add or update a child row: a foreign key constraint fails (`transportasi`.`ticket`, CONSTRAINT `ticket_ibfk_1` FOREIGN KEY (`id`) REFERENCES `kereta` (`id`))
#0 D:\Z-CI4 - coba\transline\system\Database\MySQLi\Connection.php(280): mysqli->query('INSERT INTO `ti...')
#1 D:\Z-CI4 - coba\transline\system\Database\BaseConnection.php(663): CodeIgniter\Database\MySQLi\Connection->execute('INSERT INTO `ti...')
#2 D:\Z-CI4 - coba\transline\system\Database\BaseConnection.php(591): CodeIgniter\Database\BaseConnection->simpleQuery('INSERT INTO `ti...')
#3 D:\Z-CI4 - coba\transline\system\Database\BaseBuilder.php(1733): CodeIgniter\Database\BaseConnection->query('INSERT INTO `ti...', Array, false)
#4 D:\Z-CI4 - coba\transline\system\Model.php(239): CodeIgniter\Database\BaseBuilder->insert()
#5 D:\Z-CI4 - coba\transline\system\BaseModel.php(738): CodeIgniter\Model->doInsert(Array)
#6 D:\Z-CI4 - coba\transline\system\Model.php(620): CodeIgniter\BaseModel->insert(Array, false)
#7 D:\Z-CI4 - coba\transline\system\BaseModel.php(658): CodeIgniter\Model->insert(Array, false)
#8 D:\Z-CI4 - coba\transline\app\Controllers\Ticket.php(99): CodeIgniter\BaseModel->save(Array)
#9 D:\Z-CI4 - coba\transline\system\CodeIgniter.php(802): App\Controllers\Ticket->save()
#10 D:\Z-CI4 - coba\transline\system\CodeIgniter.php(399): CodeIgniter\CodeIgniter->runController(Object(App\Controllers\Ticket))
#11 D:\Z-CI4 - coba\transline\system\CodeIgniter.php(317): CodeIgniter\CodeIgniter->handleRequest(NULL, Object(Config\Cache), false)
#12 D:\Z-CI4 - coba\transline\public\index.php(37): CodeIgniter\CodeIgniter->run()
#13 D:\Z-CI4 - coba\transline\system\Commands\Server\rewrite.php(43): require_once('D:\\Z-CI4 - coba...')
#14 {main}
ERROR - 2021-12-19 06:58:30 --> Cannot add or update a child row: a foreign key constraint fails (`transportasi`.`ticket`, CONSTRAINT `ticket_ibfk_1` FOREIGN KEY (`id`) REFERENCES `kereta` (`id`))
CRITICAL - 2021-12-19 06:58:30 --> Cannot add or update a child row: a foreign key constraint fails (`transportasi`.`ticket`, CONSTRAINT `ticket_ibfk_1` FOREIGN KEY (`id`) REFERENCES `kereta` (`id`))
#0 D:\Z-CI4 - coba\transline\system\Database\MySQLi\Connection.php(280): mysqli->query('INSERT INTO `ti...')
#1 D:\Z-CI4 - coba\transline\system\Database\BaseConnection.php(663): CodeIgniter\Database\MySQLi\Connection->execute('INSERT INTO `ti...')
#2 D:\Z-CI4 - coba\transline\system\Database\BaseConnection.php(591): CodeIgniter\Database\BaseConnection->simpleQuery('INSERT INTO `ti...')
#3 D:\Z-CI4 - coba\transline\system\Database\BaseBuilder.php(1733): CodeIgniter\Database\BaseConnection->query('INSERT INTO `ti...', Array, false)
#4 D:\Z-CI4 - coba\transline\system\Model.php(239): CodeIgniter\Database\BaseBuilder->insert()
#5 D:\Z-CI4 - coba\transline\system\BaseModel.php(738): CodeIgniter\Model->doInsert(Array)
#6 D:\Z-CI4 - coba\transline\system\Model.php(620): CodeIgniter\BaseModel->insert(Array, false)
#7 D:\Z-CI4 - coba\transline\system\BaseModel.php(658): CodeIgniter\Model->insert(Array, false)
#8 D:\Z-CI4 - coba\transline\app\Controllers\Ticket.php(99): CodeIgniter\BaseModel->save(Array)
#9 D:\Z-CI4 - coba\transline\system\CodeIgniter.php(802): App\Controllers\Ticket->save()
#10 D:\Z-CI4 - coba\transline\system\CodeIgniter.php(399): CodeIgniter\CodeIgniter->runController(Object(App\Controllers\Ticket))
#11 D:\Z-CI4 - coba\transline\system\CodeIgniter.php(317): CodeIgniter\CodeIgniter->handleRequest(NULL, Object(Config\Cache), false)
#12 D:\Z-CI4 - coba\transline\public\index.php(37): CodeIgniter\CodeIgniter->run()
#13 D:\Z-CI4 - coba\transline\system\Commands\Server\rewrite.php(43): require_once('D:\\Z-CI4 - coba...')
#14 {main}
ERROR - 2021-12-19 06:58:49 --> Cannot add or update a child row: a foreign key constraint fails (`transportasi`.`ticket`, CONSTRAINT `ticket_ibfk_1` FOREIGN KEY (`id`) REFERENCES `kereta` (`id`))
CRITICAL - 2021-12-19 06:58:49 --> Cannot add or update a child row: a foreign key constraint fails (`transportasi`.`ticket`, CONSTRAINT `ticket_ibfk_1` FOREIGN KEY (`id`) REFERENCES `kereta` (`id`))
#0 D:\Z-CI4 - coba\transline\system\Database\MySQLi\Connection.php(280): mysqli->query('INSERT INTO `ti...')
#1 D:\Z-CI4 - coba\transline\system\Database\BaseConnection.php(663): CodeIgniter\Database\MySQLi\Connection->execute('INSERT INTO `ti...')
#2 D:\Z-CI4 - coba\transline\system\Database\BaseConnection.php(591): CodeIgniter\Database\BaseConnection->simpleQuery('INSERT INTO `ti...')
#3 D:\Z-CI4 - coba\transline\system\Database\BaseBuilder.php(1733): CodeIgniter\Database\BaseConnection->query('INSERT INTO `ti...', Array, false)
#4 D:\Z-CI4 - coba\transline\system\Model.php(239): CodeIgniter\Database\BaseBuilder->insert()
#5 D:\Z-CI4 - coba\transline\system\BaseModel.php(738): CodeIgniter\Model->doInsert(Array)
#6 D:\Z-CI4 - coba\transline\system\Model.php(620): CodeIgniter\BaseModel->insert(Array, false)
#7 D:\Z-CI4 - coba\transline\system\BaseModel.php(658): CodeIgniter\Model->insert(Array, false)
#8 D:\Z-CI4 - coba\transline\app\Controllers\Ticket.php(99): CodeIgniter\BaseModel->save(Array)
#9 D:\Z-CI4 - coba\transline\system\CodeIgniter.php(802): App\Controllers\Ticket->save()
#10 D:\Z-CI4 - coba\transline\system\CodeIgniter.php(399): CodeIgniter\CodeIgniter->runController(Object(App\Controllers\Ticket))
#11 D:\Z-CI4 - coba\transline\system\CodeIgniter.php(317): CodeIgniter\CodeIgniter->handleRequest(NULL, Object(Config\Cache), false)
#12 D:\Z-CI4 - coba\transline\public\index.php(37): CodeIgniter\CodeIgniter->run()
#13 D:\Z-CI4 - coba\transline\system\Commands\Server\rewrite.php(43): require_once('D:\\Z-CI4 - coba...')
#14 {main}
CRITICAL - 2021-12-19 07:02:49 --> Trying to access array offset on value of type null
#0 D:\Z-CI4 - coba\transline\app\Views\ticket\detail.php(31): CodeIgniter\Debug\Exceptions->errorHandler(2, 'Trying to acces...', 'D:\\Z-CI4 - coba...', 31)
#1 D:\Z-CI4 - coba\transline\system\View\View.php(214): include('D:\\Z-CI4 - coba...')
#2 D:\Z-CI4 - coba\transline\system\View\View.php(217): CodeIgniter\View\View->CodeIgniter\View\{closure}()
#3 D:\Z-CI4 - coba\transline\system\Common.php(1092): CodeIgniter\View\View->render('ticket/detail', Array, true)
#4 D:\Z-CI4 - coba\transline\app\Controllers\Ticket.php(39): view('ticket/detail', Array)
#5 D:\Z-CI4 - coba\transline\system\CodeIgniter.php(802): App\Controllers\Ticket->detail('save')
#6 D:\Z-CI4 - coba\transline\system\CodeIgniter.php(399): CodeIgniter\CodeIgniter->runController(Object(App\Controllers\Ticket))
#7 D:\Z-CI4 - coba\transline\system\CodeIgniter.php(317): CodeIgniter\CodeIgniter->handleRequest(NULL, Object(Config\Cache), false)
#8 D:\Z-CI4 - coba\transline\public\index.php(37): CodeIgniter\CodeIgniter->run()
#9 D:\Z-CI4 - coba\transline\system\Commands\Server\rewrite.php(43): require_once('D:\\Z-CI4 - coba...')
#10 {main}
ERROR - 2021-12-19 21:42:15 --> Error connecting to the database: No connection could be made because the target machine actively refused it
CRITICAL - 2021-12-19 21:42:15 --> Unable to connect to the database.
Main connection [MySQLi]: No connection could be made because the target machine actively refused it
#0 E:\faza\backend\transline\system\Database\BaseConnection.php(570): CodeIgniter\Database\BaseConnection->initialize()
#1 E:\faza\backend\transline\system\Database\BaseBuilder.php(1428): CodeIgniter\Database\BaseConnection->query('SELECT *\nFROM `...', Array, false)
#2 E:\faza\backend\transline\system\Model.php(210): CodeIgniter\Database\BaseBuilder->get()
#3 E:\faza\backend\transline\system\BaseModel.php(622): CodeIgniter\Model->doFirst()
#4 E:\faza\backend\transline\vendor\myth\auth\src\Authentication\LocalAuthenticator.php(156): CodeIgniter\BaseModel->first()
#5 E:\faza\backend\transline\vendor\myth\auth\src\Authentication\LocalAuthenticator.php(20): Myth\Auth\Authentication\LocalAuthenticator->validate(Array, true)
#6 E:\faza\backend\transline\vendor\myth\auth\src\Controllers\AuthController.php(88): Myth\Auth\Authentication\LocalAuthenticator->attempt(Array, false)
#7 E:\faza\backend\transline\system\CodeIgniter.php(802): Myth\Auth\Controllers\AuthController->attemptLogin()
#8 E:\faza\backend\transline\system\CodeIgniter.php(399): CodeIgniter\CodeIgniter->runController(Object(Myth\Auth\Controllers\AuthController))
#9 E:\faza\backend\transline\system\CodeIgniter.php(317): CodeIgniter\CodeIgniter->handleRequest(NULL, Object(Config\Cache), false)
#10 E:\faza\backend\transline\public\index.php(37): CodeIgniter\CodeIgniter->run()
#11 E:\faza\backend\transline\system\Commands\Server\rewrite.php(43): require_once('E:\\faza\\backend...')
#12 {main}
