CRITICAL - 2021-12-02 00:54:16 --> Invalid file: template/sidenav.php
#0 D:\Z-CI4\system\View\View.php(198): CodeIgniter\Exceptions\FrameworkException::forInvalidFile('template/sidena...')
#1 D:\Z-CI4\system\View\View.php(432): CodeIgniter\View\View->render('template/sidena...', NULL, true)
#2 D:\Z-CI4\app\Views\templates\index.php(32): CodeIgniter\View\View->include('template/sidena...')
#3 D:\Z-CI4\system\View\View.php(214): include('D:\\Z-CI4\\app\\Vi...')
#4 D:\Z-CI4\system\View\View.php(217): CodeIgniter\View\View->CodeIgniter\View\{closure}()
#5 D:\Z-CI4\system\View\View.php(230): CodeIgniter\View\View->render('templates/index', Array, true)
#6 D:\Z-CI4\system\Common.php(1092): CodeIgniter\View\View->render('user/index', Array, true)
#7 D:\Z-CI4\app\Controllers\Home.php(19): view('user/index')
#8 D:\Z-CI4\system\CodeIgniter.php(802): App\Controllers\Home->user()
#9 D:\Z-CI4\system\CodeIgniter.php(399): CodeIgniter\CodeIgniter->runController(Object(App\Controllers\Home))
#10 D:\Z-CI4\system\CodeIgniter.php(317): CodeIgniter\CodeIgniter->handleRequest(NULL, Object(Config\Cache), false)
#11 D:\Z-CI4\public\index.php(37): CodeIgniter\CodeIgniter->run()
#12 D:\Z-CI4\system\Commands\Server\rewrite.php(43): require_once('D:\\Z-CI4\\public...')
#13 {main}
CRITICAL - 2021-12-02 01:28:57 --> Invalid file: \Apps\Views\Auth\login.php
#0 D:\Z-CI4\system\View\View.php(198): CodeIgniter\Exceptions\FrameworkException::forInvalidFile('\\Apps\\Views\\Aut...')
#1 D:\Z-CI4\system\Common.php(1092): CodeIgniter\View\View->render('\\Apps\\Views\\Aut...', Array, true)
#2 D:\Z-CI4\vendor\myth\auth\src\Controllers\AuthController.php(429): view('\\Apps\\Views\\Aut...', Array)
#3 D:\Z-CI4\vendor\myth\auth\src\Controllers\AuthController.php(57): Myth\Auth\Controllers\AuthController->_render('\\Apps\\Views\\Aut...', Array)
#4 D:\Z-CI4\system\CodeIgniter.php(802): Myth\Auth\Controllers\AuthController->login()
#5 D:\Z-CI4\system\CodeIgniter.php(399): CodeIgniter\CodeIgniter->runController(Object(Myth\Auth\Controllers\AuthController))
#6 D:\Z-CI4\system\CodeIgniter.php(317): CodeIgniter\CodeIgniter->handleRequest(NULL, Object(Config\Cache), false)
#7 D:\Z-CI4\public\index.php(37): CodeIgniter\CodeIgniter->run()
#8 D:\Z-CI4\system\Commands\Server\rewrite.php(43): require_once('D:\\Z-CI4\\public...')
#9 {main}
CRITICAL - 2021-12-02 07:22:16 --> syntax error, unexpected end of file, expecting "elseif" or "else" or "endif"
#0 D:\Z-CI4\system\View\View.php(217): CodeIgniter\View\View->CodeIgniter\View\{closure}()
#1 D:\Z-CI4\system\Common.php(1092): CodeIgniter\View\View->render('\\App\\Views\\Auth...', Array, true)
#2 D:\Z-CI4\vendor\myth\auth\src\Controllers\AuthController.php(429): view('\\App\\Views\\Auth...', Array)
#3 D:\Z-CI4\vendor\myth\auth\src\Controllers\AuthController.php(57): Myth\Auth\Controllers\AuthController->_render('\\App\\Views\\Auth...', Array)
#4 D:\Z-CI4\system\CodeIgniter.php(802): Myth\Auth\Controllers\AuthController->login()
#5 D:\Z-CI4\system\CodeIgniter.php(399): CodeIgniter\CodeIgniter->runController(Object(Myth\Auth\Controllers\AuthController))
#6 D:\Z-CI4\system\CodeIgniter.php(317): CodeIgniter\CodeIgniter->handleRequest(NULL, Object(Config\Cache), false)
#7 D:\Z-CI4\public\index.php(37): CodeIgniter\CodeIgniter->run()
#8 D:\Z-CI4\system\Commands\Server\rewrite.php(43): require_once('D:\\Z-CI4\\public...')
#9 {main}
CRITICAL - 2021-12-02 07:22:40 --> syntax error, unexpected end of file
#0 D:\Z-CI4\system\View\View.php(217): CodeIgniter\View\View->CodeIgniter\View\{closure}()
#1 D:\Z-CI4\system\Common.php(1092): CodeIgniter\View\View->render('\\App\\Views\\Auth...', Array, true)
#2 D:\Z-CI4\vendor\myth\auth\src\Controllers\AuthController.php(429): view('\\App\\Views\\Auth...', Array)
#3 D:\Z-CI4\vendor\myth\auth\src\Controllers\AuthController.php(57): Myth\Auth\Controllers\AuthController->_render('\\App\\Views\\Auth...', Array)
#4 D:\Z-CI4\system\CodeIgniter.php(802): Myth\Auth\Controllers\AuthController->login()
#5 D:\Z-CI4\system\CodeIgniter.php(399): CodeIgniter\CodeIgniter->runController(Object(Myth\Auth\Controllers\AuthController))
#6 D:\Z-CI4\system\CodeIgniter.php(317): CodeIgniter\CodeIgniter->handleRequest(NULL, Object(Config\Cache), false)
#7 D:\Z-CI4\public\index.php(37): CodeIgniter\CodeIgniter->run()
#8 D:\Z-CI4\system\Commands\Server\rewrite.php(43): require_once('D:\\Z-CI4\\public...')
#9 {main}
CRITICAL - 2021-12-02 08:00:28 --> Class name must be a valid object or a string
#0 D:\Z-CI4\system\Config\BaseService.php(248): Myth\Auth\Config\Services::activator(Object(Myth\Auth\Config\Auth), false)
#1 D:\Z-CI4\system\Config\BaseService.php(189): CodeIgniter\Config\BaseService::__callStatic('activator', Array)
#2 D:\Z-CI4\vendor\myth\auth\src\Config\Services.php(86): CodeIgniter\Config\BaseService::getSharedInstance('activator', NULL)
#3 D:\Z-CI4\system\Config\BaseService.php(248): Myth\Auth\Config\Services::activator()
#4 D:\Z-CI4\system\Common.php(932): CodeIgniter\Config\BaseService::__callStatic('activator', Array)
#5 D:\Z-CI4\vendor\myth\auth\src\Controllers\AuthController.php(195): service('activator')
#6 D:\Z-CI4\system\CodeIgniter.php(802): Myth\Auth\Controllers\AuthController->attemptRegister()
#7 D:\Z-CI4\system\CodeIgniter.php(399): CodeIgniter\CodeIgniter->runController(Object(Myth\Auth\Controllers\AuthController))
#8 D:\Z-CI4\system\CodeIgniter.php(317): CodeIgniter\CodeIgniter->handleRequest(NULL, Object(Config\Cache), false)
#9 D:\Z-CI4\public\index.php(37): CodeIgniter\CodeIgniter->run()
#10 D:\Z-CI4\system\Commands\Server\rewrite.php(43): require_once('D:\\Z-CI4\\public...')
#11 {main}
CRITICAL - 2021-12-02 08:11:05 --> Undefined variable $config
#0 D:\Z-CI4\app\Views\auth\login.php(18): CodeIgniter\Debug\Exceptions->errorHandler(2, 'Undefined varia...', 'D:\\Z-CI4\\app\\Vi...', 18)
#1 D:\Z-CI4\system\View\View.php(214): include('D:\\Z-CI4\\app\\Vi...')
#2 D:\Z-CI4\system\View\View.php(217): CodeIgniter\View\View->CodeIgniter\View\{closure}()
#3 D:\Z-CI4\system\Common.php(1092): CodeIgniter\View\View->render('auth/login', Array, true)
#4 D:\Z-CI4\app\Controllers\Home.php(9): view('auth/login')
#5 D:\Z-CI4\system\CodeIgniter.php(802): App\Controllers\Home->index()
#6 D:\Z-CI4\system\CodeIgniter.php(399): CodeIgniter\CodeIgniter->runController(Object(App\Controllers\Home))
#7 D:\Z-CI4\system\CodeIgniter.php(317): CodeIgniter\CodeIgniter->handleRequest(NULL, Object(Config\Cache), false)
#8 D:\Z-CI4\public\index.php(37): CodeIgniter\CodeIgniter->run()
#9 D:\Z-CI4\system\Commands\Server\rewrite.php(43): require_once('D:\\Z-CI4\\public...')
#10 {main}
CRITICAL - 2021-12-02 10:28:29 --> You do not have sufficient permissions to access that page.
#0 D:\Z-CI4\system\Filters\Filters.php(169): Myth\Auth\Filters\RoleFilter->before(Object(CodeIgniter\HTTP\IncomingRequest), Array)
#1 D:\Z-CI4\system\CodeIgniter.php(374): CodeIgniter\Filters\Filters->run('admin/index', 'before')
#2 D:\Z-CI4\system\CodeIgniter.php(317): CodeIgniter\CodeIgniter->handleRequest(NULL, Object(Config\Cache), false)
#3 D:\Z-CI4\public\index.php(37): CodeIgniter\CodeIgniter->run()
#4 D:\Z-CI4\system\Commands\Server\rewrite.php(43): require_once('D:\\Z-CI4\\public...')
#5 {main}
CRITICAL - 2021-12-02 10:30:21 --> You do not have sufficient permissions to access that page.
#0 D:\Z-CI4\system\Filters\Filters.php(169): Myth\Auth\Filters\RoleFilter->before(Object(CodeIgniter\HTTP\IncomingRequest), Array)
#1 D:\Z-CI4\system\CodeIgniter.php(374): CodeIgniter\Filters\Filters->run('admin/index', 'before')
#2 D:\Z-CI4\system\CodeIgniter.php(317): CodeIgniter\CodeIgniter->handleRequest(NULL, Object(Config\Cache), false)
#3 D:\Z-CI4\public\index.php(37): CodeIgniter\CodeIgniter->run()
#4 D:\Z-CI4\system\Commands\Server\rewrite.php(43): require_once('D:\\Z-CI4\\public...')
#5 {main}
CRITICAL - 2021-12-02 10:30:23 --> You do not have sufficient permissions to access that page.
#0 D:\Z-CI4\system\Filters\Filters.php(169): Myth\Auth\Filters\RoleFilter->before(Object(CodeIgniter\HTTP\IncomingRequest), Array)
#1 D:\Z-CI4\system\CodeIgniter.php(374): CodeIgniter\Filters\Filters->run('admin/index', 'before')
#2 D:\Z-CI4\system\CodeIgniter.php(317): CodeIgniter\CodeIgniter->handleRequest(NULL, Object(Config\Cache), false)
#3 D:\Z-CI4\public\index.php(37): CodeIgniter\CodeIgniter->run()
#4 D:\Z-CI4\system\Commands\Server\rewrite.php(43): require_once('D:\\Z-CI4\\public...')
#5 {main}
CRITICAL - 2021-12-02 10:30:59 --> You do not have sufficient permissions to access that page.
#0 D:\Z-CI4\system\Filters\Filters.php(169): Myth\Auth\Filters\RoleFilter->before(Object(CodeIgniter\HTTP\IncomingRequest), Array)
#1 D:\Z-CI4\system\CodeIgniter.php(374): CodeIgniter\Filters\Filters->run('admin/index', 'before')
#2 D:\Z-CI4\system\CodeIgniter.php(317): CodeIgniter\CodeIgniter->handleRequest(NULL, Object(Config\Cache), false)
#3 D:\Z-CI4\public\index.php(37): CodeIgniter\CodeIgniter->run()
#4 D:\Z-CI4\system\Commands\Server\rewrite.php(43): require_once('D:\\Z-CI4\\public...')
#5 {main}
CRITICAL - 2021-12-02 19:24:38 --> Undefined variable $title
#0 D:\Z-CI4\app\Views\templates\index.php(10): CodeIgniter\Debug\Exceptions->errorHandler(2, 'Undefined varia...', 'D:\\Z-CI4\\app\\Vi...', 10)
#1 D:\Z-CI4\system\View\View.php(214): include('D:\\Z-CI4\\app\\Vi...')
#2 D:\Z-CI4\system\View\View.php(217): CodeIgniter\View\View->CodeIgniter\View\{closure}()
#3 D:\Z-CI4\system\View\View.php(230): CodeIgniter\View\View->render('templates/index', Array, true)
#4 D:\Z-CI4\system\Common.php(1092): CodeIgniter\View\View->render('user/index', Array, true)
#5 D:\Z-CI4\app\Controllers\User.php(9): view('user/index')
#6 D:\Z-CI4\system\CodeIgniter.php(802): App\Controllers\User->index()
#7 D:\Z-CI4\system\CodeIgniter.php(399): CodeIgniter\CodeIgniter->runController(Object(App\Controllers\User))
#8 D:\Z-CI4\system\CodeIgniter.php(317): CodeIgniter\CodeIgniter->handleRequest(NULL, Object(Config\Cache), false)
#9 D:\Z-CI4\public\index.php(37): CodeIgniter\CodeIgniter->run()
#10 D:\Z-CI4\system\Commands\Server\rewrite.php(43): require_once('D:\\Z-CI4\\public...')
#11 {main}
CRITICAL - 2021-12-02 19:24:50 --> Undefined variable $title
#0 D:\Z-CI4\app\Views\templates\index.php(10): CodeIgniter\Debug\Exceptions->errorHandler(2, 'Undefined varia...', 'D:\\Z-CI4\\app\\Vi...', 10)
#1 D:\Z-CI4\system\View\View.php(214): include('D:\\Z-CI4\\app\\Vi...')
#2 D:\Z-CI4\system\View\View.php(217): CodeIgniter\View\View->CodeIgniter\View\{closure}()
#3 D:\Z-CI4\system\View\View.php(230): CodeIgniter\View\View->render('templates/index', Array, true)
#4 D:\Z-CI4\system\Common.php(1092): CodeIgniter\View\View->render('user/index', Array, true)
#5 D:\Z-CI4\app\Controllers\User.php(9): view('user/index')
#6 D:\Z-CI4\system\CodeIgniter.php(802): App\Controllers\User->index()
#7 D:\Z-CI4\system\CodeIgniter.php(399): CodeIgniter\CodeIgniter->runController(Object(App\Controllers\User))
#8 D:\Z-CI4\system\CodeIgniter.php(317): CodeIgniter\CodeIgniter->handleRequest(NULL, Object(Config\Cache), false)
#9 D:\Z-CI4\public\index.php(37): CodeIgniter\CodeIgniter->run()
#10 D:\Z-CI4\system\Commands\Server\rewrite.php(43): require_once('D:\\Z-CI4\\public...')
#11 {main}
CRITICAL - 2021-12-02 19:24:55 --> Undefined variable $title
#0 D:\Z-CI4\app\Views\templates\index.php(10): CodeIgniter\Debug\Exceptions->errorHandler(2, 'Undefined varia...', 'D:\\Z-CI4\\app\\Vi...', 10)
#1 D:\Z-CI4\system\View\View.php(214): include('D:\\Z-CI4\\app\\Vi...')
#2 D:\Z-CI4\system\View\View.php(217): CodeIgniter\View\View->CodeIgniter\View\{closure}()
#3 D:\Z-CI4\system\View\View.php(230): CodeIgniter\View\View->render('templates/index', Array, true)
#4 D:\Z-CI4\system\Common.php(1092): CodeIgniter\View\View->render('user/index', Array, true)
#5 D:\Z-CI4\app\Controllers\User.php(9): view('user/index')
#6 D:\Z-CI4\system\CodeIgniter.php(802): App\Controllers\User->index()
#7 D:\Z-CI4\system\CodeIgniter.php(399): CodeIgniter\CodeIgniter->runController(Object(App\Controllers\User))
#8 D:\Z-CI4\system\CodeIgniter.php(317): CodeIgniter\CodeIgniter->handleRequest(NULL, Object(Config\Cache), false)
#9 D:\Z-CI4\public\index.php(37): CodeIgniter\CodeIgniter->run()
#10 D:\Z-CI4\system\Commands\Server\rewrite.php(43): require_once('D:\\Z-CI4\\public...')
#11 {main}
CRITICAL - 2021-12-02 19:25:21 --> Undefined variable $title
#0 D:\Z-CI4\app\Views\templates\index.php(10): CodeIgniter\Debug\Exceptions->errorHandler(2, 'Undefined varia...', 'D:\\Z-CI4\\app\\Vi...', 10)
#1 D:\Z-CI4\system\View\View.php(214): include('D:\\Z-CI4\\app\\Vi...')
#2 D:\Z-CI4\system\View\View.php(217): CodeIgniter\View\View->CodeIgniter\View\{closure}()
#3 D:\Z-CI4\system\View\View.php(230): CodeIgniter\View\View->render('templates/index', Array, true)
#4 D:\Z-CI4\system\Common.php(1092): CodeIgniter\View\View->render('user/index', Array, true)
#5 D:\Z-CI4\app\Controllers\User.php(9): view('user/index')
#6 D:\Z-CI4\system\CodeIgniter.php(802): App\Controllers\User->index()
#7 D:\Z-CI4\system\CodeIgniter.php(399): CodeIgniter\CodeIgniter->runController(Object(App\Controllers\User))
#8 D:\Z-CI4\system\CodeIgniter.php(317): CodeIgniter\CodeIgniter->handleRequest(NULL, Object(Config\Cache), false)
#9 D:\Z-CI4\public\index.php(37): CodeIgniter\CodeIgniter->run()
#10 D:\Z-CI4\system\Commands\Server\rewrite.php(43): require_once('D:\\Z-CI4\\public...')
#11 {main}
CRITICAL - 2021-12-02 19:47:17 --> Undefined variable $username
#0 D:\Z-CI4\app\Views\admin\index.php(25): CodeIgniter\Debug\Exceptions->errorHandler(2, 'Undefined varia...', 'D:\\Z-CI4\\app\\Vi...', 25)
#1 D:\Z-CI4\system\View\View.php(214): include('D:\\Z-CI4\\app\\Vi...')
#2 D:\Z-CI4\system\View\View.php(217): CodeIgniter\View\View->CodeIgniter\View\{closure}()
#3 D:\Z-CI4\system\Common.php(1092): CodeIgniter\View\View->render('admin/index', Array, true)
#4 D:\Z-CI4\app\Controllers\Admin.php(12): view('admin/index', Array)
#5 D:\Z-CI4\system\CodeIgniter.php(802): App\Controllers\Admin->index()
#6 D:\Z-CI4\system\CodeIgniter.php(399): CodeIgniter\CodeIgniter->runController(Object(App\Controllers\Admin))
#7 D:\Z-CI4\system\CodeIgniter.php(317): CodeIgniter\CodeIgniter->handleRequest(NULL, Object(Config\Cache), false)
#8 D:\Z-CI4\public\index.php(37): CodeIgniter\CodeIgniter->run()
#9 D:\Z-CI4\system\Commands\Server\rewrite.php(43): require_once('D:\\Z-CI4\\public...')
#10 {main}
CRITICAL - 2021-12-02 19:47:43 --> Undefined variable $username
#0 D:\Z-CI4\app\Views\admin\index.php(25): CodeIgniter\Debug\Exceptions->errorHandler(2, 'Undefined varia...', 'D:\\Z-CI4\\app\\Vi...', 25)
#1 D:\Z-CI4\system\View\View.php(214): include('D:\\Z-CI4\\app\\Vi...')
#2 D:\Z-CI4\system\View\View.php(217): CodeIgniter\View\View->CodeIgniter\View\{closure}()
#3 D:\Z-CI4\system\Common.php(1092): CodeIgniter\View\View->render('admin/index', Array, true)
#4 D:\Z-CI4\app\Controllers\Admin.php(12): view('admin/index', Array)
#5 D:\Z-CI4\system\CodeIgniter.php(802): App\Controllers\Admin->index()
#6 D:\Z-CI4\system\CodeIgniter.php(399): CodeIgniter\CodeIgniter->runController(Object(App\Controllers\Admin))
#7 D:\Z-CI4\system\CodeIgniter.php(317): CodeIgniter\CodeIgniter->handleRequest(NULL, Object(Config\Cache), false)
#8 D:\Z-CI4\public\index.php(37): CodeIgniter\CodeIgniter->run()
#9 D:\Z-CI4\system\Commands\Server\rewrite.php(43): require_once('D:\\Z-CI4\\public...')
#10 {main}
CRITICAL - 2021-12-02 19:47:53 --> Undefined variable $email
#0 D:\Z-CI4\app\Views\admin\index.php(26): CodeIgniter\Debug\Exceptions->errorHandler(2, 'Undefined varia...', 'D:\\Z-CI4\\app\\Vi...', 26)
#1 D:\Z-CI4\system\View\View.php(214): include('D:\\Z-CI4\\app\\Vi...')
#2 D:\Z-CI4\system\View\View.php(217): CodeIgniter\View\View->CodeIgniter\View\{closure}()
#3 D:\Z-CI4\system\Common.php(1092): CodeIgniter\View\View->render('admin/index', Array, true)
#4 D:\Z-CI4\app\Controllers\Admin.php(12): view('admin/index', Array)
#5 D:\Z-CI4\system\CodeIgniter.php(802): App\Controllers\Admin->index()
#6 D:\Z-CI4\system\CodeIgniter.php(399): CodeIgniter\CodeIgniter->runController(Object(App\Controllers\Admin))
#7 D:\Z-CI4\system\CodeIgniter.php(317): CodeIgniter\CodeIgniter->handleRequest(NULL, Object(Config\Cache), false)
#8 D:\Z-CI4\public\index.php(37): CodeIgniter\CodeIgniter->run()
#9 D:\Z-CI4\system\Commands\Server\rewrite.php(43): require_once('D:\\Z-CI4\\public...')
#10 {main}
ERROR - 2021-12-02 22:11:15 --> Unknown column 'auth_groups_id' in 'on clause'
CRITICAL - 2021-12-02 22:11:15 --> Unknown column 'auth_groups_id' in 'on clause'
#0 D:\Z-CI4\system\Database\MySQLi\Connection.php(280): mysqli->query('SELECT `users`....')
#1 D:\Z-CI4\system\Database\BaseConnection.php(663): CodeIgniter\Database\MySQLi\Connection->execute('SELECT `users`....')
#2 D:\Z-CI4\system\Database\BaseConnection.php(591): CodeIgniter\Database\BaseConnection->simpleQuery('SELECT `users`....')
#3 D:\Z-CI4\system\Database\BaseBuilder.php(1428): CodeIgniter\Database\BaseConnection->query('SELECT `users`....', Array, false)
#4 D:\Z-CI4\app\Controllers\Admin.php(19): CodeIgniter\Database\BaseBuilder->get()
#5 D:\Z-CI4\system\CodeIgniter.php(802): App\Controllers\Admin->index()
#6 D:\Z-CI4\system\CodeIgniter.php(399): CodeIgniter\CodeIgniter->runController(Object(App\Controllers\Admin))
#7 D:\Z-CI4\system\CodeIgniter.php(317): CodeIgniter\CodeIgniter->handleRequest(NULL, Object(Config\Cache), false)
#8 D:\Z-CI4\public\index.php(37): CodeIgniter\CodeIgniter->run()
#9 D:\Z-CI4\system\Commands\Server\rewrite.php(43): require_once('D:\\Z-CI4\\public...')
#10 {main}
ERROR - 2021-12-02 22:12:02 --> Unknown column 'auth_group_users.group_id' in 'on clause'
CRITICAL - 2021-12-02 22:12:02 --> Unknown column 'auth_group_users.group_id' in 'on clause'
#0 D:\Z-CI4\system\Database\MySQLi\Connection.php(280): mysqli->query('SELECT `users`....')
#1 D:\Z-CI4\system\Database\BaseConnection.php(663): CodeIgniter\Database\MySQLi\Connection->execute('SELECT `users`....')
#2 D:\Z-CI4\system\Database\BaseConnection.php(591): CodeIgniter\Database\BaseConnection->simpleQuery('SELECT `users`....')
#3 D:\Z-CI4\system\Database\BaseBuilder.php(1428): CodeIgniter\Database\BaseConnection->query('SELECT `users`....', Array, false)
#4 D:\Z-CI4\app\Controllers\Admin.php(19): CodeIgniter\Database\BaseBuilder->get()
#5 D:\Z-CI4\system\CodeIgniter.php(802): App\Controllers\Admin->index()
#6 D:\Z-CI4\system\CodeIgniter.php(399): CodeIgniter\CodeIgniter->runController(Object(App\Controllers\Admin))
#7 D:\Z-CI4\system\CodeIgniter.php(317): CodeIgniter\CodeIgniter->handleRequest(NULL, Object(Config\Cache), false)
#8 D:\Z-CI4\public\index.php(37): CodeIgniter\CodeIgniter->run()
#9 D:\Z-CI4\system\Commands\Server\rewrite.php(43): require_once('D:\\Z-CI4\\public...')
#10 {main}
ERROR - 2021-12-02 22:12:04 --> Unknown column 'auth_group_users.group_id' in 'on clause'
CRITICAL - 2021-12-02 22:12:04 --> Unknown column 'auth_group_users.group_id' in 'on clause'
#0 D:\Z-CI4\system\Database\MySQLi\Connection.php(280): mysqli->query('SELECT `users`....')
#1 D:\Z-CI4\system\Database\BaseConnection.php(663): CodeIgniter\Database\MySQLi\Connection->execute('SELECT `users`....')
#2 D:\Z-CI4\system\Database\BaseConnection.php(591): CodeIgniter\Database\BaseConnection->simpleQuery('SELECT `users`....')
#3 D:\Z-CI4\system\Database\BaseBuilder.php(1428): CodeIgniter\Database\BaseConnection->query('SELECT `users`....', Array, false)
#4 D:\Z-CI4\app\Controllers\Admin.php(19): CodeIgniter\Database\BaseBuilder->get()
#5 D:\Z-CI4\system\CodeIgniter.php(802): App\Controllers\Admin->index()
#6 D:\Z-CI4\system\CodeIgniter.php(399): CodeIgniter\CodeIgniter->runController(Object(App\Controllers\Admin))
#7 D:\Z-CI4\system\CodeIgniter.php(317): CodeIgniter\CodeIgniter->handleRequest(NULL, Object(Config\Cache), false)
#8 D:\Z-CI4\public\index.php(37): CodeIgniter\CodeIgniter->run()
#9 D:\Z-CI4\system\Commands\Server\rewrite.php(43): require_once('D:\\Z-CI4\\public...')
#10 {main}
CRITICAL - 2021-12-02 22:44:01 --> Undefined variable $username
#0 D:\Z-CI4\app\Views\admin\detail.php(16): CodeIgniter\Debug\Exceptions->errorHandler(2, 'Undefined varia...', 'D:\\Z-CI4\\app\\Vi...', 16)
#1 D:\Z-CI4\system\View\View.php(214): include('D:\\Z-CI4\\app\\Vi...')
#2 D:\Z-CI4\system\View\View.php(217): CodeIgniter\View\View->CodeIgniter\View\{closure}()
#3 D:\Z-CI4\system\Common.php(1092): CodeIgniter\View\View->render('admin/detail', Array, true)
#4 D:\Z-CI4\app\Controllers\Admin.php(49): view('admin/detail', Array)
#5 D:\Z-CI4\system\CodeIgniter.php(802): App\Controllers\Admin->detail('3')
#6 D:\Z-CI4\system\CodeIgniter.php(399): CodeIgniter\CodeIgniter->runController(Object(App\Controllers\Admin))
#7 D:\Z-CI4\system\CodeIgniter.php(317): CodeIgniter\CodeIgniter->handleRequest(NULL, Object(Config\Cache), false)
#8 D:\Z-CI4\public\index.php(37): CodeIgniter\CodeIgniter->run()
#9 D:\Z-CI4\system\Commands\Server\rewrite.php(43): require_once('D:\\Z-CI4\\public...')
#10 {main}
