CRITICAL - 2021-12-11 02:35:41 --> Invalid file: pesan/index.php
#0 D:\Z-CI4 - coba\system\View\View.php(198): CodeIgniter\Exceptions\FrameworkException::forInvalidFile('pesan/index.php')
#1 D:\Z-CI4 - coba\system\Common.php(1092): CodeIgniter\View\View->render('pesan/index', Array, true)
#2 D:\Z-CI4 - coba\app\Controllers\User.php(14): view('pesan/index', Array)
#3 D:\Z-CI4 - coba\system\CodeIgniter.php(802): App\Controllers\User->index()
#4 D:\Z-CI4 - coba\system\CodeIgniter.php(399): CodeIgniter\CodeIgniter->runController(Object(App\Controllers\User))
#5 D:\Z-CI4 - coba\system\CodeIgniter.php(317): CodeIgniter\CodeIgniter->handleRequest(NULL, Object(Config\Cache), false)
#6 D:\Z-CI4 - coba\public\index.php(37): CodeIgniter\CodeIgniter->run()
#7 D:\Z-CI4 - coba\system\Commands\Server\rewrite.php(43): require_once('D:\\Z-CI4 - coba...')
#8 {main}
CRITICAL - 2021-12-11 02:35:41 --> Invalid file: pesan/index.php
#0 D:\Z-CI4 - coba\system\View\View.php(198): CodeIgniter\Exceptions\FrameworkException::forInvalidFile('pesan/index.php')
#1 D:\Z-CI4 - coba\system\Common.php(1092): CodeIgniter\View\View->render('pesan/index', Array, true)
#2 D:\Z-CI4 - coba\app\Controllers\User.php(14): view('pesan/index', Array)
#3 D:\Z-CI4 - coba\system\CodeIgniter.php(802): App\Controllers\User->index()
#4 D:\Z-CI4 - coba\system\CodeIgniter.php(399): CodeIgniter\CodeIgniter->runController(Object(App\Controllers\User))
#5 D:\Z-CI4 - coba\system\CodeIgniter.php(317): CodeIgniter\CodeIgniter->handleRequest(NULL, Object(Config\Cache), false)
#6 D:\Z-CI4 - coba\public\index.php(37): CodeIgniter\CodeIgniter->run()
#7 D:\Z-CI4 - coba\system\Commands\Server\rewrite.php(43): require_once('D:\\Z-CI4 - coba...')
#8 {main}
CRITICAL - 2021-12-11 02:36:10 --> Invalid file: pesan/index.php
#0 D:\Z-CI4 - coba\system\View\View.php(198): CodeIgniter\Exceptions\FrameworkException::forInvalidFile('pesan/index.php')
#1 D:\Z-CI4 - coba\system\Common.php(1092): CodeIgniter\View\View->render('pesan/index', Array, true)
#2 D:\Z-CI4 - coba\app\Controllers\User.php(14): view('pesan/index', Array)
#3 D:\Z-CI4 - coba\system\CodeIgniter.php(802): App\Controllers\User->index()
#4 D:\Z-CI4 - coba\system\CodeIgniter.php(399): CodeIgniter\CodeIgniter->runController(Object(App\Controllers\User))
#5 D:\Z-CI4 - coba\system\CodeIgniter.php(317): CodeIgniter\CodeIgniter->handleRequest(NULL, Object(Config\Cache), false)
#6 D:\Z-CI4 - coba\public\index.php(37): CodeIgniter\CodeIgniter->run()
#7 D:\Z-CI4 - coba\system\Commands\Server\rewrite.php(43): require_once('D:\\Z-CI4 - coba...')
#8 {main}
CRITICAL - 2021-12-11 02:36:12 --> Invalid file: pesan/index.php
#0 D:\Z-CI4 - coba\system\View\View.php(198): CodeIgniter\Exceptions\FrameworkException::forInvalidFile('pesan/index.php')
#1 D:\Z-CI4 - coba\system\Common.php(1092): CodeIgniter\View\View->render('pesan/index', Array, true)
#2 D:\Z-CI4 - coba\app\Controllers\User.php(14): view('pesan/index', Array)
#3 D:\Z-CI4 - coba\system\CodeIgniter.php(802): App\Controllers\User->index()
#4 D:\Z-CI4 - coba\system\CodeIgniter.php(399): CodeIgniter\CodeIgniter->runController(Object(App\Controllers\User))
#5 D:\Z-CI4 - coba\system\CodeIgniter.php(317): CodeIgniter\CodeIgniter->handleRequest(NULL, Object(Config\Cache), false)
#6 D:\Z-CI4 - coba\public\index.php(37): CodeIgniter\CodeIgniter->run()
#7 D:\Z-CI4 - coba\system\Commands\Server\rewrite.php(43): require_once('D:\\Z-CI4 - coba...')
#8 {main}
CRITICAL - 2021-12-11 04:09:24 --> syntax error, unexpected token "=>", expecting "]"
#0 D:\Z-CI4 - coba\system\Router\Router.php(160): CodeIgniter\Router\Router->autoRoute('tiket')
#1 D:\Z-CI4 - coba\system\CodeIgniter.php(702): CodeIgniter\Router\Router->handle('tiket')
#2 D:\Z-CI4 - coba\system\CodeIgniter.php(358): CodeIgniter\CodeIgniter->tryToRouteIt(Object(CodeIgniter\Router\RouteCollection))
#3 D:\Z-CI4 - coba\system\CodeIgniter.php(317): CodeIgniter\CodeIgniter->handleRequest(NULL, Object(Config\Cache), false)
#4 D:\Z-CI4 - coba\public\index.php(37): CodeIgniter\CodeIgniter->run()
#5 D:\Z-CI4 - coba\system\Commands\Server\rewrite.php(43): require_once('D:\\Z-CI4 - coba...')
#6 {main}
CRITICAL - 2021-12-11 04:09:58 --> Undefined variable $tiket
#0 D:\Z-CI4 - coba\app\Views\tiket\index.php(25): CodeIgniter\Debug\Exceptions->errorHandler(2, 'Undefined varia...', 'D:\\Z-CI4 - coba...', 25)
#1 D:\Z-CI4 - coba\system\View\View.php(214): include('D:\\Z-CI4 - coba...')
#2 D:\Z-CI4 - coba\system\View\View.php(217): CodeIgniter\View\View->CodeIgniter\View\{closure}()
#3 D:\Z-CI4 - coba\system\Common.php(1092): CodeIgniter\View\View->render('tiket/index', Array, true)
#4 D:\Z-CI4 - coba\app\Controllers\User.php(14): view('tiket/index', Array)
#5 D:\Z-CI4 - coba\system\CodeIgniter.php(802): App\Controllers\User->index()
#6 D:\Z-CI4 - coba\system\CodeIgniter.php(399): CodeIgniter\CodeIgniter->runController(Object(App\Controllers\User))
#7 D:\Z-CI4 - coba\system\CodeIgniter.php(317): CodeIgniter\CodeIgniter->handleRequest(NULL, Object(Config\Cache), false)
#8 D:\Z-CI4 - coba\public\index.php(37): CodeIgniter\CodeIgniter->run()
#9 D:\Z-CI4 - coba\system\Commands\Server\rewrite.php(43): require_once('D:\\Z-CI4 - coba...')
#10 {main}
CRITICAL - 2021-12-11 04:10:06 --> Undefined variable $tiket
#0 D:\Z-CI4 - coba\app\Views\tiket\index.php(25): CodeIgniter\Debug\Exceptions->errorHandler(2, 'Undefined varia...', 'D:\\Z-CI4 - coba...', 25)
#1 D:\Z-CI4 - coba\system\View\View.php(214): include('D:\\Z-CI4 - coba...')
#2 D:\Z-CI4 - coba\system\View\View.php(217): CodeIgniter\View\View->CodeIgniter\View\{closure}()
#3 D:\Z-CI4 - coba\system\Common.php(1092): CodeIgniter\View\View->render('tiket/index', Array, true)
#4 D:\Z-CI4 - coba\app\Controllers\User.php(14): view('tiket/index', Array)
#5 D:\Z-CI4 - coba\system\CodeIgniter.php(802): App\Controllers\User->index()
#6 D:\Z-CI4 - coba\system\CodeIgniter.php(399): CodeIgniter\CodeIgniter->runController(Object(App\Controllers\User))
#7 D:\Z-CI4 - coba\system\CodeIgniter.php(317): CodeIgniter\CodeIgniter->handleRequest(NULL, Object(Config\Cache), false)
#8 D:\Z-CI4 - coba\public\index.php(37): CodeIgniter\CodeIgniter->run()
#9 D:\Z-CI4 - coba\system\Commands\Server\rewrite.php(43): require_once('D:\\Z-CI4 - coba...')
#10 {main}
CRITICAL - 2021-12-11 04:16:30 --> Cannot access offset of type string on string
#0 D:\Z-CI4 - coba\system\View\View.php(214): include()
#1 D:\Z-CI4 - coba\system\View\View.php(217): CodeIgniter\View\View->CodeIgniter\View\{closure}()
#2 D:\Z-CI4 - coba\system\Common.php(1092): CodeIgniter\View\View->render('tiket/detail', Array, true)
#3 D:\Z-CI4 - coba\app\Controllers\Tiket.php(35): view('tiket/detail', Array)
#4 D:\Z-CI4 - coba\system\CodeIgniter.php(802): App\Controllers\Tiket->detail('mdn-001')
#5 D:\Z-CI4 - coba\system\CodeIgniter.php(399): CodeIgniter\CodeIgniter->runController(Object(App\Controllers\Tiket))
#6 D:\Z-CI4 - coba\system\CodeIgniter.php(317): CodeIgniter\CodeIgniter->handleRequest(NULL, Object(Config\Cache), false)
#7 D:\Z-CI4 - coba\public\index.php(37): CodeIgniter\CodeIgniter->run()
#8 D:\Z-CI4 - coba\system\Commands\Server\rewrite.php(43): require_once('D:\\Z-CI4 - coba...')
#9 {main}
CRITICAL - 2021-12-11 04:17:16 --> Cannot access offset of type string on string
#0 D:\Z-CI4 - coba\system\View\View.php(214): include()
#1 D:\Z-CI4 - coba\system\View\View.php(217): CodeIgniter\View\View->CodeIgniter\View\{closure}()
#2 D:\Z-CI4 - coba\system\Common.php(1092): CodeIgniter\View\View->render('tiket/detail', Array, true)
#3 D:\Z-CI4 - coba\app\Controllers\Tiket.php(35): view('tiket/detail', Array)
#4 D:\Z-CI4 - coba\system\CodeIgniter.php(802): App\Controllers\Tiket->detail('mdn-001')
#5 D:\Z-CI4 - coba\system\CodeIgniter.php(399): CodeIgniter\CodeIgniter->runController(Object(App\Controllers\Tiket))
#6 D:\Z-CI4 - coba\system\CodeIgniter.php(317): CodeIgniter\CodeIgniter->handleRequest(NULL, Object(Config\Cache), false)
#7 D:\Z-CI4 - coba\public\index.php(37): CodeIgniter\CodeIgniter->run()
#8 D:\Z-CI4 - coba\system\Commands\Server\rewrite.php(43): require_once('D:\\Z-CI4 - coba...')
#9 {main}
CRITICAL - 2021-12-11 04:18:43 --> Cannot access offset of type string on string
#0 D:\Z-CI4 - coba\system\View\View.php(214): include()
#1 D:\Z-CI4 - coba\system\View\View.php(217): CodeIgniter\View\View->CodeIgniter\View\{closure}()
#2 D:\Z-CI4 - coba\system\Common.php(1092): CodeIgniter\View\View->render('tiket/detail', Array, true)
#3 D:\Z-CI4 - coba\app\Controllers\Tiket.php(35): view('tiket/detail', Array)
#4 D:\Z-CI4 - coba\system\CodeIgniter.php(802): App\Controllers\Tiket->detail('mdn-001')
#5 D:\Z-CI4 - coba\system\CodeIgniter.php(399): CodeIgniter\CodeIgniter->runController(Object(App\Controllers\Tiket))
#6 D:\Z-CI4 - coba\system\CodeIgniter.php(317): CodeIgniter\CodeIgniter->handleRequest(NULL, Object(Config\Cache), false)
#7 D:\Z-CI4 - coba\public\index.php(37): CodeIgniter\CodeIgniter->run()
#8 D:\Z-CI4 - coba\system\Commands\Server\rewrite.php(43): require_once('D:\\Z-CI4 - coba...')
#9 {main}
CRITICAL - 2021-12-11 04:19:22 --> Cannot access offset of type string on string
#0 D:\Z-CI4 - coba\system\View\View.php(214): include()
#1 D:\Z-CI4 - coba\system\View\View.php(217): CodeIgniter\View\View->CodeIgniter\View\{closure}()
#2 D:\Z-CI4 - coba\system\Common.php(1092): CodeIgniter\View\View->render('tiket/detail', Array, true)
#3 D:\Z-CI4 - coba\app\Controllers\Tiket.php(35): view('tiket/detail', Array)
#4 D:\Z-CI4 - coba\system\CodeIgniter.php(802): App\Controllers\Tiket->detail('mdn-001')
#5 D:\Z-CI4 - coba\system\CodeIgniter.php(399): CodeIgniter\CodeIgniter->runController(Object(App\Controllers\Tiket))
#6 D:\Z-CI4 - coba\system\CodeIgniter.php(317): CodeIgniter\CodeIgniter->handleRequest(NULL, Object(Config\Cache), false)
#7 D:\Z-CI4 - coba\public\index.php(37): CodeIgniter\CodeIgniter->run()
#8 D:\Z-CI4 - coba\system\Commands\Server\rewrite.php(43): require_once('D:\\Z-CI4 - coba...')
#9 {main}
CRITICAL - 2021-12-11 04:19:49 --> Cannot access offset of type string on string
#0 D:\Z-CI4 - coba\system\View\View.php(214): include()
#1 D:\Z-CI4 - coba\system\View\View.php(217): CodeIgniter\View\View->CodeIgniter\View\{closure}()
#2 D:\Z-CI4 - coba\system\Common.php(1092): CodeIgniter\View\View->render('tiket/detail', Array, true)
#3 D:\Z-CI4 - coba\app\Controllers\Tiket.php(35): view('tiket/detail', Array)
#4 D:\Z-CI4 - coba\system\CodeIgniter.php(802): App\Controllers\Tiket->detail('mdn-001')
#5 D:\Z-CI4 - coba\system\CodeIgniter.php(399): CodeIgniter\CodeIgniter->runController(Object(App\Controllers\Tiket))
#6 D:\Z-CI4 - coba\system\CodeIgniter.php(317): CodeIgniter\CodeIgniter->handleRequest(NULL, Object(Config\Cache), false)
#7 D:\Z-CI4 - coba\public\index.php(37): CodeIgniter\CodeIgniter->run()
#8 D:\Z-CI4 - coba\system\Commands\Server\rewrite.php(43): require_once('D:\\Z-CI4 - coba...')
#9 {main}
CRITICAL - 2021-12-11 04:19:51 --> Cannot access offset of type string on string
#0 D:\Z-CI4 - coba\system\View\View.php(214): include()
#1 D:\Z-CI4 - coba\system\View\View.php(217): CodeIgniter\View\View->CodeIgniter\View\{closure}()
#2 D:\Z-CI4 - coba\system\Common.php(1092): CodeIgniter\View\View->render('tiket/detail', Array, true)
#3 D:\Z-CI4 - coba\app\Controllers\Tiket.php(35): view('tiket/detail', Array)
#4 D:\Z-CI4 - coba\system\CodeIgniter.php(802): App\Controllers\Tiket->detail('mdn-001')
#5 D:\Z-CI4 - coba\system\CodeIgniter.php(399): CodeIgniter\CodeIgniter->runController(Object(App\Controllers\Tiket))
#6 D:\Z-CI4 - coba\system\CodeIgniter.php(317): CodeIgniter\CodeIgniter->handleRequest(NULL, Object(Config\Cache), false)
#7 D:\Z-CI4 - coba\public\index.php(37): CodeIgniter\CodeIgniter->run()
#8 D:\Z-CI4 - coba\system\Commands\Server\rewrite.php(43): require_once('D:\\Z-CI4 - coba...')
#9 {main}
CRITICAL - 2021-12-11 04:20:45 --> Cannot access offset of type string on string
#0 D:\Z-CI4 - coba\system\View\View.php(214): include()
#1 D:\Z-CI4 - coba\system\View\View.php(217): CodeIgniter\View\View->CodeIgniter\View\{closure}()
#2 D:\Z-CI4 - coba\system\Common.php(1092): CodeIgniter\View\View->render('tiket/detail', Array, true)
#3 D:\Z-CI4 - coba\app\Controllers\Tiket.php(35): view('tiket/detail', Array)
#4 D:\Z-CI4 - coba\system\CodeIgniter.php(802): App\Controllers\Tiket->detail('mdn-001')
#5 D:\Z-CI4 - coba\system\CodeIgniter.php(399): CodeIgniter\CodeIgniter->runController(Object(App\Controllers\Tiket))
#6 D:\Z-CI4 - coba\system\CodeIgniter.php(317): CodeIgniter\CodeIgniter->handleRequest(NULL, Object(Config\Cache), false)
#7 D:\Z-CI4 - coba\public\index.php(37): CodeIgniter\CodeIgniter->run()
#8 D:\Z-CI4 - coba\system\Commands\Server\rewrite.php(43): require_once('D:\\Z-CI4 - coba...')
#9 {main}
CRITICAL - 2021-12-11 04:21:04 --> Cannot access offset of type string on string
#0 D:\Z-CI4 - coba\system\View\View.php(214): include()
#1 D:\Z-CI4 - coba\system\View\View.php(217): CodeIgniter\View\View->CodeIgniter\View\{closure}()
#2 D:\Z-CI4 - coba\system\Common.php(1092): CodeIgniter\View\View->render('tiket/detail', Array, true)
#3 D:\Z-CI4 - coba\app\Controllers\Tiket.php(35): view('tiket/detail', Array)
#4 D:\Z-CI4 - coba\system\CodeIgniter.php(802): App\Controllers\Tiket->detail('mdn-001')
#5 D:\Z-CI4 - coba\system\CodeIgniter.php(399): CodeIgniter\CodeIgniter->runController(Object(App\Controllers\Tiket))
#6 D:\Z-CI4 - coba\system\CodeIgniter.php(317): CodeIgniter\CodeIgniter->handleRequest(NULL, Object(Config\Cache), false)
#7 D:\Z-CI4 - coba\public\index.php(37): CodeIgniter\CodeIgniter->run()
#8 D:\Z-CI4 - coba\system\Commands\Server\rewrite.php(43): require_once('D:\\Z-CI4 - coba...')
#9 {main}
CRITICAL - 2021-12-11 04:21:16 --> Undefined variable $t
#0 D:\Z-CI4 - coba\app\Views\tiket\detail.php(35): CodeIgniter\Debug\Exceptions->errorHandler(2, 'Undefined varia...', 'D:\\Z-CI4 - coba...', 35)
#1 D:\Z-CI4 - coba\system\View\View.php(214): include('D:\\Z-CI4 - coba...')
#2 D:\Z-CI4 - coba\system\View\View.php(217): CodeIgniter\View\View->CodeIgniter\View\{closure}()
#3 D:\Z-CI4 - coba\system\Common.php(1092): CodeIgniter\View\View->render('tiket/detail', Array, true)
#4 D:\Z-CI4 - coba\app\Controllers\Tiket.php(35): view('tiket/detail', Array)
#5 D:\Z-CI4 - coba\system\CodeIgniter.php(802): App\Controllers\Tiket->detail('mdn-001')
#6 D:\Z-CI4 - coba\system\CodeIgniter.php(399): CodeIgniter\CodeIgniter->runController(Object(App\Controllers\Tiket))
#7 D:\Z-CI4 - coba\system\CodeIgniter.php(317): CodeIgniter\CodeIgniter->handleRequest(NULL, Object(Config\Cache), false)
#8 D:\Z-CI4 - coba\public\index.php(37): CodeIgniter\CodeIgniter->run()
#9 D:\Z-CI4 - coba\system\Commands\Server\rewrite.php(43): require_once('D:\\Z-CI4 - coba...')
#10 {main}
CRITICAL - 2021-12-11 04:38:39 --> Trying to access array offset on value of type null
#0 D:\Z-CI4 - coba\app\Views\tiket\detail.php(31): CodeIgniter\Debug\Exceptions->errorHandler(2, 'Trying to acces...', 'D:\\Z-CI4 - coba...', 31)
#1 D:\Z-CI4 - coba\system\View\View.php(214): include('D:\\Z-CI4 - coba...')
#2 D:\Z-CI4 - coba\system\View\View.php(217): CodeIgniter\View\View->CodeIgniter\View\{closure}()
#3 D:\Z-CI4 - coba\system\Common.php(1092): CodeIgniter\View\View->render('tiket/detail', Array, true)
#4 D:\Z-CI4 - coba\app\Controllers\Tiket.php(35): view('tiket/detail', Array)
#5 D:\Z-CI4 - coba\system\CodeIgniter.php(802): App\Controllers\Tiket->detail('create')
#6 D:\Z-CI4 - coba\system\CodeIgniter.php(399): CodeIgniter\CodeIgniter->runController(Object(App\Controllers\Tiket))
#7 D:\Z-CI4 - coba\system\CodeIgniter.php(317): CodeIgniter\CodeIgniter->handleRequest(NULL, Object(Config\Cache), false)
#8 D:\Z-CI4 - coba\public\index.php(37): CodeIgniter\CodeIgniter->run()
#9 D:\Z-CI4 - coba\system\Commands\Server\rewrite.php(43): require_once('D:\\Z-CI4 - coba...')
#10 {main}
CRITICAL - 2021-12-11 04:39:55 --> Trying to access array offset on value of type null
#0 D:\Z-CI4 - coba\app\Views\tiket\detail.php(31): CodeIgniter\Debug\Exceptions->errorHandler(2, 'Trying to acces...', 'D:\\Z-CI4 - coba...', 31)
#1 D:\Z-CI4 - coba\system\View\View.php(214): include('D:\\Z-CI4 - coba...')
#2 D:\Z-CI4 - coba\system\View\View.php(217): CodeIgniter\View\View->CodeIgniter\View\{closure}()
#3 D:\Z-CI4 - coba\system\Common.php(1092): CodeIgniter\View\View->render('tiket/detail', Array, true)
#4 D:\Z-CI4 - coba\app\Controllers\Tiket.php(35): view('tiket/detail', Array)
#5 D:\Z-CI4 - coba\system\CodeIgniter.php(802): App\Controllers\Tiket->detail('create')
#6 D:\Z-CI4 - coba\system\CodeIgniter.php(399): CodeIgniter\CodeIgniter->runController(Object(App\Controllers\Tiket))
#7 D:\Z-CI4 - coba\system\CodeIgniter.php(317): CodeIgniter\CodeIgniter->handleRequest(NULL, Object(Config\Cache), false)
#8 D:\Z-CI4 - coba\public\index.php(37): CodeIgniter\CodeIgniter->run()
#9 D:\Z-CI4 - coba\system\Commands\Server\rewrite.php(43): require_once('D:\\Z-CI4 - coba...')
#10 {main}
CRITICAL - 2021-12-11 04:41:16 --> Trying to access array offset on value of type null
#0 D:\Z-CI4 - coba\app\Views\tiket\detail.php(31): CodeIgniter\Debug\Exceptions->errorHandler(2, 'Trying to acces...', 'D:\\Z-CI4 - coba...', 31)
#1 D:\Z-CI4 - coba\system\View\View.php(214): include('D:\\Z-CI4 - coba...')
#2 D:\Z-CI4 - coba\system\View\View.php(217): CodeIgniter\View\View->CodeIgniter\View\{closure}()
#3 D:\Z-CI4 - coba\system\Common.php(1092): CodeIgniter\View\View->render('tiket/detail', Array, true)
#4 D:\Z-CI4 - coba\app\Controllers\Tiket.php(35): view('tiket/detail', Array)
#5 D:\Z-CI4 - coba\system\CodeIgniter.php(802): App\Controllers\Tiket->detail('create')
#6 D:\Z-CI4 - coba\system\CodeIgniter.php(399): CodeIgniter\CodeIgniter->runController(Object(App\Controllers\Tiket))
#7 D:\Z-CI4 - coba\system\CodeIgniter.php(317): CodeIgniter\CodeIgniter->handleRequest(NULL, Object(Config\Cache), false)
#8 D:\Z-CI4 - coba\public\index.php(37): CodeIgniter\CodeIgniter->run()
#9 D:\Z-CI4 - coba\system\Commands\Server\rewrite.php(43): require_once('D:\\Z-CI4 - coba...')
#10 {main}
CRITICAL - 2021-12-11 04:41:41 --> Trying to access array offset on value of type null
#0 D:\Z-CI4 - coba\app\Views\tiket\detail.php(31): CodeIgniter\Debug\Exceptions->errorHandler(2, 'Trying to acces...', 'D:\\Z-CI4 - coba...', 31)
#1 D:\Z-CI4 - coba\system\View\View.php(214): include('D:\\Z-CI4 - coba...')
#2 D:\Z-CI4 - coba\system\View\View.php(217): CodeIgniter\View\View->CodeIgniter\View\{closure}()
#3 D:\Z-CI4 - coba\system\Common.php(1092): CodeIgniter\View\View->render('tiket/detail', Array, true)
#4 D:\Z-CI4 - coba\app\Controllers\Tiket.php(35): view('tiket/detail', Array)
#5 D:\Z-CI4 - coba\system\CodeIgniter.php(802): App\Controllers\Tiket->detail('create')
#6 D:\Z-CI4 - coba\system\CodeIgniter.php(399): CodeIgniter\CodeIgniter->runController(Object(App\Controllers\Tiket))
#7 D:\Z-CI4 - coba\system\CodeIgniter.php(317): CodeIgniter\CodeIgniter->handleRequest(NULL, Object(Config\Cache), false)
#8 D:\Z-CI4 - coba\public\index.php(37): CodeIgniter\CodeIgniter->run()
#9 D:\Z-CI4 - coba\system\Commands\Server\rewrite.php(43): require_once('D:\\Z-CI4 - coba...')
#10 {main}
CRITICAL - 2021-12-11 04:42:21 --> Trying to access array offset on value of type null
#0 D:\Z-CI4 - coba\app\Views\tiket\detail.php(31): CodeIgniter\Debug\Exceptions->errorHandler(2, 'Trying to acces...', 'D:\\Z-CI4 - coba...', 31)
#1 D:\Z-CI4 - coba\system\View\View.php(214): include('D:\\Z-CI4 - coba...')
#2 D:\Z-CI4 - coba\system\View\View.php(217): CodeIgniter\View\View->CodeIgniter\View\{closure}()
#3 D:\Z-CI4 - coba\system\Common.php(1092): CodeIgniter\View\View->render('tiket/detail', Array, true)
#4 D:\Z-CI4 - coba\app\Controllers\Tiket.php(35): view('tiket/detail', Array)
#5 D:\Z-CI4 - coba\system\CodeIgniter.php(802): App\Controllers\Tiket->detail('create')
#6 D:\Z-CI4 - coba\system\CodeIgniter.php(399): CodeIgniter\CodeIgniter->runController(Object(App\Controllers\Tiket))
#7 D:\Z-CI4 - coba\system\CodeIgniter.php(317): CodeIgniter\CodeIgniter->handleRequest(NULL, Object(Config\Cache), false)
#8 D:\Z-CI4 - coba\public\index.php(37): CodeIgniter\CodeIgniter->run()
#9 D:\Z-CI4 - coba\system\Commands\Server\rewrite.php(43): require_once('D:\\Z-CI4 - coba...')
#10 {main}
CRITICAL - 2021-12-11 04:42:39 --> Trying to access array offset on value of type null
#0 D:\Z-CI4 - coba\app\Views\tiket\detail.php(31): CodeIgniter\Debug\Exceptions->errorHandler(2, 'Trying to acces...', 'D:\\Z-CI4 - coba...', 31)
#1 D:\Z-CI4 - coba\system\View\View.php(214): include('D:\\Z-CI4 - coba...')
#2 D:\Z-CI4 - coba\system\View\View.php(217): CodeIgniter\View\View->CodeIgniter\View\{closure}()
#3 D:\Z-CI4 - coba\system\Common.php(1092): CodeIgniter\View\View->render('tiket/detail', Array, true)
#4 D:\Z-CI4 - coba\app\Controllers\Tiket.php(35): view('tiket/detail', Array)
#5 D:\Z-CI4 - coba\system\CodeIgniter.php(802): App\Controllers\Tiket->detail('create')
#6 D:\Z-CI4 - coba\system\CodeIgniter.php(399): CodeIgniter\CodeIgniter->runController(Object(App\Controllers\Tiket))
#7 D:\Z-CI4 - coba\system\CodeIgniter.php(317): CodeIgniter\CodeIgniter->handleRequest(NULL, Object(Config\Cache), false)
#8 D:\Z-CI4 - coba\public\index.php(37): CodeIgniter\CodeIgniter->run()
#9 D:\Z-CI4 - coba\system\Commands\Server\rewrite.php(43): require_once('D:\\Z-CI4 - coba...')
#10 {main}
CRITICAL - 2021-12-11 04:44:57 --> Trying to access array offset on value of type null
#0 D:\Z-CI4 - coba\app\Views\tiket\detail.php(31): CodeIgniter\Debug\Exceptions->errorHandler(2, 'Trying to acces...', 'D:\\Z-CI4 - coba...', 31)
#1 D:\Z-CI4 - coba\system\View\View.php(214): include('D:\\Z-CI4 - coba...')
#2 D:\Z-CI4 - coba\system\View\View.php(217): CodeIgniter\View\View->CodeIgniter\View\{closure}()
#3 D:\Z-CI4 - coba\system\Common.php(1092): CodeIgniter\View\View->render('tiket/detail', Array, true)
#4 D:\Z-CI4 - coba\app\Controllers\Tiket.php(35): view('tiket/detail', Array)
#5 D:\Z-CI4 - coba\system\CodeIgniter.php(802): App\Controllers\Tiket->detail('create')
#6 D:\Z-CI4 - coba\system\CodeIgniter.php(399): CodeIgniter\CodeIgniter->runController(Object(App\Controllers\Tiket))
#7 D:\Z-CI4 - coba\system\CodeIgniter.php(317): CodeIgniter\CodeIgniter->handleRequest(NULL, Object(Config\Cache), false)
#8 D:\Z-CI4 - coba\public\index.php(37): CodeIgniter\CodeIgniter->run()
#9 D:\Z-CI4 - coba\system\Commands\Server\rewrite.php(43): require_once('D:\\Z-CI4 - coba...')
#10 {main}
CRITICAL - 2021-12-11 04:51:25 --> Undefined variable $tiket
#0 D:\Z-CI4 - coba\app\Views\tiket\index.php(27): CodeIgniter\Debug\Exceptions->errorHandler(2, 'Undefined varia...', 'D:\\Z-CI4 - coba...', 27)
#1 D:\Z-CI4 - coba\system\View\View.php(214): include('D:\\Z-CI4 - coba...')
#2 D:\Z-CI4 - coba\system\View\View.php(217): CodeIgniter\View\View->CodeIgniter\View\{closure}()
#3 D:\Z-CI4 - coba\system\Common.php(1092): CodeIgniter\View\View->render('tiket/index', Array, true)
#4 D:\Z-CI4 - coba\app\Controllers\User.php(14): view('tiket/index', Array)
#5 D:\Z-CI4 - coba\system\CodeIgniter.php(802): App\Controllers\User->index()
#6 D:\Z-CI4 - coba\system\CodeIgniter.php(399): CodeIgniter\CodeIgniter->runController(Object(App\Controllers\User))
#7 D:\Z-CI4 - coba\system\CodeIgniter.php(317): CodeIgniter\CodeIgniter->handleRequest(NULL, Object(Config\Cache), false)
#8 D:\Z-CI4 - coba\public\index.php(37): CodeIgniter\CodeIgniter->run()
#9 D:\Z-CI4 - coba\system\Commands\Server\rewrite.php(43): require_once('D:\\Z-CI4 - coba...')
#10 {main}
CRITICAL - 2021-12-11 04:52:52 --> Undefined variable $tiket
#0 D:\Z-CI4 - coba\app\Views\tiket\index.php(27): CodeIgniter\Debug\Exceptions->errorHandler(2, 'Undefined varia...', 'D:\\Z-CI4 - coba...', 27)
#1 D:\Z-CI4 - coba\system\View\View.php(214): include('D:\\Z-CI4 - coba...')
#2 D:\Z-CI4 - coba\system\View\View.php(217): CodeIgniter\View\View->CodeIgniter\View\{closure}()
#3 D:\Z-CI4 - coba\system\Common.php(1092): CodeIgniter\View\View->render('tiket/index', Array, true)
#4 D:\Z-CI4 - coba\app\Controllers\User.php(14): view('tiket/index', Array)
#5 D:\Z-CI4 - coba\system\CodeIgniter.php(802): App\Controllers\User->index()
#6 D:\Z-CI4 - coba\system\CodeIgniter.php(399): CodeIgniter\CodeIgniter->runController(Object(App\Controllers\User))
#7 D:\Z-CI4 - coba\system\CodeIgniter.php(317): CodeIgniter\CodeIgniter->handleRequest(NULL, Object(Config\Cache), false)
#8 D:\Z-CI4 - coba\public\index.php(37): CodeIgniter\CodeIgniter->run()
#9 D:\Z-CI4 - coba\system\Commands\Server\rewrite.php(43): require_once('D:\\Z-CI4 - coba...')
#10 {main}
CRITICAL - 2021-12-11 04:52:53 --> Undefined variable $tiket
#0 D:\Z-CI4 - coba\app\Views\tiket\index.php(27): CodeIgniter\Debug\Exceptions->errorHandler(2, 'Undefined varia...', 'D:\\Z-CI4 - coba...', 27)
#1 D:\Z-CI4 - coba\system\View\View.php(214): include('D:\\Z-CI4 - coba...')
#2 D:\Z-CI4 - coba\system\View\View.php(217): CodeIgniter\View\View->CodeIgniter\View\{closure}()
#3 D:\Z-CI4 - coba\system\Common.php(1092): CodeIgniter\View\View->render('tiket/index', Array, true)
#4 D:\Z-CI4 - coba\app\Controllers\User.php(14): view('tiket/index', Array)
#5 D:\Z-CI4 - coba\system\CodeIgniter.php(802): App\Controllers\User->index()
#6 D:\Z-CI4 - coba\system\CodeIgniter.php(399): CodeIgniter\CodeIgniter->runController(Object(App\Controllers\User))
#7 D:\Z-CI4 - coba\system\CodeIgniter.php(317): CodeIgniter\CodeIgniter->handleRequest(NULL, Object(Config\Cache), false)
#8 D:\Z-CI4 - coba\public\index.php(37): CodeIgniter\CodeIgniter->run()
#9 D:\Z-CI4 - coba\system\Commands\Server\rewrite.php(43): require_once('D:\\Z-CI4 - coba...')
#10 {main}
CRITICAL - 2021-12-11 04:54:33 --> Undefined variable $tiket
#0 D:\Z-CI4 - coba\app\Views\tiket\index.php(27): CodeIgniter\Debug\Exceptions->errorHandler(2, 'Undefined varia...', 'D:\\Z-CI4 - coba...', 27)
#1 D:\Z-CI4 - coba\system\View\View.php(214): include('D:\\Z-CI4 - coba...')
#2 D:\Z-CI4 - coba\system\View\View.php(217): CodeIgniter\View\View->CodeIgniter\View\{closure}()
#3 D:\Z-CI4 - coba\system\Common.php(1092): CodeIgniter\View\View->render('tiket/index', Array, true)
#4 D:\Z-CI4 - coba\app\Controllers\User.php(14): view('tiket/index', Array)
#5 D:\Z-CI4 - coba\system\CodeIgniter.php(802): App\Controllers\User->index()
#6 D:\Z-CI4 - coba\system\CodeIgniter.php(399): CodeIgniter\CodeIgniter->runController(Object(App\Controllers\User))
#7 D:\Z-CI4 - coba\system\CodeIgniter.php(317): CodeIgniter\CodeIgniter->handleRequest(NULL, Object(Config\Cache), false)
#8 D:\Z-CI4 - coba\public\index.php(37): CodeIgniter\CodeIgniter->run()
#9 D:\Z-CI4 - coba\system\Commands\Server\rewrite.php(43): require_once('D:\\Z-CI4 - coba...')
#10 {main}
CRITICAL - 2021-12-11 04:54:35 --> Undefined variable $tiket
#0 D:\Z-CI4 - coba\app\Views\tiket\index.php(27): CodeIgniter\Debug\Exceptions->errorHandler(2, 'Undefined varia...', 'D:\\Z-CI4 - coba...', 27)
#1 D:\Z-CI4 - coba\system\View\View.php(214): include('D:\\Z-CI4 - coba...')
#2 D:\Z-CI4 - coba\system\View\View.php(217): CodeIgniter\View\View->CodeIgniter\View\{closure}()
#3 D:\Z-CI4 - coba\system\Common.php(1092): CodeIgniter\View\View->render('tiket/index', Array, true)
#4 D:\Z-CI4 - coba\app\Controllers\User.php(14): view('tiket/index', Array)
#5 D:\Z-CI4 - coba\system\CodeIgniter.php(802): App\Controllers\User->index()
#6 D:\Z-CI4 - coba\system\CodeIgniter.php(399): CodeIgniter\CodeIgniter->runController(Object(App\Controllers\User))
#7 D:\Z-CI4 - coba\system\CodeIgniter.php(317): CodeIgniter\CodeIgniter->handleRequest(NULL, Object(Config\Cache), false)
#8 D:\Z-CI4 - coba\public\index.php(37): CodeIgniter\CodeIgniter->run()
#9 D:\Z-CI4 - coba\system\Commands\Server\rewrite.php(43): require_once('D:\\Z-CI4 - coba...')
#10 {main}
CRITICAL - 2021-12-11 04:55:56 --> Undefined variable $tiket
#0 D:\Z-CI4 - coba\app\Views\tiket\index.php(27): CodeIgniter\Debug\Exceptions->errorHandler(2, 'Undefined varia...', 'D:\\Z-CI4 - coba...', 27)
#1 D:\Z-CI4 - coba\system\View\View.php(214): include('D:\\Z-CI4 - coba...')
#2 D:\Z-CI4 - coba\system\View\View.php(217): CodeIgniter\View\View->CodeIgniter\View\{closure}()
#3 D:\Z-CI4 - coba\system\Common.php(1092): CodeIgniter\View\View->render('tiket/index', Array, true)
#4 D:\Z-CI4 - coba\app\Controllers\User.php(14): view('tiket/index', Array)
#5 D:\Z-CI4 - coba\system\CodeIgniter.php(802): App\Controllers\User->index()
#6 D:\Z-CI4 - coba\system\CodeIgniter.php(399): CodeIgniter\CodeIgniter->runController(Object(App\Controllers\User))
#7 D:\Z-CI4 - coba\system\CodeIgniter.php(317): CodeIgniter\CodeIgniter->handleRequest(NULL, Object(Config\Cache), false)
#8 D:\Z-CI4 - coba\public\index.php(37): CodeIgniter\CodeIgniter->run()
#9 D:\Z-CI4 - coba\system\Commands\Server\rewrite.php(43): require_once('D:\\Z-CI4 - coba...')
#10 {main}
CRITICAL - 2021-12-11 04:56:07 --> Undefined variable $tiket
#0 D:\Z-CI4 - coba\app\Views\tiket\index.php(27): CodeIgniter\Debug\Exceptions->errorHandler(2, 'Undefined varia...', 'D:\\Z-CI4 - coba...', 27)
#1 D:\Z-CI4 - coba\system\View\View.php(214): include('D:\\Z-CI4 - coba...')
#2 D:\Z-CI4 - coba\system\View\View.php(217): CodeIgniter\View\View->CodeIgniter\View\{closure}()
#3 D:\Z-CI4 - coba\system\Common.php(1092): CodeIgniter\View\View->render('tiket/index', Array, true)
#4 D:\Z-CI4 - coba\app\Controllers\User.php(14): view('tiket/index', Array)
#5 D:\Z-CI4 - coba\system\CodeIgniter.php(802): App\Controllers\User->index()
#6 D:\Z-CI4 - coba\system\CodeIgniter.php(399): CodeIgniter\CodeIgniter->runController(Object(App\Controllers\User))
#7 D:\Z-CI4 - coba\system\CodeIgniter.php(317): CodeIgniter\CodeIgniter->handleRequest(NULL, Object(Config\Cache), false)
#8 D:\Z-CI4 - coba\public\index.php(37): CodeIgniter\CodeIgniter->run()
#9 D:\Z-CI4 - coba\system\Commands\Server\rewrite.php(43): require_once('D:\\Z-CI4 - coba...')
#10 {main}
CRITICAL - 2021-12-11 04:56:10 --> Undefined variable $tiket
#0 D:\Z-CI4 - coba\app\Views\tiket\index.php(27): CodeIgniter\Debug\Exceptions->errorHandler(2, 'Undefined varia...', 'D:\\Z-CI4 - coba...', 27)
#1 D:\Z-CI4 - coba\system\View\View.php(214): include('D:\\Z-CI4 - coba...')
#2 D:\Z-CI4 - coba\system\View\View.php(217): CodeIgniter\View\View->CodeIgniter\View\{closure}()
#3 D:\Z-CI4 - coba\system\Common.php(1092): CodeIgniter\View\View->render('tiket/index', Array, true)
#4 D:\Z-CI4 - coba\app\Controllers\User.php(14): view('tiket/index', Array)
#5 D:\Z-CI4 - coba\system\CodeIgniter.php(802): App\Controllers\User->index()
#6 D:\Z-CI4 - coba\system\CodeIgniter.php(399): CodeIgniter\CodeIgniter->runController(Object(App\Controllers\User))
#7 D:\Z-CI4 - coba\system\CodeIgniter.php(317): CodeIgniter\CodeIgniter->handleRequest(NULL, Object(Config\Cache), false)
#8 D:\Z-CI4 - coba\public\index.php(37): CodeIgniter\CodeIgniter->run()
#9 D:\Z-CI4 - coba\system\Commands\Server\rewrite.php(43): require_once('D:\\Z-CI4 - coba...')
#10 {main}
CRITICAL - 2021-12-11 04:56:43 --> Undefined variable $tiket
#0 D:\Z-CI4 - coba\app\Views\tiket\index.php(27): CodeIgniter\Debug\Exceptions->errorHandler(2, 'Undefined varia...', 'D:\\Z-CI4 - coba...', 27)
#1 D:\Z-CI4 - coba\system\View\View.php(214): include('D:\\Z-CI4 - coba...')
#2 D:\Z-CI4 - coba\system\View\View.php(217): CodeIgniter\View\View->CodeIgniter\View\{closure}()
#3 D:\Z-CI4 - coba\system\Common.php(1092): CodeIgniter\View\View->render('tiket/index', Array, true)
#4 D:\Z-CI4 - coba\app\Controllers\User.php(14): view('tiket/index', Array)
#5 D:\Z-CI4 - coba\system\CodeIgniter.php(802): App\Controllers\User->index()
#6 D:\Z-CI4 - coba\system\CodeIgniter.php(399): CodeIgniter\CodeIgniter->runController(Object(App\Controllers\User))
#7 D:\Z-CI4 - coba\system\CodeIgniter.php(317): CodeIgniter\CodeIgniter->handleRequest(NULL, Object(Config\Cache), false)
#8 D:\Z-CI4 - coba\public\index.php(37): CodeIgniter\CodeIgniter->run()
#9 D:\Z-CI4 - coba\system\Commands\Server\rewrite.php(43): require_once('D:\\Z-CI4 - coba...')
#10 {main}
CRITICAL - 2021-12-11 08:14:38 --> Undefined variable $tiket
#0 D:\Z-CI4 - coba\app\Views\tiket\index.php(27): CodeIgniter\Debug\Exceptions->errorHandler(2, 'Undefined varia...', 'D:\\Z-CI4 - coba...', 27)
#1 D:\Z-CI4 - coba\system\View\View.php(214): include('D:\\Z-CI4 - coba...')
#2 D:\Z-CI4 - coba\system\View\View.php(217): CodeIgniter\View\View->CodeIgniter\View\{closure}()
#3 D:\Z-CI4 - coba\system\Common.php(1092): CodeIgniter\View\View->render('tiket/index', Array, true)
#4 D:\Z-CI4 - coba\app\Controllers\User.php(14): view('tiket/index', Array)
#5 D:\Z-CI4 - coba\system\CodeIgniter.php(802): App\Controllers\User->index()
#6 D:\Z-CI4 - coba\system\CodeIgniter.php(399): CodeIgniter\CodeIgniter->runController(Object(App\Controllers\User))
#7 D:\Z-CI4 - coba\system\CodeIgniter.php(317): CodeIgniter\CodeIgniter->handleRequest(NULL, Object(Config\Cache), false)
#8 D:\Z-CI4 - coba\public\index.php(37): CodeIgniter\CodeIgniter->run()
#9 D:\Z-CI4 - coba\system\Commands\Server\rewrite.php(43): require_once('D:\\Z-CI4 - coba...')
#10 {main}
CRITICAL - 2021-12-11 08:15:17 --> Undefined variable $tiket
#0 D:\Z-CI4 - coba\app\Views\tiket\index.php(27): CodeIgniter\Debug\Exceptions->errorHandler(2, 'Undefined varia...', 'D:\\Z-CI4 - coba...', 27)
#1 D:\Z-CI4 - coba\system\View\View.php(214): include('D:\\Z-CI4 - coba...')
#2 D:\Z-CI4 - coba\system\View\View.php(217): CodeIgniter\View\View->CodeIgniter\View\{closure}()
#3 D:\Z-CI4 - coba\system\Common.php(1092): CodeIgniter\View\View->render('tiket/index', Array, true)
#4 D:\Z-CI4 - coba\app\Controllers\User.php(14): view('tiket/index', Array)
#5 D:\Z-CI4 - coba\system\CodeIgniter.php(802): App\Controllers\User->index()
#6 D:\Z-CI4 - coba\system\CodeIgniter.php(399): CodeIgniter\CodeIgniter->runController(Object(App\Controllers\User))
#7 D:\Z-CI4 - coba\system\CodeIgniter.php(317): CodeIgniter\CodeIgniter->handleRequest(NULL, Object(Config\Cache), false)
#8 D:\Z-CI4 - coba\public\index.php(37): CodeIgniter\CodeIgniter->run()
#9 D:\Z-CI4 - coba\system\Commands\Server\rewrite.php(43): require_once('D:\\Z-CI4 - coba...')
#10 {main}
CRITICAL - 2021-12-11 08:16:23 --> Undefined variable $tiket
#0 D:\Z-CI4 - coba\app\Views\tiket\index.php(27): CodeIgniter\Debug\Exceptions->errorHandler(2, 'Undefined varia...', 'D:\\Z-CI4 - coba...', 27)
#1 D:\Z-CI4 - coba\system\View\View.php(214): include('D:\\Z-CI4 - coba...')
#2 D:\Z-CI4 - coba\system\View\View.php(217): CodeIgniter\View\View->CodeIgniter\View\{closure}()
#3 D:\Z-CI4 - coba\system\Common.php(1092): CodeIgniter\View\View->render('tiket/index', Array, true)
#4 D:\Z-CI4 - coba\app\Controllers\User.php(14): view('tiket/index', Array)
#5 D:\Z-CI4 - coba\system\CodeIgniter.php(802): App\Controllers\User->index()
#6 D:\Z-CI4 - coba\system\CodeIgniter.php(399): CodeIgniter\CodeIgniter->runController(Object(App\Controllers\User))
#7 D:\Z-CI4 - coba\system\CodeIgniter.php(317): CodeIgniter\CodeIgniter->handleRequest(NULL, Object(Config\Cache), false)
#8 D:\Z-CI4 - coba\public\index.php(37): CodeIgniter\CodeIgniter->run()
#9 D:\Z-CI4 - coba\system\Commands\Server\rewrite.php(43): require_once('D:\\Z-CI4 - coba...')
#10 {main}
CRITICAL - 2021-12-11 08:16:43 --> Undefined variable $tiket
#0 D:\Z-CI4 - coba\app\Views\tiket\index.php(27): CodeIgniter\Debug\Exceptions->errorHandler(2, 'Undefined varia...', 'D:\\Z-CI4 - coba...', 27)
#1 D:\Z-CI4 - coba\system\View\View.php(214): include('D:\\Z-CI4 - coba...')
#2 D:\Z-CI4 - coba\system\View\View.php(217): CodeIgniter\View\View->CodeIgniter\View\{closure}()
#3 D:\Z-CI4 - coba\system\Common.php(1092): CodeIgniter\View\View->render('tiket/index', Array, true)
#4 D:\Z-CI4 - coba\app\Controllers\User.php(14): view('tiket/index', Array)
#5 D:\Z-CI4 - coba\system\CodeIgniter.php(802): App\Controllers\User->index()
#6 D:\Z-CI4 - coba\system\CodeIgniter.php(399): CodeIgniter\CodeIgniter->runController(Object(App\Controllers\User))
#7 D:\Z-CI4 - coba\system\CodeIgniter.php(317): CodeIgniter\CodeIgniter->handleRequest(NULL, Object(Config\Cache), false)
#8 D:\Z-CI4 - coba\public\index.php(37): CodeIgniter\CodeIgniter->run()
#9 D:\Z-CI4 - coba\system\Commands\Server\rewrite.php(43): require_once('D:\\Z-CI4 - coba...')
#10 {main}
CRITICAL - 2021-12-11 08:17:31 --> Undefined variable $tiket
#0 D:\Z-CI4 - coba\app\Views\tiket\index.php(27): CodeIgniter\Debug\Exceptions->errorHandler(2, 'Undefined varia...', 'D:\\Z-CI4 - coba...', 27)
#1 D:\Z-CI4 - coba\system\View\View.php(214): include('D:\\Z-CI4 - coba...')
#2 D:\Z-CI4 - coba\system\View\View.php(217): CodeIgniter\View\View->CodeIgniter\View\{closure}()
#3 D:\Z-CI4 - coba\system\Common.php(1092): CodeIgniter\View\View->render('tiket/index', Array, true)
#4 D:\Z-CI4 - coba\app\Controllers\User.php(14): view('tiket/index', Array)
#5 D:\Z-CI4 - coba\system\CodeIgniter.php(802): App\Controllers\User->index()
#6 D:\Z-CI4 - coba\system\CodeIgniter.php(399): CodeIgniter\CodeIgniter->runController(Object(App\Controllers\User))
#7 D:\Z-CI4 - coba\system\CodeIgniter.php(317): CodeIgniter\CodeIgniter->handleRequest(NULL, Object(Config\Cache), false)
#8 D:\Z-CI4 - coba\public\index.php(37): CodeIgniter\CodeIgniter->run()
#9 D:\Z-CI4 - coba\system\Commands\Server\rewrite.php(43): require_once('D:\\Z-CI4 - coba...')
#10 {main}
CRITICAL - 2021-12-11 08:25:50 --> Undefined variable $tiket
#0 D:\Z-CI4 - coba\app\Views\tiket\index.php(27): CodeIgniter\Debug\Exceptions->errorHandler(2, 'Undefined varia...', 'D:\\Z-CI4 - coba...', 27)
#1 D:\Z-CI4 - coba\system\View\View.php(214): include('D:\\Z-CI4 - coba...')
#2 D:\Z-CI4 - coba\system\View\View.php(217): CodeIgniter\View\View->CodeIgniter\View\{closure}()
#3 D:\Z-CI4 - coba\system\Common.php(1092): CodeIgniter\View\View->render('tiket/index', Array, true)
#4 D:\Z-CI4 - coba\app\Controllers\User.php(14): view('tiket/index', Array)
#5 D:\Z-CI4 - coba\system\CodeIgniter.php(802): App\Controllers\User->index()
#6 D:\Z-CI4 - coba\system\CodeIgniter.php(399): CodeIgniter\CodeIgniter->runController(Object(App\Controllers\User))
#7 D:\Z-CI4 - coba\system\CodeIgniter.php(317): CodeIgniter\CodeIgniter->handleRequest(NULL, Object(Config\Cache), false)
#8 D:\Z-CI4 - coba\public\index.php(37): CodeIgniter\CodeIgniter->run()
#9 D:\Z-CI4 - coba\system\Commands\Server\rewrite.php(43): require_once('D:\\Z-CI4 - coba...')
#10 {main}
CRITICAL - 2021-12-11 08:25:52 --> Undefined variable $tiket
#0 D:\Z-CI4 - coba\app\Views\tiket\index.php(27): CodeIgniter\Debug\Exceptions->errorHandler(2, 'Undefined varia...', 'D:\\Z-CI4 - coba...', 27)
#1 D:\Z-CI4 - coba\system\View\View.php(214): include('D:\\Z-CI4 - coba...')
#2 D:\Z-CI4 - coba\system\View\View.php(217): CodeIgniter\View\View->CodeIgniter\View\{closure}()
#3 D:\Z-CI4 - coba\system\Common.php(1092): CodeIgniter\View\View->render('tiket/index', Array, true)
#4 D:\Z-CI4 - coba\app\Controllers\User.php(14): view('tiket/index', Array)
#5 D:\Z-CI4 - coba\system\CodeIgniter.php(802): App\Controllers\User->index()
#6 D:\Z-CI4 - coba\system\CodeIgniter.php(399): CodeIgniter\CodeIgniter->runController(Object(App\Controllers\User))
#7 D:\Z-CI4 - coba\system\CodeIgniter.php(317): CodeIgniter\CodeIgniter->handleRequest(NULL, Object(Config\Cache), false)
#8 D:\Z-CI4 - coba\public\index.php(37): CodeIgniter\CodeIgniter->run()
#9 D:\Z-CI4 - coba\system\Commands\Server\rewrite.php(43): require_once('D:\\Z-CI4 - coba...')
#10 {main}
CRITICAL - 2021-12-11 08:26:04 --> Undefined variable $tiket
#0 D:\Z-CI4 - coba\app\Views\tiket\index.php(27): CodeIgniter\Debug\Exceptions->errorHandler(2, 'Undefined varia...', 'D:\\Z-CI4 - coba...', 27)
#1 D:\Z-CI4 - coba\system\View\View.php(214): include('D:\\Z-CI4 - coba...')
#2 D:\Z-CI4 - coba\system\View\View.php(217): CodeIgniter\View\View->CodeIgniter\View\{closure}()
#3 D:\Z-CI4 - coba\system\Common.php(1092): CodeIgniter\View\View->render('tiket/index', Array, true)
#4 D:\Z-CI4 - coba\app\Controllers\User.php(14): view('tiket/index', Array)
#5 D:\Z-CI4 - coba\system\CodeIgniter.php(802): App\Controllers\User->index()
#6 D:\Z-CI4 - coba\system\CodeIgniter.php(399): CodeIgniter\CodeIgniter->runController(Object(App\Controllers\User))
#7 D:\Z-CI4 - coba\system\CodeIgniter.php(317): CodeIgniter\CodeIgniter->handleRequest(NULL, Object(Config\Cache), false)
#8 D:\Z-CI4 - coba\public\index.php(37): CodeIgniter\CodeIgniter->run()
#9 D:\Z-CI4 - coba\system\Commands\Server\rewrite.php(43): require_once('D:\\Z-CI4 - coba...')
#10 {main}
CRITICAL - 2021-12-11 08:28:56 --> Undefined variable $tiket
#0 D:\Z-CI4 - coba\app\Views\tiket\index.php(27): CodeIgniter\Debug\Exceptions->errorHandler(2, 'Undefined varia...', 'D:\\Z-CI4 - coba...', 27)
#1 D:\Z-CI4 - coba\system\View\View.php(214): include('D:\\Z-CI4 - coba...')
#2 D:\Z-CI4 - coba\system\View\View.php(217): CodeIgniter\View\View->CodeIgniter\View\{closure}()
#3 D:\Z-CI4 - coba\system\Common.php(1092): CodeIgniter\View\View->render('tiket/index', Array, true)
#4 D:\Z-CI4 - coba\app\Controllers\User.php(14): view('tiket/index', Array)
#5 D:\Z-CI4 - coba\system\CodeIgniter.php(802): App\Controllers\User->index()
#6 D:\Z-CI4 - coba\system\CodeIgniter.php(399): CodeIgniter\CodeIgniter->runController(Object(App\Controllers\User))
#7 D:\Z-CI4 - coba\system\CodeIgniter.php(317): CodeIgniter\CodeIgniter->handleRequest(NULL, Object(Config\Cache), false)
#8 D:\Z-CI4 - coba\public\index.php(37): CodeIgniter\CodeIgniter->run()
#9 D:\Z-CI4 - coba\system\Commands\Server\rewrite.php(43): require_once('D:\\Z-CI4 - coba...')
#10 {main}
CRITICAL - 2021-12-11 08:29:34 --> Undefined variable $tiket
#0 D:\Z-CI4 - coba\app\Views\tiket\index.php(27): CodeIgniter\Debug\Exceptions->errorHandler(2, 'Undefined varia...', 'D:\\Z-CI4 - coba...', 27)
#1 D:\Z-CI4 - coba\system\View\View.php(214): include('D:\\Z-CI4 - coba...')
#2 D:\Z-CI4 - coba\system\View\View.php(217): CodeIgniter\View\View->CodeIgniter\View\{closure}()
#3 D:\Z-CI4 - coba\system\Common.php(1092): CodeIgniter\View\View->render('tiket/index', Array, true)
#4 D:\Z-CI4 - coba\app\Controllers\User.php(14): view('tiket/index', Array)
#5 D:\Z-CI4 - coba\system\CodeIgniter.php(802): App\Controllers\User->index()
#6 D:\Z-CI4 - coba\system\CodeIgniter.php(399): CodeIgniter\CodeIgniter->runController(Object(App\Controllers\User))
#7 D:\Z-CI4 - coba\system\CodeIgniter.php(317): CodeIgniter\CodeIgniter->handleRequest(NULL, Object(Config\Cache), false)
#8 D:\Z-CI4 - coba\public\index.php(37): CodeIgniter\CodeIgniter->run()
#9 D:\Z-CI4 - coba\system\Commands\Server\rewrite.php(43): require_once('D:\\Z-CI4 - coba...')
#10 {main}
CRITICAL - 2021-12-11 08:40:44 --> Undefined variable $tiket
#0 D:\Z-CI4 - coba\app\Views\tiket\index.php(27): CodeIgniter\Debug\Exceptions->errorHandler(2, 'Undefined varia...', 'D:\\Z-CI4 - coba...', 27)
#1 D:\Z-CI4 - coba\system\View\View.php(214): include('D:\\Z-CI4 - coba...')
#2 D:\Z-CI4 - coba\system\View\View.php(217): CodeIgniter\View\View->CodeIgniter\View\{closure}()
#3 D:\Z-CI4 - coba\system\Common.php(1092): CodeIgniter\View\View->render('tiket/index', Array, true)
#4 D:\Z-CI4 - coba\app\Controllers\User.php(14): view('tiket/index', Array)
#5 D:\Z-CI4 - coba\system\CodeIgniter.php(802): App\Controllers\User->index()
#6 D:\Z-CI4 - coba\system\CodeIgniter.php(399): CodeIgniter\CodeIgniter->runController(Object(App\Controllers\User))
#7 D:\Z-CI4 - coba\system\CodeIgniter.php(317): CodeIgniter\CodeIgniter->handleRequest(NULL, Object(Config\Cache), false)
#8 D:\Z-CI4 - coba\public\index.php(37): CodeIgniter\CodeIgniter->run()
#9 D:\Z-CI4 - coba\system\Commands\Server\rewrite.php(43): require_once('D:\\Z-CI4 - coba...')
#10 {main}
CRITICAL - 2021-12-11 08:45:50 --> Undefined variable $tiket
#0 D:\Z-CI4 - coba\app\Views\tiket\index.php(27): CodeIgniter\Debug\Exceptions->errorHandler(2, 'Undefined varia...', 'D:\\Z-CI4 - coba...', 27)
#1 D:\Z-CI4 - coba\system\View\View.php(214): include('D:\\Z-CI4 - coba...')
#2 D:\Z-CI4 - coba\system\View\View.php(217): CodeIgniter\View\View->CodeIgniter\View\{closure}()
#3 D:\Z-CI4 - coba\system\Common.php(1092): CodeIgniter\View\View->render('tiket/index', Array, true)
#4 D:\Z-CI4 - coba\app\Controllers\User.php(14): view('tiket/index', Array)
#5 D:\Z-CI4 - coba\system\CodeIgniter.php(802): App\Controllers\User->index()
#6 D:\Z-CI4 - coba\system\CodeIgniter.php(399): CodeIgniter\CodeIgniter->runController(Object(App\Controllers\User))
#7 D:\Z-CI4 - coba\system\CodeIgniter.php(317): CodeIgniter\CodeIgniter->handleRequest(NULL, Object(Config\Cache), false)
#8 D:\Z-CI4 - coba\public\index.php(37): CodeIgniter\CodeIgniter->run()
#9 D:\Z-CI4 - coba\system\Commands\Server\rewrite.php(43): require_once('D:\\Z-CI4 - coba...')
#10 {main}
CRITICAL - 2021-12-11 08:45:52 --> Undefined variable $tiket
#0 D:\Z-CI4 - coba\app\Views\tiket\index.php(27): CodeIgniter\Debug\Exceptions->errorHandler(2, 'Undefined varia...', 'D:\\Z-CI4 - coba...', 27)
#1 D:\Z-CI4 - coba\system\View\View.php(214): include('D:\\Z-CI4 - coba...')
#2 D:\Z-CI4 - coba\system\View\View.php(217): CodeIgniter\View\View->CodeIgniter\View\{closure}()
#3 D:\Z-CI4 - coba\system\Common.php(1092): CodeIgniter\View\View->render('tiket/index', Array, true)
#4 D:\Z-CI4 - coba\app\Controllers\User.php(14): view('tiket/index', Array)
#5 D:\Z-CI4 - coba\system\CodeIgniter.php(802): App\Controllers\User->index()
#6 D:\Z-CI4 - coba\system\CodeIgniter.php(399): CodeIgniter\CodeIgniter->runController(Object(App\Controllers\User))
#7 D:\Z-CI4 - coba\system\CodeIgniter.php(317): CodeIgniter\CodeIgniter->handleRequest(NULL, Object(Config\Cache), false)
#8 D:\Z-CI4 - coba\public\index.php(37): CodeIgniter\CodeIgniter->run()
#9 D:\Z-CI4 - coba\system\Commands\Server\rewrite.php(43): require_once('D:\\Z-CI4 - coba...')
#10 {main}
CRITICAL - 2021-12-11 08:45:57 --> Undefined variable $tiket
#0 D:\Z-CI4 - coba\app\Views\tiket\index.php(27): CodeIgniter\Debug\Exceptions->errorHandler(2, 'Undefined varia...', 'D:\\Z-CI4 - coba...', 27)
#1 D:\Z-CI4 - coba\system\View\View.php(214): include('D:\\Z-CI4 - coba...')
#2 D:\Z-CI4 - coba\system\View\View.php(217): CodeIgniter\View\View->CodeIgniter\View\{closure}()
#3 D:\Z-CI4 - coba\system\Common.php(1092): CodeIgniter\View\View->render('tiket/index', Array, true)
#4 D:\Z-CI4 - coba\app\Controllers\User.php(14): view('tiket/index', Array)
#5 D:\Z-CI4 - coba\system\CodeIgniter.php(802): App\Controllers\User->index()
#6 D:\Z-CI4 - coba\system\CodeIgniter.php(399): CodeIgniter\CodeIgniter->runController(Object(App\Controllers\User))
#7 D:\Z-CI4 - coba\system\CodeIgniter.php(317): CodeIgniter\CodeIgniter->handleRequest(NULL, Object(Config\Cache), false)
#8 D:\Z-CI4 - coba\public\index.php(37): CodeIgniter\CodeIgniter->run()
#9 D:\Z-CI4 - coba\system\Commands\Server\rewrite.php(43): require_once('D:\\Z-CI4 - coba...')
#10 {main}
CRITICAL - 2021-12-11 08:46:30 --> Undefined variable $tiket
#0 D:\Z-CI4 - coba\app\Views\tiket\index.php(27): CodeIgniter\Debug\Exceptions->errorHandler(2, 'Undefined varia...', 'D:\\Z-CI4 - coba...', 27)
#1 D:\Z-CI4 - coba\system\View\View.php(214): include('D:\\Z-CI4 - coba...')
#2 D:\Z-CI4 - coba\system\View\View.php(217): CodeIgniter\View\View->CodeIgniter\View\{closure}()
#3 D:\Z-CI4 - coba\system\Common.php(1092): CodeIgniter\View\View->render('tiket/index', Array, true)
#4 D:\Z-CI4 - coba\app\Controllers\User.php(14): view('tiket/index', Array)
#5 D:\Z-CI4 - coba\system\CodeIgniter.php(802): App\Controllers\User->index()
#6 D:\Z-CI4 - coba\system\CodeIgniter.php(399): CodeIgniter\CodeIgniter->runController(Object(App\Controllers\User))
#7 D:\Z-CI4 - coba\system\CodeIgniter.php(317): CodeIgniter\CodeIgniter->handleRequest(NULL, Object(Config\Cache), false)
#8 D:\Z-CI4 - coba\public\index.php(37): CodeIgniter\CodeIgniter->run()
#9 D:\Z-CI4 - coba\system\Commands\Server\rewrite.php(43): require_once('D:\\Z-CI4 - coba...')
#10 {main}
CRITICAL - 2021-12-11 08:46:30 --> Undefined variable $tiket
#0 D:\Z-CI4 - coba\app\Views\tiket\index.php(27): CodeIgniter\Debug\Exceptions->errorHandler(2, 'Undefined varia...', 'D:\\Z-CI4 - coba...', 27)
#1 D:\Z-CI4 - coba\system\View\View.php(214): include('D:\\Z-CI4 - coba...')
#2 D:\Z-CI4 - coba\system\View\View.php(217): CodeIgniter\View\View->CodeIgniter\View\{closure}()
#3 D:\Z-CI4 - coba\system\Common.php(1092): CodeIgniter\View\View->render('tiket/index', Array, true)
#4 D:\Z-CI4 - coba\app\Controllers\User.php(14): view('tiket/index', Array)
#5 D:\Z-CI4 - coba\system\CodeIgniter.php(802): App\Controllers\User->index()
#6 D:\Z-CI4 - coba\system\CodeIgniter.php(399): CodeIgniter\CodeIgniter->runController(Object(App\Controllers\User))
#7 D:\Z-CI4 - coba\system\CodeIgniter.php(317): CodeIgniter\CodeIgniter->handleRequest(NULL, Object(Config\Cache), false)
#8 D:\Z-CI4 - coba\public\index.php(37): CodeIgniter\CodeIgniter->run()
#9 D:\Z-CI4 - coba\system\Commands\Server\rewrite.php(43): require_once('D:\\Z-CI4 - coba...')
#10 {main}
CRITICAL - 2021-12-11 08:55:14 --> Undefined variable $tiket
#0 D:\Z-CI4 - coba\app\Views\tiket\index.php(27): CodeIgniter\Debug\Exceptions->errorHandler(2, 'Undefined varia...', 'D:\\Z-CI4 - coba...', 27)
#1 D:\Z-CI4 - coba\system\View\View.php(214): include('D:\\Z-CI4 - coba...')
#2 D:\Z-CI4 - coba\system\View\View.php(217): CodeIgniter\View\View->CodeIgniter\View\{closure}()
#3 D:\Z-CI4 - coba\system\Common.php(1092): CodeIgniter\View\View->render('tiket/index', Array, true)
#4 D:\Z-CI4 - coba\app\Controllers\User.php(14): view('tiket/index', Array)
#5 D:\Z-CI4 - coba\system\CodeIgniter.php(802): App\Controllers\User->index()
#6 D:\Z-CI4 - coba\system\CodeIgniter.php(399): CodeIgniter\CodeIgniter->runController(Object(App\Controllers\User))
#7 D:\Z-CI4 - coba\system\CodeIgniter.php(317): CodeIgniter\CodeIgniter->handleRequest(NULL, Object(Config\Cache), false)
#8 D:\Z-CI4 - coba\public\index.php(37): CodeIgniter\CodeIgniter->run()
#9 D:\Z-CI4 - coba\system\Commands\Server\rewrite.php(43): require_once('D:\\Z-CI4 - coba...')
#10 {main}
CRITICAL - 2021-12-11 09:08:05 --> Trying to access array offset on value of type null
#0 D:\Z-CI4 - coba\app\Views\tiket\detail.php(31): CodeIgniter\Debug\Exceptions->errorHandler(2, 'Trying to acces...', 'D:\\Z-CI4 - coba...', 31)
#1 D:\Z-CI4 - coba\system\View\View.php(214): include('D:\\Z-CI4 - coba...')
#2 D:\Z-CI4 - coba\system\View\View.php(217): CodeIgniter\View\View->CodeIgniter\View\{closure}()
#3 D:\Z-CI4 - coba\system\Common.php(1092): CodeIgniter\View\View->render('tiket/detail', Array, true)
#4 D:\Z-CI4 - coba\app\Controllers\Tiket.php(35): view('tiket/detail', Array)
#5 D:\Z-CI4 - coba\system\CodeIgniter.php(802): App\Controllers\Tiket->detail('detail')
#6 D:\Z-CI4 - coba\system\CodeIgniter.php(399): CodeIgniter\CodeIgniter->runController(Object(App\Controllers\Tiket))
#7 D:\Z-CI4 - coba\system\CodeIgniter.php(317): CodeIgniter\CodeIgniter->handleRequest(NULL, Object(Config\Cache), false)
#8 D:\Z-CI4 - coba\public\index.php(37): CodeIgniter\CodeIgniter->run()
#9 D:\Z-CI4 - coba\system\Commands\Server\rewrite.php(43): require_once('D:\\Z-CI4 - coba...')
#10 {main}
CRITICAL - 2021-12-11 09:08:44 --> Trying to access array offset on value of type null
#0 D:\Z-CI4 - coba\app\Views\tiket\detail.php(31): CodeIgniter\Debug\Exceptions->errorHandler(2, 'Trying to acces...', 'D:\\Z-CI4 - coba...', 31)
#1 D:\Z-CI4 - coba\system\View\View.php(214): include('D:\\Z-CI4 - coba...')
#2 D:\Z-CI4 - coba\system\View\View.php(217): CodeIgniter\View\View->CodeIgniter\View\{closure}()
#3 D:\Z-CI4 - coba\system\Common.php(1092): CodeIgniter\View\View->render('tiket/detail', Array, true)
#4 D:\Z-CI4 - coba\app\Controllers\Tiket.php(35): view('tiket/detail', Array)
#5 D:\Z-CI4 - coba\system\CodeIgniter.php(802): App\Controllers\Tiket->detail('detail')
#6 D:\Z-CI4 - coba\system\CodeIgniter.php(399): CodeIgniter\CodeIgniter->runController(Object(App\Controllers\Tiket))
#7 D:\Z-CI4 - coba\system\CodeIgniter.php(317): CodeIgniter\CodeIgniter->handleRequest(NULL, Object(Config\Cache), false)
#8 D:\Z-CI4 - coba\public\index.php(37): CodeIgniter\CodeIgniter->run()
#9 D:\Z-CI4 - coba\system\Commands\Server\rewrite.php(43): require_once('D:\\Z-CI4 - coba...')
#10 {main}
CRITICAL - 2021-12-11 09:08:52 --> Trying to access array offset on value of type null
#0 D:\Z-CI4 - coba\app\Views\tiket\detail.php(31): CodeIgniter\Debug\Exceptions->errorHandler(2, 'Trying to acces...', 'D:\\Z-CI4 - coba...', 31)
#1 D:\Z-CI4 - coba\system\View\View.php(214): include('D:\\Z-CI4 - coba...')
#2 D:\Z-CI4 - coba\system\View\View.php(217): CodeIgniter\View\View->CodeIgniter\View\{closure}()
#3 D:\Z-CI4 - coba\system\Common.php(1092): CodeIgniter\View\View->render('tiket/detail', Array, true)
#4 D:\Z-CI4 - coba\app\Controllers\Tiket.php(35): view('tiket/detail', Array)
#5 D:\Z-CI4 - coba\system\CodeIgniter.php(802): App\Controllers\Tiket->detail('detail')
#6 D:\Z-CI4 - coba\system\CodeIgniter.php(399): CodeIgniter\CodeIgniter->runController(Object(App\Controllers\Tiket))
#7 D:\Z-CI4 - coba\system\CodeIgniter.php(317): CodeIgniter\CodeIgniter->handleRequest(NULL, Object(Config\Cache), false)
#8 D:\Z-CI4 - coba\public\index.php(37): CodeIgniter\CodeIgniter->run()
#9 D:\Z-CI4 - coba\system\Commands\Server\rewrite.php(43): require_once('D:\\Z-CI4 - coba...')
#10 {main}
CRITICAL - 2021-12-11 09:09:36 --> Trying to access array offset on value of type null
#0 D:\Z-CI4 - coba\app\Views\tiket\detail.php(31): CodeIgniter\Debug\Exceptions->errorHandler(2, 'Trying to acces...', 'D:\\Z-CI4 - coba...', 31)
#1 D:\Z-CI4 - coba\system\View\View.php(214): include('D:\\Z-CI4 - coba...')
#2 D:\Z-CI4 - coba\system\View\View.php(217): CodeIgniter\View\View->CodeIgniter\View\{closure}()
#3 D:\Z-CI4 - coba\system\Common.php(1092): CodeIgniter\View\View->render('tiket/detail', Array, true)
#4 D:\Z-CI4 - coba\app\Controllers\Tiket.php(35): view('tiket/detail', Array)
#5 D:\Z-CI4 - coba\system\CodeIgniter.php(802): App\Controllers\Tiket->detail('detail')
#6 D:\Z-CI4 - coba\system\CodeIgniter.php(399): CodeIgniter\CodeIgniter->runController(Object(App\Controllers\Tiket))
#7 D:\Z-CI4 - coba\system\CodeIgniter.php(317): CodeIgniter\CodeIgniter->handleRequest(NULL, Object(Config\Cache), false)
#8 D:\Z-CI4 - coba\public\index.php(37): CodeIgniter\CodeIgniter->run()
#9 D:\Z-CI4 - coba\system\Commands\Server\rewrite.php(43): require_once('D:\\Z-CI4 - coba...')
#10 {main}
CRITICAL - 2021-12-11 09:13:06 --> Trying to access array offset on value of type null
#0 D:\Z-CI4 - coba\app\Views\tiket\detail.php(31): CodeIgniter\Debug\Exceptions->errorHandler(2, 'Trying to acces...', 'D:\\Z-CI4 - coba...', 31)
#1 D:\Z-CI4 - coba\system\View\View.php(214): include('D:\\Z-CI4 - coba...')
#2 D:\Z-CI4 - coba\system\View\View.php(217): CodeIgniter\View\View->CodeIgniter\View\{closure}()
#3 D:\Z-CI4 - coba\system\Common.php(1092): CodeIgniter\View\View->render('tiket/detail', Array, true)
#4 D:\Z-CI4 - coba\app\Controllers\Tiket.php(35): view('tiket/detail', Array)
#5 D:\Z-CI4 - coba\system\CodeIgniter.php(802): App\Controllers\Tiket->detail('detail')
#6 D:\Z-CI4 - coba\system\CodeIgniter.php(399): CodeIgniter\CodeIgniter->runController(Object(App\Controllers\Tiket))
#7 D:\Z-CI4 - coba\system\CodeIgniter.php(317): CodeIgniter\CodeIgniter->handleRequest(NULL, Object(Config\Cache), false)
#8 D:\Z-CI4 - coba\public\index.php(37): CodeIgniter\CodeIgniter->run()
#9 D:\Z-CI4 - coba\system\Commands\Server\rewrite.php(43): require_once('D:\\Z-CI4 - coba...')
#10 {main}
CRITICAL - 2021-12-11 09:13:50 --> Trying to access array offset on value of type null
#0 D:\Z-CI4 - coba\app\Views\tiket\detail.php(31): CodeIgniter\Debug\Exceptions->errorHandler(2, 'Trying to acces...', 'D:\\Z-CI4 - coba...', 31)
#1 D:\Z-CI4 - coba\system\View\View.php(214): include('D:\\Z-CI4 - coba...')
#2 D:\Z-CI4 - coba\system\View\View.php(217): CodeIgniter\View\View->CodeIgniter\View\{closure}()
#3 D:\Z-CI4 - coba\system\Common.php(1092): CodeIgniter\View\View->render('tiket/detail', Array, true)
#4 D:\Z-CI4 - coba\app\Controllers\Tiket.php(35): view('tiket/detail', Array)
#5 D:\Z-CI4 - coba\system\CodeIgniter.php(802): App\Controllers\Tiket->detail('detail')
#6 D:\Z-CI4 - coba\system\CodeIgniter.php(399): CodeIgniter\CodeIgniter->runController(Object(App\Controllers\Tiket))
#7 D:\Z-CI4 - coba\system\CodeIgniter.php(317): CodeIgniter\CodeIgniter->handleRequest(NULL, Object(Config\Cache), false)
#8 D:\Z-CI4 - coba\public\index.php(37): CodeIgniter\CodeIgniter->run()
#9 D:\Z-CI4 - coba\system\Commands\Server\rewrite.php(43): require_once('D:\\Z-CI4 - coba...')
#10 {main}
CRITICAL - 2021-12-11 09:14:00 --> Trying to access array offset on value of type null
#0 D:\Z-CI4 - coba\app\Views\tiket\detail.php(31): CodeIgniter\Debug\Exceptions->errorHandler(2, 'Trying to acces...', 'D:\\Z-CI4 - coba...', 31)
#1 D:\Z-CI4 - coba\system\View\View.php(214): include('D:\\Z-CI4 - coba...')
#2 D:\Z-CI4 - coba\system\View\View.php(217): CodeIgniter\View\View->CodeIgniter\View\{closure}()
#3 D:\Z-CI4 - coba\system\Common.php(1092): CodeIgniter\View\View->render('tiket/detail', Array, true)
#4 D:\Z-CI4 - coba\app\Controllers\Tiket.php(35): view('tiket/detail', Array)
#5 D:\Z-CI4 - coba\system\CodeIgniter.php(802): App\Controllers\Tiket->detail('detail')
#6 D:\Z-CI4 - coba\system\CodeIgniter.php(399): CodeIgniter\CodeIgniter->runController(Object(App\Controllers\Tiket))
#7 D:\Z-CI4 - coba\system\CodeIgniter.php(317): CodeIgniter\CodeIgniter->handleRequest(NULL, Object(Config\Cache), false)
#8 D:\Z-CI4 - coba\public\index.php(37): CodeIgniter\CodeIgniter->run()
#9 D:\Z-CI4 - coba\system\Commands\Server\rewrite.php(43): require_once('D:\\Z-CI4 - coba...')
#10 {main}
CRITICAL - 2021-12-11 09:14:59 --> Trying to access array offset on value of type null
#0 D:\Z-CI4 - coba\app\Views\tiket\detail.php(31): CodeIgniter\Debug\Exceptions->errorHandler(2, 'Trying to acces...', 'D:\\Z-CI4 - coba...', 31)
#1 D:\Z-CI4 - coba\system\View\View.php(214): include('D:\\Z-CI4 - coba...')
#2 D:\Z-CI4 - coba\system\View\View.php(217): CodeIgniter\View\View->CodeIgniter\View\{closure}()
#3 D:\Z-CI4 - coba\system\Common.php(1092): CodeIgniter\View\View->render('tiket/detail', Array, true)
#4 D:\Z-CI4 - coba\app\Controllers\Tiket.php(35): view('tiket/detail', Array)
#5 D:\Z-CI4 - coba\system\CodeIgniter.php(802): App\Controllers\Tiket->detail('index.html')
#6 D:\Z-CI4 - coba\system\CodeIgniter.php(399): CodeIgniter\CodeIgniter->runController(Object(App\Controllers\Tiket))
#7 D:\Z-CI4 - coba\system\CodeIgniter.php(317): CodeIgniter\CodeIgniter->handleRequest(NULL, Object(Config\Cache), false)
#8 D:\Z-CI4 - coba\public\index.php(37): CodeIgniter\CodeIgniter->run()
#9 D:\Z-CI4 - coba\system\Commands\Server\rewrite.php(43): require_once('D:\\Z-CI4 - coba...')
#10 {main}
CRITICAL - 2021-12-11 09:22:08 --> Trying to access array offset on value of type null
#0 D:\Z-CI4 - coba\app\Views\tiket\detail.php(31): CodeIgniter\Debug\Exceptions->errorHandler(2, 'Trying to acces...', 'D:\\Z-CI4 - coba...', 31)
#1 D:\Z-CI4 - coba\system\View\View.php(214): include('D:\\Z-CI4 - coba...')
#2 D:\Z-CI4 - coba\system\View\View.php(217): CodeIgniter\View\View->CodeIgniter\View\{closure}()
#3 D:\Z-CI4 - coba\system\Common.php(1092): CodeIgniter\View\View->render('tiket/detail', Array, true)
#4 D:\Z-CI4 - coba\app\Controllers\Tiket.php(35): view('tiket/detail', Array)
#5 D:\Z-CI4 - coba\system\CodeIgniter.php(802): App\Controllers\Tiket->detail('create')
#6 D:\Z-CI4 - coba\system\CodeIgniter.php(399): CodeIgniter\CodeIgniter->runController(Object(App\Controllers\Tiket))
#7 D:\Z-CI4 - coba\system\CodeIgniter.php(317): CodeIgniter\CodeIgniter->handleRequest(NULL, Object(Config\Cache), false)
#8 D:\Z-CI4 - coba\public\index.php(37): CodeIgniter\CodeIgniter->run()
#9 D:\Z-CI4 - coba\system\Commands\Server\rewrite.php(43): require_once('D:\\Z-CI4 - coba...')
#10 {main}
CRITICAL - 2021-12-11 19:25:11 --> Undefined variable $tiket
#0 D:\Z-CI4 - coba\app\Views\tiket\index.php(35): CodeIgniter\Debug\Exceptions->errorHandler(2, 'Undefined varia...', 'D:\\Z-CI4 - coba...', 35)
#1 D:\Z-CI4 - coba\system\View\View.php(214): include('D:\\Z-CI4 - coba...')
#2 D:\Z-CI4 - coba\system\View\View.php(217): CodeIgniter\View\View->CodeIgniter\View\{closure}()
#3 D:\Z-CI4 - coba\system\Common.php(1092): CodeIgniter\View\View->render('tiket/index', Array, true)
#4 D:\Z-CI4 - coba\app\Controllers\User.php(14): view('tiket/index', Array)
#5 D:\Z-CI4 - coba\system\CodeIgniter.php(802): App\Controllers\User->index()
#6 D:\Z-CI4 - coba\system\CodeIgniter.php(399): CodeIgniter\CodeIgniter->runController(Object(App\Controllers\User))
#7 D:\Z-CI4 - coba\system\CodeIgniter.php(317): CodeIgniter\CodeIgniter->handleRequest(NULL, Object(Config\Cache), false)
#8 D:\Z-CI4 - coba\public\index.php(37): CodeIgniter\CodeIgniter->run()
#9 D:\Z-CI4 - coba\system\Commands\Server\rewrite.php(43): require_once('D:\\Z-CI4 - coba...')
#10 {main}
CRITICAL - 2021-12-11 19:25:45 --> Undefined variable $tiket
#0 D:\Z-CI4 - coba\app\Views\tiket\index.php(35): CodeIgniter\Debug\Exceptions->errorHandler(2, 'Undefined varia...', 'D:\\Z-CI4 - coba...', 35)
#1 D:\Z-CI4 - coba\system\View\View.php(214): include('D:\\Z-CI4 - coba...')
#2 D:\Z-CI4 - coba\system\View\View.php(217): CodeIgniter\View\View->CodeIgniter\View\{closure}()
#3 D:\Z-CI4 - coba\system\Common.php(1092): CodeIgniter\View\View->render('tiket/index', Array, true)
#4 D:\Z-CI4 - coba\app\Controllers\User.php(14): view('tiket/index', Array)
#5 D:\Z-CI4 - coba\system\CodeIgniter.php(802): App\Controllers\User->index()
#6 D:\Z-CI4 - coba\system\CodeIgniter.php(399): CodeIgniter\CodeIgniter->runController(Object(App\Controllers\User))
#7 D:\Z-CI4 - coba\system\CodeIgniter.php(317): CodeIgniter\CodeIgniter->handleRequest(NULL, Object(Config\Cache), false)
#8 D:\Z-CI4 - coba\public\index.php(37): CodeIgniter\CodeIgniter->run()
#9 D:\Z-CI4 - coba\system\Commands\Server\rewrite.php(43): require_once('D:\\Z-CI4 - coba...')
#10 {main}
CRITICAL - 2021-12-11 19:25:47 --> Undefined variable $tiket
#0 D:\Z-CI4 - coba\app\Views\tiket\index.php(35): CodeIgniter\Debug\Exceptions->errorHandler(2, 'Undefined varia...', 'D:\\Z-CI4 - coba...', 35)
#1 D:\Z-CI4 - coba\system\View\View.php(214): include('D:\\Z-CI4 - coba...')
#2 D:\Z-CI4 - coba\system\View\View.php(217): CodeIgniter\View\View->CodeIgniter\View\{closure}()
#3 D:\Z-CI4 - coba\system\Common.php(1092): CodeIgniter\View\View->render('tiket/index', Array, true)
#4 D:\Z-CI4 - coba\app\Controllers\User.php(14): view('tiket/index', Array)
#5 D:\Z-CI4 - coba\system\CodeIgniter.php(802): App\Controllers\User->index()
#6 D:\Z-CI4 - coba\system\CodeIgniter.php(399): CodeIgniter\CodeIgniter->runController(Object(App\Controllers\User))
#7 D:\Z-CI4 - coba\system\CodeIgniter.php(317): CodeIgniter\CodeIgniter->handleRequest(NULL, Object(Config\Cache), false)
#8 D:\Z-CI4 - coba\public\index.php(37): CodeIgniter\CodeIgniter->run()
#9 D:\Z-CI4 - coba\system\Commands\Server\rewrite.php(43): require_once('D:\\Z-CI4 - coba...')
#10 {main}
CRITICAL - 2021-12-11 19:27:43 --> Undefined variable $tiket
#0 D:\Z-CI4 - coba\app\Views\tiket\index.php(35): CodeIgniter\Debug\Exceptions->errorHandler(2, 'Undefined varia...', 'D:\\Z-CI4 - coba...', 35)
#1 D:\Z-CI4 - coba\system\View\View.php(214): include('D:\\Z-CI4 - coba...')
#2 D:\Z-CI4 - coba\system\View\View.php(217): CodeIgniter\View\View->CodeIgniter\View\{closure}()
#3 D:\Z-CI4 - coba\system\Common.php(1092): CodeIgniter\View\View->render('tiket/index', Array, true)
#4 D:\Z-CI4 - coba\app\Controllers\User.php(14): view('tiket/index', Array)
#5 D:\Z-CI4 - coba\system\CodeIgniter.php(802): App\Controllers\User->index()
#6 D:\Z-CI4 - coba\system\CodeIgniter.php(399): CodeIgniter\CodeIgniter->runController(Object(App\Controllers\User))
#7 D:\Z-CI4 - coba\system\CodeIgniter.php(317): CodeIgniter\CodeIgniter->handleRequest(NULL, Object(Config\Cache), false)
#8 D:\Z-CI4 - coba\public\index.php(37): CodeIgniter\CodeIgniter->run()
#9 D:\Z-CI4 - coba\system\Commands\Server\rewrite.php(43): require_once('D:\\Z-CI4 - coba...')
#10 {main}
CRITICAL - 2021-12-11 19:27:49 --> Undefined variable $tiket
#0 D:\Z-CI4 - coba\app\Views\tiket\index.php(35): CodeIgniter\Debug\Exceptions->errorHandler(2, 'Undefined varia...', 'D:\\Z-CI4 - coba...', 35)
#1 D:\Z-CI4 - coba\system\View\View.php(214): include('D:\\Z-CI4 - coba...')
#2 D:\Z-CI4 - coba\system\View\View.php(217): CodeIgniter\View\View->CodeIgniter\View\{closure}()
#3 D:\Z-CI4 - coba\system\Common.php(1092): CodeIgniter\View\View->render('tiket/index', Array, true)
#4 D:\Z-CI4 - coba\app\Controllers\User.php(14): view('tiket/index', Array)
#5 D:\Z-CI4 - coba\system\CodeIgniter.php(802): App\Controllers\User->index()
#6 D:\Z-CI4 - coba\system\CodeIgniter.php(399): CodeIgniter\CodeIgniter->runController(Object(App\Controllers\User))
#7 D:\Z-CI4 - coba\system\CodeIgniter.php(317): CodeIgniter\CodeIgniter->handleRequest(NULL, Object(Config\Cache), false)
#8 D:\Z-CI4 - coba\public\index.php(37): CodeIgniter\CodeIgniter->run()
#9 D:\Z-CI4 - coba\system\Commands\Server\rewrite.php(43): require_once('D:\\Z-CI4 - coba...')
#10 {main}
