CRITICAL - 2021-12-18 05:58:22 --> Class 'App\Models\KeretaModel' not found
#0 C:\Users\acer\Downloads\Z-CI4 - coba\transline\system\CodeIgniter.php(779): App\Controllers\Kereta->__construct()
#1 C:\Users\acer\Downloads\Z-CI4 - coba\transline\system\CodeIgniter.php(390): CodeIgniter\CodeIgniter->createController()
#2 C:\Users\acer\Downloads\Z-CI4 - coba\transline\system\CodeIgniter.php(317): CodeIgniter\CodeIgniter->handleRequest(NULL, Object(Config\Cache), false)
#3 C:\Users\acer\Downloads\Z-CI4 - coba\transline\public\index.php(37): CodeIgniter\CodeIgniter->run()
#4 C:\Users\acer\Downloads\Z-CI4 - coba\transline\system\Commands\Server\rewrite.php(43): require_once('C:\\Users\\acer\\D...')
#5 {main}
CRITICAL - 2021-12-18 06:13:35 --> Cannot use object of type stdClass as array
#0 C:\Users\acer\Downloads\Z-CI4 - coba\transline\system\View\View.php(214): include()
#1 C:\Users\acer\Downloads\Z-CI4 - coba\transline\system\View\View.php(217): CodeIgniter\View\View->CodeIgniter\View\{closure}()
#2 C:\Users\acer\Downloads\Z-CI4 - coba\transline\system\Common.php(1092): CodeIgniter\View\View->render('kereta/index', Array, true)
#3 C:\Users\acer\Downloads\Z-CI4 - coba\transline\app\Controllers\Kereta.php(23): view('kereta/index', Array)
#4 C:\Users\acer\Downloads\Z-CI4 - coba\transline\system\CodeIgniter.php(802): App\Controllers\Kereta->index()
#5 C:\Users\acer\Downloads\Z-CI4 - coba\transline\system\CodeIgniter.php(399): CodeIgniter\CodeIgniter->runController(Object(App\Controllers\Kereta))
#6 C:\Users\acer\Downloads\Z-CI4 - coba\transline\system\CodeIgniter.php(317): CodeIgniter\CodeIgniter->handleRequest(NULL, Object(Config\Cache), false)
#7 C:\Users\acer\Downloads\Z-CI4 - coba\transline\public\index.php(37): CodeIgniter\CodeIgniter->run()
#8 C:\Users\acer\Downloads\Z-CI4 - coba\transline\system\Commands\Server\rewrite.php(43): require_once('C:\\Users\\acer\\D...')
#9 {main}
CRITICAL - 2021-12-18 06:14:09 --> Cannot use object of type stdClass as array
#0 C:\Users\acer\Downloads\Z-CI4 - coba\transline\system\View\View.php(214): include()
#1 C:\Users\acer\Downloads\Z-CI4 - coba\transline\system\View\View.php(217): CodeIgniter\View\View->CodeIgniter\View\{closure}()
#2 C:\Users\acer\Downloads\Z-CI4 - coba\transline\system\Common.php(1092): CodeIgniter\View\View->render('kereta/index', Array, true)
#3 C:\Users\acer\Downloads\Z-CI4 - coba\transline\app\Controllers\Kereta.php(23): view('kereta/index', Array)
#4 C:\Users\acer\Downloads\Z-CI4 - coba\transline\system\CodeIgniter.php(802): App\Controllers\Kereta->index()
#5 C:\Users\acer\Downloads\Z-CI4 - coba\transline\system\CodeIgniter.php(399): CodeIgniter\CodeIgniter->runController(Object(App\Controllers\Kereta))
#6 C:\Users\acer\Downloads\Z-CI4 - coba\transline\system\CodeIgniter.php(317): CodeIgniter\CodeIgniter->handleRequest(NULL, Object(Config\Cache), false)
#7 C:\Users\acer\Downloads\Z-CI4 - coba\transline\public\index.php(37): CodeIgniter\CodeIgniter->run()
#8 C:\Users\acer\Downloads\Z-CI4 - coba\transline\system\Commands\Server\rewrite.php(43): require_once('C:\\Users\\acer\\D...')
#9 {main}
CRITICAL - 2021-12-18 06:14:14 --> Cannot use object of type stdClass as array
#0 C:\Users\acer\Downloads\Z-CI4 - coba\transline\system\View\View.php(214): include()
#1 C:\Users\acer\Downloads\Z-CI4 - coba\transline\system\View\View.php(217): CodeIgniter\View\View->CodeIgniter\View\{closure}()
#2 C:\Users\acer\Downloads\Z-CI4 - coba\transline\system\Common.php(1092): CodeIgniter\View\View->render('kereta/index', Array, true)
#3 C:\Users\acer\Downloads\Z-CI4 - coba\transline\app\Controllers\Kereta.php(23): view('kereta/index', Array)
#4 C:\Users\acer\Downloads\Z-CI4 - coba\transline\system\CodeIgniter.php(802): App\Controllers\Kereta->index()
#5 C:\Users\acer\Downloads\Z-CI4 - coba\transline\system\CodeIgniter.php(399): CodeIgniter\CodeIgniter->runController(Object(App\Controllers\Kereta))
#6 C:\Users\acer\Downloads\Z-CI4 - coba\transline\system\CodeIgniter.php(317): CodeIgniter\CodeIgniter->handleRequest(NULL, Object(Config\Cache), false)
#7 C:\Users\acer\Downloads\Z-CI4 - coba\transline\public\index.php(37): CodeIgniter\CodeIgniter->run()
#8 C:\Users\acer\Downloads\Z-CI4 - coba\transline\system\Commands\Server\rewrite.php(43): require_once('C:\\Users\\acer\\D...')
#9 {main}
CRITICAL - 2021-12-18 06:15:56 --> Cannot use object of type stdClass as array
#0 C:\Users\acer\Downloads\Z-CI4 - coba\transline\system\View\View.php(214): include()
#1 C:\Users\acer\Downloads\Z-CI4 - coba\transline\system\View\View.php(217): CodeIgniter\View\View->CodeIgniter\View\{closure}()
#2 C:\Users\acer\Downloads\Z-CI4 - coba\transline\system\Common.php(1092): CodeIgniter\View\View->render('kereta/index', Array, true)
#3 C:\Users\acer\Downloads\Z-CI4 - coba\transline\app\Controllers\Kereta.php(23): view('kereta/index', Array)
#4 C:\Users\acer\Downloads\Z-CI4 - coba\transline\system\CodeIgniter.php(802): App\Controllers\Kereta->index()
#5 C:\Users\acer\Downloads\Z-CI4 - coba\transline\system\CodeIgniter.php(399): CodeIgniter\CodeIgniter->runController(Object(App\Controllers\Kereta))
#6 C:\Users\acer\Downloads\Z-CI4 - coba\transline\system\CodeIgniter.php(317): CodeIgniter\CodeIgniter->handleRequest(NULL, Object(Config\Cache), false)
#7 C:\Users\acer\Downloads\Z-CI4 - coba\transline\public\index.php(37): CodeIgniter\CodeIgniter->run()
#8 C:\Users\acer\Downloads\Z-CI4 - coba\transline\system\Commands\Server\rewrite.php(43): require_once('C:\\Users\\acer\\D...')
#9 {main}
CRITICAL - 2021-12-18 07:34:00 --> Call to undefined method App\Models\KeretaModel::getRow
#0 C:\Users\acer\Downloads\Z-CI4 - coba\transline\app\Controllers\Kereta.php(31): CodeIgniter\Model->__call('getRow', Array)
#1 C:\Users\acer\Downloads\Z-CI4 - coba\transline\system\CodeIgniter.php(802): App\Controllers\Kereta->detail('KA198F')
#2 C:\Users\acer\Downloads\Z-CI4 - coba\transline\system\CodeIgniter.php(399): CodeIgniter\CodeIgniter->runController(Object(App\Controllers\Kereta))
#3 C:\Users\acer\Downloads\Z-CI4 - coba\transline\system\CodeIgniter.php(317): CodeIgniter\CodeIgniter->handleRequest(NULL, Object(Config\Cache), false)
#4 C:\Users\acer\Downloads\Z-CI4 - coba\transline\public\index.php(37): CodeIgniter\CodeIgniter->run()
#5 C:\Users\acer\Downloads\Z-CI4 - coba\transline\system\Commands\Server\rewrite.php(43): require_once('C:\\Users\\acer\\D...')
#6 {main}
CRITICAL - 2021-12-18 08:41:26 --> Undefined index: id_kereta
#0 C:\Users\acer\Downloads\Z-CI4 - coba\transline\app\Views\tiket\index.php(38): CodeIgniter\Debug\Exceptions->errorHandler(8, 'Undefined index...', 'C:\\Users\\acer\\D...', 38, Array)
#1 C:\Users\acer\Downloads\Z-CI4 - coba\transline\system\View\View.php(214): include('C:\\Users\\acer\\D...')
#2 C:\Users\acer\Downloads\Z-CI4 - coba\transline\system\View\View.php(217): CodeIgniter\View\View->CodeIgniter\View\{closure}()
#3 C:\Users\acer\Downloads\Z-CI4 - coba\transline\system\Common.php(1092): CodeIgniter\View\View->render('tiket/index', Array, true)
#4 C:\Users\acer\Downloads\Z-CI4 - coba\transline\app\Controllers\Tiket.php(24): view('tiket/index', Array)
#5 C:\Users\acer\Downloads\Z-CI4 - coba\transline\system\CodeIgniter.php(802): App\Controllers\Tiket->index()
#6 C:\Users\acer\Downloads\Z-CI4 - coba\transline\system\CodeIgniter.php(399): CodeIgniter\CodeIgniter->runController(Object(App\Controllers\Tiket))
#7 C:\Users\acer\Downloads\Z-CI4 - coba\transline\system\CodeIgniter.php(317): CodeIgniter\CodeIgniter->handleRequest(NULL, Object(Config\Cache), false)
#8 C:\Users\acer\Downloads\Z-CI4 - coba\transline\public\index.php(37): CodeIgniter\CodeIgniter->run()
#9 C:\Users\acer\Downloads\Z-CI4 - coba\transline\system\Commands\Server\rewrite.php(43): require_once('C:\\Users\\acer\\D...')
#10 {main}
CRITICAL - 2021-12-18 08:41:31 --> Undefined index: id_kereta
#0 C:\Users\acer\Downloads\Z-CI4 - coba\transline\app\Views\tiket\index.php(38): CodeIgniter\Debug\Exceptions->errorHandler(8, 'Undefined index...', 'C:\\Users\\acer\\D...', 38, Array)
#1 C:\Users\acer\Downloads\Z-CI4 - coba\transline\system\View\View.php(214): include('C:\\Users\\acer\\D...')
#2 C:\Users\acer\Downloads\Z-CI4 - coba\transline\system\View\View.php(217): CodeIgniter\View\View->CodeIgniter\View\{closure}()
#3 C:\Users\acer\Downloads\Z-CI4 - coba\transline\system\Common.php(1092): CodeIgniter\View\View->render('tiket/index', Array, true)
#4 C:\Users\acer\Downloads\Z-CI4 - coba\transline\app\Controllers\Tiket.php(24): view('tiket/index', Array)
#5 C:\Users\acer\Downloads\Z-CI4 - coba\transline\system\CodeIgniter.php(802): App\Controllers\Tiket->index()
#6 C:\Users\acer\Downloads\Z-CI4 - coba\transline\system\CodeIgniter.php(399): CodeIgniter\CodeIgniter->runController(Object(App\Controllers\Tiket))
#7 C:\Users\acer\Downloads\Z-CI4 - coba\transline\system\CodeIgniter.php(317): CodeIgniter\CodeIgniter->handleRequest(NULL, Object(Config\Cache), false)
#8 C:\Users\acer\Downloads\Z-CI4 - coba\transline\public\index.php(37): CodeIgniter\CodeIgniter->run()
#9 C:\Users\acer\Downloads\Z-CI4 - coba\transline\system\Commands\Server\rewrite.php(43): require_once('C:\\Users\\acer\\D...')
#10 {main}
CRITICAL - 2021-12-18 08:41:41 --> Undefined index: id_kereta
#0 C:\Users\acer\Downloads\Z-CI4 - coba\transline\app\Views\tiket\index.php(38): CodeIgniter\Debug\Exceptions->errorHandler(8, 'Undefined index...', 'C:\\Users\\acer\\D...', 38, Array)
#1 C:\Users\acer\Downloads\Z-CI4 - coba\transline\system\View\View.php(214): include('C:\\Users\\acer\\D...')
#2 C:\Users\acer\Downloads\Z-CI4 - coba\transline\system\View\View.php(217): CodeIgniter\View\View->CodeIgniter\View\{closure}()
#3 C:\Users\acer\Downloads\Z-CI4 - coba\transline\system\Common.php(1092): CodeIgniter\View\View->render('tiket/index', Array, true)
#4 C:\Users\acer\Downloads\Z-CI4 - coba\transline\app\Controllers\Tiket.php(24): view('tiket/index', Array)
#5 C:\Users\acer\Downloads\Z-CI4 - coba\transline\system\CodeIgniter.php(802): App\Controllers\Tiket->index()
#6 C:\Users\acer\Downloads\Z-CI4 - coba\transline\system\CodeIgniter.php(399): CodeIgniter\CodeIgniter->runController(Object(App\Controllers\Tiket))
#7 C:\Users\acer\Downloads\Z-CI4 - coba\transline\system\CodeIgniter.php(317): CodeIgniter\CodeIgniter->handleRequest(NULL, Object(Config\Cache), false)
#8 C:\Users\acer\Downloads\Z-CI4 - coba\transline\public\index.php(37): CodeIgniter\CodeIgniter->run()
#9 C:\Users\acer\Downloads\Z-CI4 - coba\transline\system\Commands\Server\rewrite.php(43): require_once('C:\\Users\\acer\\D...')
#10 {main}
CRITICAL - 2021-12-18 08:41:46 --> Undefined index: id_kereta
#0 C:\Users\acer\Downloads\Z-CI4 - coba\transline\app\Views\tiket\index.php(38): CodeIgniter\Debug\Exceptions->errorHandler(8, 'Undefined index...', 'C:\\Users\\acer\\D...', 38, Array)
#1 C:\Users\acer\Downloads\Z-CI4 - coba\transline\system\View\View.php(214): include('C:\\Users\\acer\\D...')
#2 C:\Users\acer\Downloads\Z-CI4 - coba\transline\system\View\View.php(217): CodeIgniter\View\View->CodeIgniter\View\{closure}()
#3 C:\Users\acer\Downloads\Z-CI4 - coba\transline\system\Common.php(1092): CodeIgniter\View\View->render('tiket/index', Array, true)
#4 C:\Users\acer\Downloads\Z-CI4 - coba\transline\app\Controllers\Tiket.php(24): view('tiket/index', Array)
#5 C:\Users\acer\Downloads\Z-CI4 - coba\transline\system\CodeIgniter.php(802): App\Controllers\Tiket->index()
#6 C:\Users\acer\Downloads\Z-CI4 - coba\transline\system\CodeIgniter.php(399): CodeIgniter\CodeIgniter->runController(Object(App\Controllers\Tiket))
#7 C:\Users\acer\Downloads\Z-CI4 - coba\transline\system\CodeIgniter.php(317): CodeIgniter\CodeIgniter->handleRequest(NULL, Object(Config\Cache), false)
#8 C:\Users\acer\Downloads\Z-CI4 - coba\transline\public\index.php(37): CodeIgniter\CodeIgniter->run()
#9 C:\Users\acer\Downloads\Z-CI4 - coba\transline\system\Commands\Server\rewrite.php(43): require_once('C:\\Users\\acer\\D...')
#10 {main}
CRITICAL - 2021-12-18 08:42:11 --> Undefined index: id_kereta
#0 C:\Users\acer\Downloads\Z-CI4 - coba\transline\app\Views\tiket\index.php(38): CodeIgniter\Debug\Exceptions->errorHandler(8, 'Undefined index...', 'C:\\Users\\acer\\D...', 38, Array)
#1 C:\Users\acer\Downloads\Z-CI4 - coba\transline\system\View\View.php(214): include('C:\\Users\\acer\\D...')
#2 C:\Users\acer\Downloads\Z-CI4 - coba\transline\system\View\View.php(217): CodeIgniter\View\View->CodeIgniter\View\{closure}()
#3 C:\Users\acer\Downloads\Z-CI4 - coba\transline\system\Common.php(1092): CodeIgniter\View\View->render('tiket/index', Array, true)
#4 C:\Users\acer\Downloads\Z-CI4 - coba\transline\app\Controllers\Tiket.php(24): view('tiket/index', Array)
#5 C:\Users\acer\Downloads\Z-CI4 - coba\transline\system\CodeIgniter.php(802): App\Controllers\Tiket->index()
#6 C:\Users\acer\Downloads\Z-CI4 - coba\transline\system\CodeIgniter.php(399): CodeIgniter\CodeIgniter->runController(Object(App\Controllers\Tiket))
#7 C:\Users\acer\Downloads\Z-CI4 - coba\transline\system\CodeIgniter.php(317): CodeIgniter\CodeIgniter->handleRequest(NULL, Object(Config\Cache), false)
#8 C:\Users\acer\Downloads\Z-CI4 - coba\transline\public\index.php(37): CodeIgniter\CodeIgniter->run()
#9 C:\Users\acer\Downloads\Z-CI4 - coba\transline\system\Commands\Server\rewrite.php(43): require_once('C:\\Users\\acer\\D...')
#10 {main}
CRITICAL - 2021-12-18 08:42:41 --> Undefined index: kode_kereta
#0 C:\Users\acer\Downloads\Z-CI4 - coba\transline\app\Views\tiket\index.php(45): CodeIgniter\Debug\Exceptions->errorHandler(8, 'Undefined index...', 'C:\\Users\\acer\\D...', 45, Array)
#1 C:\Users\acer\Downloads\Z-CI4 - coba\transline\system\View\View.php(214): include('C:\\Users\\acer\\D...')
#2 C:\Users\acer\Downloads\Z-CI4 - coba\transline\system\View\View.php(217): CodeIgniter\View\View->CodeIgniter\View\{closure}()
#3 C:\Users\acer\Downloads\Z-CI4 - coba\transline\system\Common.php(1092): CodeIgniter\View\View->render('tiket/index', Array, true)
#4 C:\Users\acer\Downloads\Z-CI4 - coba\transline\app\Controllers\Tiket.php(24): view('tiket/index', Array)
#5 C:\Users\acer\Downloads\Z-CI4 - coba\transline\system\CodeIgniter.php(802): App\Controllers\Tiket->index()
#6 C:\Users\acer\Downloads\Z-CI4 - coba\transline\system\CodeIgniter.php(399): CodeIgniter\CodeIgniter->runController(Object(App\Controllers\Tiket))
#7 C:\Users\acer\Downloads\Z-CI4 - coba\transline\system\CodeIgniter.php(317): CodeIgniter\CodeIgniter->handleRequest(NULL, Object(Config\Cache), false)
#8 C:\Users\acer\Downloads\Z-CI4 - coba\transline\public\index.php(37): CodeIgniter\CodeIgniter->run()
#9 C:\Users\acer\Downloads\Z-CI4 - coba\transline\system\Commands\Server\rewrite.php(43): require_once('C:\\Users\\acer\\D...')
#10 {main}
ERROR - 2021-12-18 08:42:54 --> Unknown column 'kode_kereta' in 'where clause'
CRITICAL - 2021-12-18 08:42:54 --> Unknown column 'kode_kereta' in 'where clause'
#0 C:\Users\acer\Downloads\Z-CI4 - coba\transline\system\Database\MySQLi\Connection.php(280): mysqli->query('SELECT *\nFROM `...')
#1 C:\Users\acer\Downloads\Z-CI4 - coba\transline\system\Database\BaseConnection.php(663): CodeIgniter\Database\MySQLi\Connection->execute('SELECT *\nFROM `...')
#2 C:\Users\acer\Downloads\Z-CI4 - coba\transline\system\Database\BaseConnection.php(591): CodeIgniter\Database\BaseConnection->simpleQuery('SELECT *\nFROM `...')
#3 C:\Users\acer\Downloads\Z-CI4 - coba\transline\system\Database\BaseBuilder.php(1428): CodeIgniter\Database\BaseConnection->query('SELECT *\nFROM `...', Array, false)
#4 C:\Users\acer\Downloads\Z-CI4 - coba\transline\system\Model.php(210): CodeIgniter\Database\BaseBuilder->get()
#5 C:\Users\acer\Downloads\Z-CI4 - coba\transline\system\BaseModel.php(622): CodeIgniter\Model->doFirst()
#6 C:\Users\acer\Downloads\Z-CI4 - coba\transline\app\Models\TiketModel.php(19): CodeIgniter\BaseModel->first()
#7 C:\Users\acer\Downloads\Z-CI4 - coba\transline\app\Controllers\Tiket.php(32): App\Models\TiketModel->getTiket('fdfasa')
#8 C:\Users\acer\Downloads\Z-CI4 - coba\transline\system\CodeIgniter.php(802): App\Controllers\Tiket->detail('fdfasa')
#9 C:\Users\acer\Downloads\Z-CI4 - coba\transline\system\CodeIgniter.php(399): CodeIgniter\CodeIgniter->runController(Object(App\Controllers\Tiket))
#10 C:\Users\acer\Downloads\Z-CI4 - coba\transline\system\CodeIgniter.php(317): CodeIgniter\CodeIgniter->handleRequest(NULL, Object(Config\Cache), false)
#11 C:\Users\acer\Downloads\Z-CI4 - coba\transline\public\index.php(37): CodeIgniter\CodeIgniter->run()
#12 C:\Users\acer\Downloads\Z-CI4 - coba\transline\system\Commands\Server\rewrite.php(43): require_once('C:\\Users\\acer\\D...')
#13 {main}
ERROR - 2021-12-18 08:54:06 --> Table 'transportasi.kereta' doesn't exist
CRITICAL - 2021-12-18 08:54:06 --> Table 'transportasi.kereta' doesn't exist
#0 C:\Users\acer\Downloads\Z-CI4 - coba\transline\system\Database\MySQLi\Connection.php(280): mysqli->query('SELECT *\nFROM `...')
#1 C:\Users\acer\Downloads\Z-CI4 - coba\transline\system\Database\BaseConnection.php(663): CodeIgniter\Database\MySQLi\Connection->execute('SELECT *\nFROM `...')
#2 C:\Users\acer\Downloads\Z-CI4 - coba\transline\system\Database\BaseConnection.php(591): CodeIgniter\Database\BaseConnection->simpleQuery('SELECT *\nFROM `...')
#3 C:\Users\acer\Downloads\Z-CI4 - coba\transline\system\Database\BaseBuilder.php(1428): CodeIgniter\Database\BaseConnection->query('SELECT *\nFROM `...', Array, false)
#4 C:\Users\acer\Downloads\Z-CI4 - coba\transline\system\Model.php(720): CodeIgniter\Database\BaseBuilder->get()
#5 C:\Users\acer\Downloads\Z-CI4 - coba\transline\app\Controllers\Kereta.php(19): CodeIgniter\Model->__call('get', Array)
#6 C:\Users\acer\Downloads\Z-CI4 - coba\transline\system\CodeIgniter.php(802): App\Controllers\Kereta->index()
#7 C:\Users\acer\Downloads\Z-CI4 - coba\transline\system\CodeIgniter.php(399): CodeIgniter\CodeIgniter->runController(Object(App\Controllers\Kereta))
#8 C:\Users\acer\Downloads\Z-CI4 - coba\transline\system\CodeIgniter.php(317): CodeIgniter\CodeIgniter->handleRequest(NULL, Object(Config\Cache), false)
#9 C:\Users\acer\Downloads\Z-CI4 - coba\transline\public\index.php(37): CodeIgniter\CodeIgniter->run()
#10 C:\Users\acer\Downloads\Z-CI4 - coba\transline\system\Commands\Server\rewrite.php(43): require_once('C:\\Users\\acer\\D...')
#11 {main}
CRITICAL - 2021-12-18 09:09:25 --> Call to undefined method App\Models\KeretaModel::getRow
#0 C:\Users\acer\Downloads\Z-CI4 - coba\transline\app\Controllers\Kereta.php(31): CodeIgniter\Model->__call('getRow', Array)
#1 C:\Users\acer\Downloads\Z-CI4 - coba\transline\system\CodeIgniter.php(802): App\Controllers\Kereta->detail('KA198F')
#2 C:\Users\acer\Downloads\Z-CI4 - coba\transline\system\CodeIgniter.php(399): CodeIgniter\CodeIgniter->runController(Object(App\Controllers\Kereta))
#3 C:\Users\acer\Downloads\Z-CI4 - coba\transline\system\CodeIgniter.php(317): CodeIgniter\CodeIgniter->handleRequest(NULL, Object(Config\Cache), false)
#4 C:\Users\acer\Downloads\Z-CI4 - coba\transline\public\index.php(37): CodeIgniter\CodeIgniter->run()
#5 C:\Users\acer\Downloads\Z-CI4 - coba\transline\system\Commands\Server\rewrite.php(43): require_once('C:\\Users\\acer\\D...')
#6 {main}
CRITICAL - 2021-12-18 09:11:00 --> Call to undefined method App\Models\KeretaModel::getRow
#0 C:\Users\acer\Downloads\Z-CI4 - coba\transline\app\Controllers\Kereta.php(31): CodeIgniter\Model->__call('getRow', Array)
#1 C:\Users\acer\Downloads\Z-CI4 - coba\transline\system\CodeIgniter.php(802): App\Controllers\Kereta->detail('KA198F')
#2 C:\Users\acer\Downloads\Z-CI4 - coba\transline\system\CodeIgniter.php(399): CodeIgniter\CodeIgniter->runController(Object(App\Controllers\Kereta))
#3 C:\Users\acer\Downloads\Z-CI4 - coba\transline\system\CodeIgniter.php(317): CodeIgniter\CodeIgniter->handleRequest(NULL, Object(Config\Cache), false)
#4 C:\Users\acer\Downloads\Z-CI4 - coba\transline\public\index.php(37): CodeIgniter\CodeIgniter->run()
#5 C:\Users\acer\Downloads\Z-CI4 - coba\transline\system\Commands\Server\rewrite.php(43): require_once('C:\\Users\\acer\\D...')
#6 {main}
CRITICAL - 2021-12-18 09:11:49 --> Call to undefined method App\Models\KeretaModel::getRow
#0 C:\Users\acer\Downloads\Z-CI4 - coba\transline\app\Controllers\Kereta.php(31): CodeIgniter\Model->__call('getRow', Array)
#1 C:\Users\acer\Downloads\Z-CI4 - coba\transline\system\CodeIgniter.php(802): App\Controllers\Kereta->detail('KA198F')
#2 C:\Users\acer\Downloads\Z-CI4 - coba\transline\system\CodeIgniter.php(399): CodeIgniter\CodeIgniter->runController(Object(App\Controllers\Kereta))
#3 C:\Users\acer\Downloads\Z-CI4 - coba\transline\system\CodeIgniter.php(317): CodeIgniter\CodeIgniter->handleRequest(NULL, Object(Config\Cache), false)
#4 C:\Users\acer\Downloads\Z-CI4 - coba\transline\public\index.php(37): CodeIgniter\CodeIgniter->run()
#5 C:\Users\acer\Downloads\Z-CI4 - coba\transline\system\Commands\Server\rewrite.php(43): require_once('C:\\Users\\acer\\D...')
#6 {main}
CRITICAL - 2021-12-18 09:13:24 --> Undefined variable: kode_kereta
#0 C:\Users\acer\Downloads\Z-CI4 - coba\transline\app\Models\KeretaModel.php(14): CodeIgniter\Debug\Exceptions->errorHandler(8, 'Undefined varia...', 'C:\\Users\\acer\\D...', 14, Array)
#1 C:\Users\acer\Downloads\Z-CI4 - coba\transline\app\Controllers\Kereta.php(31): App\Models\KeretaModel->getKereta('KA198F')
#2 C:\Users\acer\Downloads\Z-CI4 - coba\transline\system\CodeIgniter.php(802): App\Controllers\Kereta->detail('KA198F')
#3 C:\Users\acer\Downloads\Z-CI4 - coba\transline\system\CodeIgniter.php(399): CodeIgniter\CodeIgniter->runController(Object(App\Controllers\Kereta))
#4 C:\Users\acer\Downloads\Z-CI4 - coba\transline\system\CodeIgniter.php(317): CodeIgniter\CodeIgniter->handleRequest(NULL, Object(Config\Cache), false)
#5 C:\Users\acer\Downloads\Z-CI4 - coba\transline\public\index.php(37): CodeIgniter\CodeIgniter->run()
#6 C:\Users\acer\Downloads\Z-CI4 - coba\transline\system\Commands\Server\rewrite.php(43): require_once('C:\\Users\\acer\\D...')
#7 {main}
CRITICAL - 2021-12-18 09:13:25 --> Undefined variable: kode_kereta
#0 C:\Users\acer\Downloads\Z-CI4 - coba\transline\app\Models\KeretaModel.php(14): CodeIgniter\Debug\Exceptions->errorHandler(8, 'Undefined varia...', 'C:\\Users\\acer\\D...', 14, Array)
#1 C:\Users\acer\Downloads\Z-CI4 - coba\transline\app\Controllers\Kereta.php(31): App\Models\KeretaModel->getKereta('KA198F')
#2 C:\Users\acer\Downloads\Z-CI4 - coba\transline\system\CodeIgniter.php(802): App\Controllers\Kereta->detail('KA198F')
#3 C:\Users\acer\Downloads\Z-CI4 - coba\transline\system\CodeIgniter.php(399): CodeIgniter\CodeIgniter->runController(Object(App\Controllers\Kereta))
#4 C:\Users\acer\Downloads\Z-CI4 - coba\transline\system\CodeIgniter.php(317): CodeIgniter\CodeIgniter->handleRequest(NULL, Object(Config\Cache), false)
#5 C:\Users\acer\Downloads\Z-CI4 - coba\transline\public\index.php(37): CodeIgniter\CodeIgniter->run()
#6 C:\Users\acer\Downloads\Z-CI4 - coba\transline\system\Commands\Server\rewrite.php(43): require_once('C:\\Users\\acer\\D...')
#7 {main}
CRITICAL - 2021-12-18 09:13:27 --> Undefined variable: kode_kereta
#0 C:\Users\acer\Downloads\Z-CI4 - coba\transline\app\Models\KeretaModel.php(14): CodeIgniter\Debug\Exceptions->errorHandler(8, 'Undefined varia...', 'C:\\Users\\acer\\D...', 14, Array)
#1 C:\Users\acer\Downloads\Z-CI4 - coba\transline\app\Controllers\Kereta.php(31): App\Models\KeretaModel->getKereta('KA198F')
#2 C:\Users\acer\Downloads\Z-CI4 - coba\transline\system\CodeIgniter.php(802): App\Controllers\Kereta->detail('KA198F')
#3 C:\Users\acer\Downloads\Z-CI4 - coba\transline\system\CodeIgniter.php(399): CodeIgniter\CodeIgniter->runController(Object(App\Controllers\Kereta))
#4 C:\Users\acer\Downloads\Z-CI4 - coba\transline\system\CodeIgniter.php(317): CodeIgniter\CodeIgniter->handleRequest(NULL, Object(Config\Cache), false)
#5 C:\Users\acer\Downloads\Z-CI4 - coba\transline\public\index.php(37): CodeIgniter\CodeIgniter->run()
#6 C:\Users\acer\Downloads\Z-CI4 - coba\transline\system\Commands\Server\rewrite.php(43): require_once('C:\\Users\\acer\\D...')
#7 {main}
CRITICAL - 2021-12-18 09:13:31 --> Undefined variable: kode_kereta
#0 C:\Users\acer\Downloads\Z-CI4 - coba\transline\app\Models\KeretaModel.php(14): CodeIgniter\Debug\Exceptions->errorHandler(8, 'Undefined varia...', 'C:\\Users\\acer\\D...', 14, Array)
#1 C:\Users\acer\Downloads\Z-CI4 - coba\transline\app\Controllers\Kereta.php(31): App\Models\KeretaModel->getKereta('KA198F')
#2 C:\Users\acer\Downloads\Z-CI4 - coba\transline\system\CodeIgniter.php(802): App\Controllers\Kereta->detail('KA198F')
#3 C:\Users\acer\Downloads\Z-CI4 - coba\transline\system\CodeIgniter.php(399): CodeIgniter\CodeIgniter->runController(Object(App\Controllers\Kereta))
#4 C:\Users\acer\Downloads\Z-CI4 - coba\transline\system\CodeIgniter.php(317): CodeIgniter\CodeIgniter->handleRequest(NULL, Object(Config\Cache), false)
#5 C:\Users\acer\Downloads\Z-CI4 - coba\transline\public\index.php(37): CodeIgniter\CodeIgniter->run()
#6 C:\Users\acer\Downloads\Z-CI4 - coba\transline\system\Commands\Server\rewrite.php(43): require_once('C:\\Users\\acer\\D...')
#7 {main}
CRITICAL - 2021-12-18 09:13:52 --> Invalid file: kereta/detail.php
#0 C:\Users\acer\Downloads\Z-CI4 - coba\transline\system\View\View.php(198): CodeIgniter\Exceptions\FrameworkException::forInvalidFile('kereta/detail.p...')
#1 C:\Users\acer\Downloads\Z-CI4 - coba\transline\system\Common.php(1092): CodeIgniter\View\View->render('kereta/detail', Array, true)
#2 C:\Users\acer\Downloads\Z-CI4 - coba\transline\app\Controllers\Kereta.php(39): view('kereta/detail', Array)
#3 C:\Users\acer\Downloads\Z-CI4 - coba\transline\system\CodeIgniter.php(802): App\Controllers\Kereta->detail('KA198F')
#4 C:\Users\acer\Downloads\Z-CI4 - coba\transline\system\CodeIgniter.php(399): CodeIgniter\CodeIgniter->runController(Object(App\Controllers\Kereta))
#5 C:\Users\acer\Downloads\Z-CI4 - coba\transline\system\CodeIgniter.php(317): CodeIgniter\CodeIgniter->handleRequest(NULL, Object(Config\Cache), false)
#6 C:\Users\acer\Downloads\Z-CI4 - coba\transline\public\index.php(37): CodeIgniter\CodeIgniter->run()
#7 C:\Users\acer\Downloads\Z-CI4 - coba\transline\system\Commands\Server\rewrite.php(43): require_once('C:\\Users\\acer\\D...')
#8 {main}
CRITICAL - 2021-12-18 09:15:58 --> Undefined variable: k
#0 C:\Users\acer\Downloads\Z-CI4 - coba\transline\app\Views\kereta\detail.php(31): CodeIgniter\Debug\Exceptions->errorHandler(8, 'Undefined varia...', 'C:\\Users\\acer\\D...', 31, Array)
#1 C:\Users\acer\Downloads\Z-CI4 - coba\transline\system\View\View.php(214): include('C:\\Users\\acer\\D...')
#2 C:\Users\acer\Downloads\Z-CI4 - coba\transline\system\View\View.php(217): CodeIgniter\View\View->CodeIgniter\View\{closure}()
#3 C:\Users\acer\Downloads\Z-CI4 - coba\transline\system\Common.php(1092): CodeIgniter\View\View->render('kereta/detail', Array, true)
#4 C:\Users\acer\Downloads\Z-CI4 - coba\transline\app\Controllers\Kereta.php(39): view('kereta/detail', Array)
#5 C:\Users\acer\Downloads\Z-CI4 - coba\transline\system\CodeIgniter.php(802): App\Controllers\Kereta->detail('KA198F')
#6 C:\Users\acer\Downloads\Z-CI4 - coba\transline\system\CodeIgniter.php(399): CodeIgniter\CodeIgniter->runController(Object(App\Controllers\Kereta))
#7 C:\Users\acer\Downloads\Z-CI4 - coba\transline\system\CodeIgniter.php(317): CodeIgniter\CodeIgniter->handleRequest(NULL, Object(Config\Cache), false)
#8 C:\Users\acer\Downloads\Z-CI4 - coba\transline\public\index.php(37): CodeIgniter\CodeIgniter->run()
#9 C:\Users\acer\Downloads\Z-CI4 - coba\transline\system\Commands\Server\rewrite.php(43): require_once('C:\\Users\\acer\\D...')
#10 {main}
CRITICAL - 2021-12-18 09:16:49 --> Trying to get property 'id' of non-object
#0 C:\Users\acer\Downloads\Z-CI4 - coba\transline\app\Views\kereta\detail.php(31): CodeIgniter\Debug\Exceptions->errorHandler(8, 'Trying to get p...', 'C:\\Users\\acer\\D...', 31, Array)
#1 C:\Users\acer\Downloads\Z-CI4 - coba\transline\system\View\View.php(214): include('C:\\Users\\acer\\D...')
#2 C:\Users\acer\Downloads\Z-CI4 - coba\transline\system\View\View.php(217): CodeIgniter\View\View->CodeIgniter\View\{closure}()
#3 C:\Users\acer\Downloads\Z-CI4 - coba\transline\system\Common.php(1092): CodeIgniter\View\View->render('kereta/detail', Array, true)
#4 C:\Users\acer\Downloads\Z-CI4 - coba\transline\app\Controllers\Kereta.php(39): view('kereta/detail', Array)
#5 C:\Users\acer\Downloads\Z-CI4 - coba\transline\system\CodeIgniter.php(802): App\Controllers\Kereta->detail('KA198F')
#6 C:\Users\acer\Downloads\Z-CI4 - coba\transline\system\CodeIgniter.php(399): CodeIgniter\CodeIgniter->runController(Object(App\Controllers\Kereta))
#7 C:\Users\acer\Downloads\Z-CI4 - coba\transline\system\CodeIgniter.php(317): CodeIgniter\CodeIgniter->handleRequest(NULL, Object(Config\Cache), false)
#8 C:\Users\acer\Downloads\Z-CI4 - coba\transline\public\index.php(37): CodeIgniter\CodeIgniter->run()
#9 C:\Users\acer\Downloads\Z-CI4 - coba\transline\system\Commands\Server\rewrite.php(43): require_once('C:\\Users\\acer\\D...')
#10 {main}
CRITICAL - 2021-12-18 09:16:50 --> Trying to get property 'id' of non-object
#0 C:\Users\acer\Downloads\Z-CI4 - coba\transline\app\Views\kereta\detail.php(31): CodeIgniter\Debug\Exceptions->errorHandler(8, 'Trying to get p...', 'C:\\Users\\acer\\D...', 31, Array)
#1 C:\Users\acer\Downloads\Z-CI4 - coba\transline\system\View\View.php(214): include('C:\\Users\\acer\\D...')
#2 C:\Users\acer\Downloads\Z-CI4 - coba\transline\system\View\View.php(217): CodeIgniter\View\View->CodeIgniter\View\{closure}()
#3 C:\Users\acer\Downloads\Z-CI4 - coba\transline\system\Common.php(1092): CodeIgniter\View\View->render('kereta/detail', Array, true)
#4 C:\Users\acer\Downloads\Z-CI4 - coba\transline\app\Controllers\Kereta.php(39): view('kereta/detail', Array)
#5 C:\Users\acer\Downloads\Z-CI4 - coba\transline\system\CodeIgniter.php(802): App\Controllers\Kereta->detail('KA198F')
#6 C:\Users\acer\Downloads\Z-CI4 - coba\transline\system\CodeIgniter.php(399): CodeIgniter\CodeIgniter->runController(Object(App\Controllers\Kereta))
#7 C:\Users\acer\Downloads\Z-CI4 - coba\transline\system\CodeIgniter.php(317): CodeIgniter\CodeIgniter->handleRequest(NULL, Object(Config\Cache), false)
#8 C:\Users\acer\Downloads\Z-CI4 - coba\transline\public\index.php(37): CodeIgniter\CodeIgniter->run()
#9 C:\Users\acer\Downloads\Z-CI4 - coba\transline\system\Commands\Server\rewrite.php(43): require_once('C:\\Users\\acer\\D...')
#10 {main}
CRITICAL - 2021-12-18 09:16:51 --> Trying to get property 'id' of non-object
#0 C:\Users\acer\Downloads\Z-CI4 - coba\transline\app\Views\kereta\detail.php(31): CodeIgniter\Debug\Exceptions->errorHandler(8, 'Trying to get p...', 'C:\\Users\\acer\\D...', 31, Array)
#1 C:\Users\acer\Downloads\Z-CI4 - coba\transline\system\View\View.php(214): include('C:\\Users\\acer\\D...')
#2 C:\Users\acer\Downloads\Z-CI4 - coba\transline\system\View\View.php(217): CodeIgniter\View\View->CodeIgniter\View\{closure}()
#3 C:\Users\acer\Downloads\Z-CI4 - coba\transline\system\Common.php(1092): CodeIgniter\View\View->render('kereta/detail', Array, true)
#4 C:\Users\acer\Downloads\Z-CI4 - coba\transline\app\Controllers\Kereta.php(39): view('kereta/detail', Array)
#5 C:\Users\acer\Downloads\Z-CI4 - coba\transline\system\CodeIgniter.php(802): App\Controllers\Kereta->detail('KA198F')
#6 C:\Users\acer\Downloads\Z-CI4 - coba\transline\system\CodeIgniter.php(399): CodeIgniter\CodeIgniter->runController(Object(App\Controllers\Kereta))
#7 C:\Users\acer\Downloads\Z-CI4 - coba\transline\system\CodeIgniter.php(317): CodeIgniter\CodeIgniter->handleRequest(NULL, Object(Config\Cache), false)
#8 C:\Users\acer\Downloads\Z-CI4 - coba\transline\public\index.php(37): CodeIgniter\CodeIgniter->run()
#9 C:\Users\acer\Downloads\Z-CI4 - coba\transline\system\Commands\Server\rewrite.php(43): require_once('C:\\Users\\acer\\D...')
#10 {main}
CRITICAL - 2021-12-18 09:16:51 --> Trying to get property 'id' of non-object
#0 C:\Users\acer\Downloads\Z-CI4 - coba\transline\app\Views\kereta\detail.php(31): CodeIgniter\Debug\Exceptions->errorHandler(8, 'Trying to get p...', 'C:\\Users\\acer\\D...', 31, Array)
#1 C:\Users\acer\Downloads\Z-CI4 - coba\transline\system\View\View.php(214): include('C:\\Users\\acer\\D...')
#2 C:\Users\acer\Downloads\Z-CI4 - coba\transline\system\View\View.php(217): CodeIgniter\View\View->CodeIgniter\View\{closure}()
#3 C:\Users\acer\Downloads\Z-CI4 - coba\transline\system\Common.php(1092): CodeIgniter\View\View->render('kereta/detail', Array, true)
#4 C:\Users\acer\Downloads\Z-CI4 - coba\transline\app\Controllers\Kereta.php(39): view('kereta/detail', Array)
#5 C:\Users\acer\Downloads\Z-CI4 - coba\transline\system\CodeIgniter.php(802): App\Controllers\Kereta->detail('KA198F')
#6 C:\Users\acer\Downloads\Z-CI4 - coba\transline\system\CodeIgniter.php(399): CodeIgniter\CodeIgniter->runController(Object(App\Controllers\Kereta))
#7 C:\Users\acer\Downloads\Z-CI4 - coba\transline\system\CodeIgniter.php(317): CodeIgniter\CodeIgniter->handleRequest(NULL, Object(Config\Cache), false)
#8 C:\Users\acer\Downloads\Z-CI4 - coba\transline\public\index.php(37): CodeIgniter\CodeIgniter->run()
#9 C:\Users\acer\Downloads\Z-CI4 - coba\transline\system\Commands\Server\rewrite.php(43): require_once('C:\\Users\\acer\\D...')
#10 {main}
CRITICAL - 2021-12-18 09:16:52 --> Trying to get property 'id' of non-object
#0 C:\Users\acer\Downloads\Z-CI4 - coba\transline\app\Views\kereta\detail.php(31): CodeIgniter\Debug\Exceptions->errorHandler(8, 'Trying to get p...', 'C:\\Users\\acer\\D...', 31, Array)
#1 C:\Users\acer\Downloads\Z-CI4 - coba\transline\system\View\View.php(214): include('C:\\Users\\acer\\D...')
#2 C:\Users\acer\Downloads\Z-CI4 - coba\transline\system\View\View.php(217): CodeIgniter\View\View->CodeIgniter\View\{closure}()
#3 C:\Users\acer\Downloads\Z-CI4 - coba\transline\system\Common.php(1092): CodeIgniter\View\View->render('kereta/detail', Array, true)
#4 C:\Users\acer\Downloads\Z-CI4 - coba\transline\app\Controllers\Kereta.php(39): view('kereta/detail', Array)
#5 C:\Users\acer\Downloads\Z-CI4 - coba\transline\system\CodeIgniter.php(802): App\Controllers\Kereta->detail('KA198F')
#6 C:\Users\acer\Downloads\Z-CI4 - coba\transline\system\CodeIgniter.php(399): CodeIgniter\CodeIgniter->runController(Object(App\Controllers\Kereta))
#7 C:\Users\acer\Downloads\Z-CI4 - coba\transline\system\CodeIgniter.php(317): CodeIgniter\CodeIgniter->handleRequest(NULL, Object(Config\Cache), false)
#8 C:\Users\acer\Downloads\Z-CI4 - coba\transline\public\index.php(37): CodeIgniter\CodeIgniter->run()
#9 C:\Users\acer\Downloads\Z-CI4 - coba\transline\system\Commands\Server\rewrite.php(43): require_once('C:\\Users\\acer\\D...')
#10 {main}
CRITICAL - 2021-12-18 09:17:58 --> Trying to get property 'id' of non-object
#0 C:\Users\acer\Downloads\Z-CI4 - coba\transline\app\Views\kereta\detail.php(38): CodeIgniter\Debug\Exceptions->errorHandler(8, 'Trying to get p...', 'C:\\Users\\acer\\D...', 38, Array)
#1 C:\Users\acer\Downloads\Z-CI4 - coba\transline\system\View\View.php(214): include('C:\\Users\\acer\\D...')
#2 C:\Users\acer\Downloads\Z-CI4 - coba\transline\system\View\View.php(217): CodeIgniter\View\View->CodeIgniter\View\{closure}()
#3 C:\Users\acer\Downloads\Z-CI4 - coba\transline\system\Common.php(1092): CodeIgniter\View\View->render('kereta/detail', Array, true)
#4 C:\Users\acer\Downloads\Z-CI4 - coba\transline\app\Controllers\Kereta.php(39): view('kereta/detail', Array)
#5 C:\Users\acer\Downloads\Z-CI4 - coba\transline\system\CodeIgniter.php(802): App\Controllers\Kereta->detail('KA198F')
#6 C:\Users\acer\Downloads\Z-CI4 - coba\transline\system\CodeIgniter.php(399): CodeIgniter\CodeIgniter->runController(Object(App\Controllers\Kereta))
#7 C:\Users\acer\Downloads\Z-CI4 - coba\transline\system\CodeIgniter.php(317): CodeIgniter\CodeIgniter->handleRequest(NULL, Object(Config\Cache), false)
#8 C:\Users\acer\Downloads\Z-CI4 - coba\transline\public\index.php(37): CodeIgniter\CodeIgniter->run()
#9 C:\Users\acer\Downloads\Z-CI4 - coba\transline\system\Commands\Server\rewrite.php(43): require_once('C:\\Users\\acer\\D...')
#10 {main}
CRITICAL - 2021-12-18 09:18:34 --> Undefined variable: tiket
#0 C:\Users\acer\Downloads\Z-CI4 - coba\transline\app\Views\kereta\detail.php(38): CodeIgniter\Debug\Exceptions->errorHandler(8, 'Undefined varia...', 'C:\\Users\\acer\\D...', 38, Array)
#1 C:\Users\acer\Downloads\Z-CI4 - coba\transline\system\View\View.php(214): include('C:\\Users\\acer\\D...')
#2 C:\Users\acer\Downloads\Z-CI4 - coba\transline\system\View\View.php(217): CodeIgniter\View\View->CodeIgniter\View\{closure}()
#3 C:\Users\acer\Downloads\Z-CI4 - coba\transline\system\Common.php(1092): CodeIgniter\View\View->render('kereta/detail', Array, true)
#4 C:\Users\acer\Downloads\Z-CI4 - coba\transline\app\Controllers\Kereta.php(39): view('kereta/detail', Array)
#5 C:\Users\acer\Downloads\Z-CI4 - coba\transline\system\CodeIgniter.php(802): App\Controllers\Kereta->detail('KA198F')
#6 C:\Users\acer\Downloads\Z-CI4 - coba\transline\system\CodeIgniter.php(399): CodeIgniter\CodeIgniter->runController(Object(App\Controllers\Kereta))
#7 C:\Users\acer\Downloads\Z-CI4 - coba\transline\system\CodeIgniter.php(317): CodeIgniter\CodeIgniter->handleRequest(NULL, Object(Config\Cache), false)
#8 C:\Users\acer\Downloads\Z-CI4 - coba\transline\public\index.php(37): CodeIgniter\CodeIgniter->run()
#9 C:\Users\acer\Downloads\Z-CI4 - coba\transline\system\Commands\Server\rewrite.php(43): require_once('C:\\Users\\acer\\D...')
#10 {main}
CRITICAL - 2021-12-18 09:18:36 --> Undefined variable: tiket
#0 C:\Users\acer\Downloads\Z-CI4 - coba\transline\app\Views\kereta\detail.php(38): CodeIgniter\Debug\Exceptions->errorHandler(8, 'Undefined varia...', 'C:\\Users\\acer\\D...', 38, Array)
#1 C:\Users\acer\Downloads\Z-CI4 - coba\transline\system\View\View.php(214): include('C:\\Users\\acer\\D...')
#2 C:\Users\acer\Downloads\Z-CI4 - coba\transline\system\View\View.php(217): CodeIgniter\View\View->CodeIgniter\View\{closure}()
#3 C:\Users\acer\Downloads\Z-CI4 - coba\transline\system\Common.php(1092): CodeIgniter\View\View->render('kereta/detail', Array, true)
#4 C:\Users\acer\Downloads\Z-CI4 - coba\transline\app\Controllers\Kereta.php(39): view('kereta/detail', Array)
#5 C:\Users\acer\Downloads\Z-CI4 - coba\transline\system\CodeIgniter.php(802): App\Controllers\Kereta->detail('KA198F')
#6 C:\Users\acer\Downloads\Z-CI4 - coba\transline\system\CodeIgniter.php(399): CodeIgniter\CodeIgniter->runController(Object(App\Controllers\Kereta))
#7 C:\Users\acer\Downloads\Z-CI4 - coba\transline\system\CodeIgniter.php(317): CodeIgniter\CodeIgniter->handleRequest(NULL, Object(Config\Cache), false)
#8 C:\Users\acer\Downloads\Z-CI4 - coba\transline\public\index.php(37): CodeIgniter\CodeIgniter->run()
#9 C:\Users\acer\Downloads\Z-CI4 - coba\transline\system\Commands\Server\rewrite.php(43): require_once('C:\\Users\\acer\\D...')
#10 {main}
CRITICAL - 2021-12-18 09:18:36 --> Undefined variable: tiket
#0 C:\Users\acer\Downloads\Z-CI4 - coba\transline\app\Views\kereta\detail.php(38): CodeIgniter\Debug\Exceptions->errorHandler(8, 'Undefined varia...', 'C:\\Users\\acer\\D...', 38, Array)
#1 C:\Users\acer\Downloads\Z-CI4 - coba\transline\system\View\View.php(214): include('C:\\Users\\acer\\D...')
#2 C:\Users\acer\Downloads\Z-CI4 - coba\transline\system\View\View.php(217): CodeIgniter\View\View->CodeIgniter\View\{closure}()
#3 C:\Users\acer\Downloads\Z-CI4 - coba\transline\system\Common.php(1092): CodeIgniter\View\View->render('kereta/detail', Array, true)
#4 C:\Users\acer\Downloads\Z-CI4 - coba\transline\app\Controllers\Kereta.php(39): view('kereta/detail', Array)
#5 C:\Users\acer\Downloads\Z-CI4 - coba\transline\system\CodeIgniter.php(802): App\Controllers\Kereta->detail('KA198F')
#6 C:\Users\acer\Downloads\Z-CI4 - coba\transline\system\CodeIgniter.php(399): CodeIgniter\CodeIgniter->runController(Object(App\Controllers\Kereta))
#7 C:\Users\acer\Downloads\Z-CI4 - coba\transline\system\CodeIgniter.php(317): CodeIgniter\CodeIgniter->handleRequest(NULL, Object(Config\Cache), false)
#8 C:\Users\acer\Downloads\Z-CI4 - coba\transline\public\index.php(37): CodeIgniter\CodeIgniter->run()
#9 C:\Users\acer\Downloads\Z-CI4 - coba\transline\system\Commands\Server\rewrite.php(43): require_once('C:\\Users\\acer\\D...')
#10 {main}
CRITICAL - 2021-12-18 09:18:37 --> Undefined variable: tiket
#0 C:\Users\acer\Downloads\Z-CI4 - coba\transline\app\Views\kereta\detail.php(38): CodeIgniter\Debug\Exceptions->errorHandler(8, 'Undefined varia...', 'C:\\Users\\acer\\D...', 38, Array)
#1 C:\Users\acer\Downloads\Z-CI4 - coba\transline\system\View\View.php(214): include('C:\\Users\\acer\\D...')
#2 C:\Users\acer\Downloads\Z-CI4 - coba\transline\system\View\View.php(217): CodeIgniter\View\View->CodeIgniter\View\{closure}()
#3 C:\Users\acer\Downloads\Z-CI4 - coba\transline\system\Common.php(1092): CodeIgniter\View\View->render('kereta/detail', Array, true)
#4 C:\Users\acer\Downloads\Z-CI4 - coba\transline\app\Controllers\Kereta.php(39): view('kereta/detail', Array)
#5 C:\Users\acer\Downloads\Z-CI4 - coba\transline\system\CodeIgniter.php(802): App\Controllers\Kereta->detail('KA198F')
#6 C:\Users\acer\Downloads\Z-CI4 - coba\transline\system\CodeIgniter.php(399): CodeIgniter\CodeIgniter->runController(Object(App\Controllers\Kereta))
#7 C:\Users\acer\Downloads\Z-CI4 - coba\transline\system\CodeIgniter.php(317): CodeIgniter\CodeIgniter->handleRequest(NULL, Object(Config\Cache), false)
#8 C:\Users\acer\Downloads\Z-CI4 - coba\transline\public\index.php(37): CodeIgniter\CodeIgniter->run()
#9 C:\Users\acer\Downloads\Z-CI4 - coba\transline\system\Commands\Server\rewrite.php(43): require_once('C:\\Users\\acer\\D...')
#10 {main}
CRITICAL - 2021-12-18 09:18:43 --> Undefined index: kode_kereta
#0 C:\Users\acer\Downloads\Z-CI4 - coba\transline\app\Views\kereta\detail.php(38): CodeIgniter\Debug\Exceptions->errorHandler(8, 'Undefined index...', 'C:\\Users\\acer\\D...', 38, Array)
#1 C:\Users\acer\Downloads\Z-CI4 - coba\transline\system\View\View.php(214): include('C:\\Users\\acer\\D...')
#2 C:\Users\acer\Downloads\Z-CI4 - coba\transline\system\View\View.php(217): CodeIgniter\View\View->CodeIgniter\View\{closure}()
#3 C:\Users\acer\Downloads\Z-CI4 - coba\transline\system\Common.php(1092): CodeIgniter\View\View->render('kereta/detail', Array, true)
#4 C:\Users\acer\Downloads\Z-CI4 - coba\transline\app\Controllers\Kereta.php(39): view('kereta/detail', Array)
#5 C:\Users\acer\Downloads\Z-CI4 - coba\transline\system\CodeIgniter.php(802): App\Controllers\Kereta->detail('KA198F')
#6 C:\Users\acer\Downloads\Z-CI4 - coba\transline\system\CodeIgniter.php(399): CodeIgniter\CodeIgniter->runController(Object(App\Controllers\Kereta))
#7 C:\Users\acer\Downloads\Z-CI4 - coba\transline\system\CodeIgniter.php(317): CodeIgniter\CodeIgniter->handleRequest(NULL, Object(Config\Cache), false)
#8 C:\Users\acer\Downloads\Z-CI4 - coba\transline\public\index.php(37): CodeIgniter\CodeIgniter->run()
#9 C:\Users\acer\Downloads\Z-CI4 - coba\transline\system\Commands\Server\rewrite.php(43): require_once('C:\\Users\\acer\\D...')
#10 {main}
CRITICAL - 2021-12-18 09:22:23 --> Argument 1 passed to CodeIgniter\Database\BaseBuilder::get() must be of the type int or null, string given, called in C:\Users\acer\Downloads\Z-CI4 - coba\transline\system\Model.php on line 720
#0 C:\Users\acer\Downloads\Z-CI4 - coba\transline\system\Model.php(720): CodeIgniter\Database\BaseBuilder->get('KA198F')
#1 C:\Users\acer\Downloads\Z-CI4 - coba\transline\app\Controllers\Kereta.php(139): CodeIgniter\Model->__call('get', Array)
#2 C:\Users\acer\Downloads\Z-CI4 - coba\transline\system\CodeIgniter.php(802): App\Controllers\Kereta->edit('KA198F')
#3 C:\Users\acer\Downloads\Z-CI4 - coba\transline\system\CodeIgniter.php(399): CodeIgniter\CodeIgniter->runController(Object(App\Controllers\Kereta))
#4 C:\Users\acer\Downloads\Z-CI4 - coba\transline\system\CodeIgniter.php(317): CodeIgniter\CodeIgniter->handleRequest(NULL, Object(Config\Cache), false)
#5 C:\Users\acer\Downloads\Z-CI4 - coba\transline\public\index.php(37): CodeIgniter\CodeIgniter->run()
#6 C:\Users\acer\Downloads\Z-CI4 - coba\transline\system\Commands\Server\rewrite.php(43): require_once('C:\\Users\\acer\\D...')
#7 {main}
CRITICAL - 2021-12-18 09:40:48 --> Argument 1 passed to CodeIgniter\Database\BaseBuilder::get() must be of the type int or null, string given, called in C:\Users\acer\Downloads\Z-CI4 - coba\transline\system\Model.php on line 720
#0 C:\Users\acer\Downloads\Z-CI4 - coba\transline\system\Model.php(720): CodeIgniter\Database\BaseBuilder->get('KA198F')
#1 C:\Users\acer\Downloads\Z-CI4 - coba\transline\app\Controllers\Kereta.php(139): CodeIgniter\Model->__call('get', Array)
#2 C:\Users\acer\Downloads\Z-CI4 - coba\transline\system\CodeIgniter.php(802): App\Controllers\Kereta->edit('KA198F')
#3 C:\Users\acer\Downloads\Z-CI4 - coba\transline\system\CodeIgniter.php(399): CodeIgniter\CodeIgniter->runController(Object(App\Controllers\Kereta))
#4 C:\Users\acer\Downloads\Z-CI4 - coba\transline\system\CodeIgniter.php(317): CodeIgniter\CodeIgniter->handleRequest(NULL, Object(Config\Cache), false)
#5 C:\Users\acer\Downloads\Z-CI4 - coba\transline\public\index.php(37): CodeIgniter\CodeIgniter->run()
#6 C:\Users\acer\Downloads\Z-CI4 - coba\transline\system\Commands\Server\rewrite.php(43): require_once('C:\\Users\\acer\\D...')
#7 {main}
CRITICAL - 2021-12-18 09:42:41 --> Invalid file: kereta/edit.php
#0 C:\Users\acer\Downloads\Z-CI4 - coba\transline\system\View\View.php(198): CodeIgniter\Exceptions\FrameworkException::forInvalidFile('kereta/edit.php')
#1 C:\Users\acer\Downloads\Z-CI4 - coba\transline\system\Common.php(1092): CodeIgniter\View\View->render('kereta/edit', Array, true)
#2 C:\Users\acer\Downloads\Z-CI4 - coba\transline\app\Controllers\Kereta.php(142): view('kereta/edit', Array)
#3 C:\Users\acer\Downloads\Z-CI4 - coba\transline\system\CodeIgniter.php(802): App\Controllers\Kereta->edit('3')
#4 C:\Users\acer\Downloads\Z-CI4 - coba\transline\system\CodeIgniter.php(399): CodeIgniter\CodeIgniter->runController(Object(App\Controllers\Kereta))
#5 C:\Users\acer\Downloads\Z-CI4 - coba\transline\system\CodeIgniter.php(317): CodeIgniter\CodeIgniter->handleRequest(NULL, Object(Config\Cache), false)
#6 C:\Users\acer\Downloads\Z-CI4 - coba\transline\public\index.php(37): CodeIgniter\CodeIgniter->run()
#7 C:\Users\acer\Downloads\Z-CI4 - coba\transline\system\Commands\Server\rewrite.php(43): require_once('C:\\Users\\acer\\D...')
#8 {main}
CRITICAL - 2021-12-18 09:46:03 --> Cannot use object of type CodeIgniter\Database\MySQLi\Result as array
#0 C:\Users\acer\Downloads\Z-CI4 - coba\transline\system\View\View.php(214): include()
#1 C:\Users\acer\Downloads\Z-CI4 - coba\transline\system\View\View.php(217): CodeIgniter\View\View->CodeIgniter\View\{closure}()
#2 C:\Users\acer\Downloads\Z-CI4 - coba\transline\system\Common.php(1092): CodeIgniter\View\View->render('kereta/edit', Array, true)
#3 C:\Users\acer\Downloads\Z-CI4 - coba\transline\app\Controllers\Kereta.php(142): view('kereta/edit', Array)
#4 C:\Users\acer\Downloads\Z-CI4 - coba\transline\system\CodeIgniter.php(802): App\Controllers\Kereta->edit('3')
#5 C:\Users\acer\Downloads\Z-CI4 - coba\transline\system\CodeIgniter.php(399): CodeIgniter\CodeIgniter->runController(Object(App\Controllers\Kereta))
#6 C:\Users\acer\Downloads\Z-CI4 - coba\transline\system\CodeIgniter.php(317): CodeIgniter\CodeIgniter->handleRequest(NULL, Object(Config\Cache), false)
#7 C:\Users\acer\Downloads\Z-CI4 - coba\transline\public\index.php(37): CodeIgniter\CodeIgniter->run()
#8 C:\Users\acer\Downloads\Z-CI4 - coba\transline\system\Commands\Server\rewrite.php(43): require_once('C:\\Users\\acer\\D...')
#9 {main}
CRITICAL - 2021-12-18 09:48:28 --> Cannot use object of type CodeIgniter\Database\MySQLi\Result as array
#0 C:\Users\acer\Downloads\Z-CI4 - coba\transline\system\View\View.php(214): include()
#1 C:\Users\acer\Downloads\Z-CI4 - coba\transline\system\View\View.php(217): CodeIgniter\View\View->CodeIgniter\View\{closure}()
#2 C:\Users\acer\Downloads\Z-CI4 - coba\transline\system\Common.php(1092): CodeIgniter\View\View->render('kereta/edit', Array, true)
#3 C:\Users\acer\Downloads\Z-CI4 - coba\transline\app\Controllers\Kereta.php(142): view('kereta/edit', Array)
#4 C:\Users\acer\Downloads\Z-CI4 - coba\transline\system\CodeIgniter.php(802): App\Controllers\Kereta->edit('3')
#5 C:\Users\acer\Downloads\Z-CI4 - coba\transline\system\CodeIgniter.php(399): CodeIgniter\CodeIgniter->runController(Object(App\Controllers\Kereta))
#6 C:\Users\acer\Downloads\Z-CI4 - coba\transline\system\CodeIgniter.php(317): CodeIgniter\CodeIgniter->handleRequest(NULL, Object(Config\Cache), false)
#7 C:\Users\acer\Downloads\Z-CI4 - coba\transline\public\index.php(37): CodeIgniter\CodeIgniter->run()
#8 C:\Users\acer\Downloads\Z-CI4 - coba\transline\system\Commands\Server\rewrite.php(43): require_once('C:\\Users\\acer\\D...')
#9 {main}
CRITICAL - 2021-12-18 09:50:58 --> Cannot use object of type CodeIgniter\Database\MySQLi\Result as array
#0 C:\Users\acer\Downloads\Z-CI4 - coba\transline\system\View\View.php(214): include()
#1 C:\Users\acer\Downloads\Z-CI4 - coba\transline\system\View\View.php(217): CodeIgniter\View\View->CodeIgniter\View\{closure}()
#2 C:\Users\acer\Downloads\Z-CI4 - coba\transline\system\Common.php(1092): CodeIgniter\View\View->render('kereta/edit', Array, true)
#3 C:\Users\acer\Downloads\Z-CI4 - coba\transline\app\Controllers\Kereta.php(142): view('kereta/edit', Array)
#4 C:\Users\acer\Downloads\Z-CI4 - coba\transline\system\CodeIgniter.php(802): App\Controllers\Kereta->edit('3')
#5 C:\Users\acer\Downloads\Z-CI4 - coba\transline\system\CodeIgniter.php(399): CodeIgniter\CodeIgniter->runController(Object(App\Controllers\Kereta))
#6 C:\Users\acer\Downloads\Z-CI4 - coba\transline\system\CodeIgniter.php(317): CodeIgniter\CodeIgniter->handleRequest(NULL, Object(Config\Cache), false)
#7 C:\Users\acer\Downloads\Z-CI4 - coba\transline\public\index.php(37): CodeIgniter\CodeIgniter->run()
#8 C:\Users\acer\Downloads\Z-CI4 - coba\transline\system\Commands\Server\rewrite.php(43): require_once('C:\\Users\\acer\\D...')
#9 {main}
CRITICAL - 2021-12-18 09:52:21 --> Undefined variable: tiket
#0 C:\Users\acer\Downloads\Z-CI4 - coba\transline\app\Views\kereta\edit.php(25): CodeIgniter\Debug\Exceptions->errorHandler(8, 'Undefined varia...', 'C:\\Users\\acer\\D...', 25, Array)
#1 C:\Users\acer\Downloads\Z-CI4 - coba\transline\system\View\View.php(214): include('C:\\Users\\acer\\D...')
#2 C:\Users\acer\Downloads\Z-CI4 - coba\transline\system\View\View.php(217): CodeIgniter\View\View->CodeIgniter\View\{closure}()
#3 C:\Users\acer\Downloads\Z-CI4 - coba\transline\system\Common.php(1092): CodeIgniter\View\View->render('kereta/edit', Array, true)
#4 C:\Users\acer\Downloads\Z-CI4 - coba\transline\app\Controllers\Kereta.php(142): view('kereta/edit', Array)
#5 C:\Users\acer\Downloads\Z-CI4 - coba\transline\system\CodeIgniter.php(802): App\Controllers\Kereta->edit('3')
#6 C:\Users\acer\Downloads\Z-CI4 - coba\transline\system\CodeIgniter.php(399): CodeIgniter\CodeIgniter->runController(Object(App\Controllers\Kereta))
#7 C:\Users\acer\Downloads\Z-CI4 - coba\transline\system\CodeIgniter.php(317): CodeIgniter\CodeIgniter->handleRequest(NULL, Object(Config\Cache), false)
#8 C:\Users\acer\Downloads\Z-CI4 - coba\transline\public\index.php(37): CodeIgniter\CodeIgniter->run()
#9 C:\Users\acer\Downloads\Z-CI4 - coba\transline\system\Commands\Server\rewrite.php(43): require_once('C:\\Users\\acer\\D...')
#10 {main}
ERROR - 2021-12-18 10:01:38 --> Duplicate entry '' for key 'PRIMARY'
CRITICAL - 2021-12-18 10:01:38 --> Duplicate entry '' for key 'PRIMARY'
#0 C:\Users\acer\Downloads\Z-CI4 - coba\transline\system\Database\MySQLi\Connection.php(280): mysqli->query('INSERT INTO `ke...')
#1 C:\Users\acer\Downloads\Z-CI4 - coba\transline\system\Database\BaseConnection.php(663): CodeIgniter\Database\MySQLi\Connection->execute('INSERT INTO `ke...')
#2 C:\Users\acer\Downloads\Z-CI4 - coba\transline\system\Database\BaseConnection.php(591): CodeIgniter\Database\BaseConnection->simpleQuery('INSERT INTO `ke...')
#3 C:\Users\acer\Downloads\Z-CI4 - coba\transline\system\Database\BaseBuilder.php(1733): CodeIgniter\Database\BaseConnection->query('INSERT INTO `ke...', Array, false)
#4 C:\Users\acer\Downloads\Z-CI4 - coba\transline\system\Model.php(239): CodeIgniter\Database\BaseBuilder->insert()
#5 C:\Users\acer\Downloads\Z-CI4 - coba\transline\system\BaseModel.php(738): CodeIgniter\Model->doInsert(Array)
#6 C:\Users\acer\Downloads\Z-CI4 - coba\transline\system\Model.php(620): CodeIgniter\BaseModel->insert(Array, false)
#7 C:\Users\acer\Downloads\Z-CI4 - coba\transline\system\BaseModel.php(658): CodeIgniter\Model->insert(Array, false)
#8 C:\Users\acer\Downloads\Z-CI4 - coba\transline\app\Controllers\Kereta.php(105): CodeIgniter\BaseModel->save(Array)
#9 C:\Users\acer\Downloads\Z-CI4 - coba\transline\system\CodeIgniter.php(802): App\Controllers\Kereta->save()
#10 C:\Users\acer\Downloads\Z-CI4 - coba\transline\system\CodeIgniter.php(399): CodeIgniter\CodeIgniter->runController(Object(App\Controllers\Kereta))
#11 C:\Users\acer\Downloads\Z-CI4 - coba\transline\system\CodeIgniter.php(317): CodeIgniter\CodeIgniter->handleRequest(NULL, Object(Config\Cache), false)
#12 C:\Users\acer\Downloads\Z-CI4 - coba\transline\public\index.php(37): CodeIgniter\CodeIgniter->run()
#13 C:\Users\acer\Downloads\Z-CI4 - coba\transline\system\Commands\Server\rewrite.php(43): require_once('C:\\Users\\acer\\D...')
#14 {main}
CRITICAL - 2021-12-18 11:34:24 --> Undefined property: stdClass::$jadwal
#0 C:\Users\acer\Downloads\Z-CI4 - coba\transline\app\Views\kereta\index.php(41): CodeIgniter\Debug\Exceptions->errorHandler(8, 'Undefined prope...', 'C:\\Users\\acer\\D...', 41, Array)
#1 C:\Users\acer\Downloads\Z-CI4 - coba\transline\system\View\View.php(214): include('C:\\Users\\acer\\D...')
#2 C:\Users\acer\Downloads\Z-CI4 - coba\transline\system\View\View.php(217): CodeIgniter\View\View->CodeIgniter\View\{closure}()
#3 C:\Users\acer\Downloads\Z-CI4 - coba\transline\system\Common.php(1092): CodeIgniter\View\View->render('kereta/index', Array, true)
#4 C:\Users\acer\Downloads\Z-CI4 - coba\transline\app\Controllers\Kereta.php(23): view('kereta/index', Array)
#5 C:\Users\acer\Downloads\Z-CI4 - coba\transline\system\CodeIgniter.php(802): App\Controllers\Kereta->index()
#6 C:\Users\acer\Downloads\Z-CI4 - coba\transline\system\CodeIgniter.php(399): CodeIgniter\CodeIgniter->runController(Object(App\Controllers\Kereta))
#7 C:\Users\acer\Downloads\Z-CI4 - coba\transline\system\CodeIgniter.php(317): CodeIgniter\CodeIgniter->handleRequest(NULL, Object(Config\Cache), false)
#8 C:\Users\acer\Downloads\Z-CI4 - coba\transline\public\index.php(37): CodeIgniter\CodeIgniter->run()
#9 C:\Users\acer\Downloads\Z-CI4 - coba\transline\system\Commands\Server\rewrite.php(43): require_once('C:\\Users\\acer\\D...')
#10 {main}
ERROR - 2021-12-18 11:35:32 --> Duplicate entry '' for key 'kode_kereta'
CRITICAL - 2021-12-18 11:35:32 --> Duplicate entry '' for key 'kode_kereta'
#0 C:\Users\acer\Downloads\Z-CI4 - coba\transline\system\Database\MySQLi\Connection.php(280): mysqli->query('INSERT INTO `ke...')
#1 C:\Users\acer\Downloads\Z-CI4 - coba\transline\system\Database\BaseConnection.php(663): CodeIgniter\Database\MySQLi\Connection->execute('INSERT INTO `ke...')
#2 C:\Users\acer\Downloads\Z-CI4 - coba\transline\system\Database\BaseConnection.php(591): CodeIgniter\Database\BaseConnection->simpleQuery('INSERT INTO `ke...')
#3 C:\Users\acer\Downloads\Z-CI4 - coba\transline\system\Database\BaseBuilder.php(1733): CodeIgniter\Database\BaseConnection->query('INSERT INTO `ke...', Array, false)
#4 C:\Users\acer\Downloads\Z-CI4 - coba\transline\system\Model.php(239): CodeIgniter\Database\BaseBuilder->insert()
#5 C:\Users\acer\Downloads\Z-CI4 - coba\transline\system\BaseModel.php(738): CodeIgniter\Model->doInsert(Array)
#6 C:\Users\acer\Downloads\Z-CI4 - coba\transline\system\Model.php(620): CodeIgniter\BaseModel->insert(Array, false)
#7 C:\Users\acer\Downloads\Z-CI4 - coba\transline\system\BaseModel.php(658): CodeIgniter\Model->insert(Array, false)
#8 C:\Users\acer\Downloads\Z-CI4 - coba\transline\app\Controllers\Kereta.php(99): CodeIgniter\BaseModel->save(Array)
#9 C:\Users\acer\Downloads\Z-CI4 - coba\transline\system\CodeIgniter.php(802): App\Controllers\Kereta->save()
#10 C:\Users\acer\Downloads\Z-CI4 - coba\transline\system\CodeIgniter.php(399): CodeIgniter\CodeIgniter->runController(Object(App\Controllers\Kereta))
#11 C:\Users\acer\Downloads\Z-CI4 - coba\transline\system\CodeIgniter.php(317): CodeIgniter\CodeIgniter->handleRequest(NULL, Object(Config\Cache), false)
#12 C:\Users\acer\Downloads\Z-CI4 - coba\transline\public\index.php(37): CodeIgniter\CodeIgniter->run()
#13 C:\Users\acer\Downloads\Z-CI4 - coba\transline\system\Commands\Server\rewrite.php(43): require_once('C:\\Users\\acer\\D...')
#14 {main}
CRITICAL - 2021-12-18 12:01:58 --> Undefined index: jadwal
#0 C:\Users\acer\Downloads\Z-CI4 - coba\transline\app\Views\kereta\edit.php(49): CodeIgniter\Debug\Exceptions->errorHandler(8, 'Undefined index...', 'C:\\Users\\acer\\D...', 49, Array)
#1 C:\Users\acer\Downloads\Z-CI4 - coba\transline\system\View\View.php(214): include('C:\\Users\\acer\\D...')
#2 C:\Users\acer\Downloads\Z-CI4 - coba\transline\system\View\View.php(217): CodeIgniter\View\View->CodeIgniter\View\{closure}()
#3 C:\Users\acer\Downloads\Z-CI4 - coba\transline\system\Common.php(1092): CodeIgniter\View\View->render('kereta/edit', Array, true)
#4 C:\Users\acer\Downloads\Z-CI4 - coba\transline\app\Controllers\Kereta.php(135): view('kereta/edit', Array)
#5 C:\Users\acer\Downloads\Z-CI4 - coba\transline\system\CodeIgniter.php(802): App\Controllers\Kereta->edit('10')
#6 C:\Users\acer\Downloads\Z-CI4 - coba\transline\system\CodeIgniter.php(399): CodeIgniter\CodeIgniter->runController(Object(App\Controllers\Kereta))
#7 C:\Users\acer\Downloads\Z-CI4 - coba\transline\system\CodeIgniter.php(317): CodeIgniter\CodeIgniter->handleRequest(NULL, Object(Config\Cache), false)
#8 C:\Users\acer\Downloads\Z-CI4 - coba\transline\public\index.php(37): CodeIgniter\CodeIgniter->run()
#9 C:\Users\acer\Downloads\Z-CI4 - coba\transline\system\Commands\Server\rewrite.php(43): require_once('C:\\Users\\acer\\D...')
#10 {main}
